"C:\Development\Git\MGS2-PS2-Textures\d - substance\r_vr_r\5b8fbe463992fbec-dc050162eb67a64e-r48x16-00001dd4.png"|<"mgs2/base textures/" /<006897ed|006897ed_b5a6bb72c760a236a2c84a220920037b|006997ed>.png>
"C:\Development\Git\MGS2-PS2-Textures\d - substance\r_vr_r\e2b41106ddc8c9c0-e3d69b5fb20a006a-r48x8-00001dd4.png"|<"mgs2/base textures/" /<002e7dde|006797ed|006797ed_78cb3fd6e3dcae58893fa3ca96da3211|ngl_f.bmp>.png>
"C:\Development\Git\MGS2-PS2-Textures\d - substance\sp01a\1e75b0f1cc6719b4-7a51600afefc9ff-r32x24-00002a54.png"|<"mgs2/base textures/" /<sp01a_sdw03k_alp_ovl.bmp|sp01a_sdw03l_alp_ovl.bmp|sp01a_sdw03o_alp_ovl.bmp|sp01a_sdw03p_alp_ovl.bmp>.png>
"C:\Development\Git\MGS2-PS2-Textures\d - substance\sp01a\2696d14fc5ff3125-d007483aef2fa02d-r64x56-00002a54.png"|<"mgs2/base textures/" /<sp01a_sdw03_alp_ovl.bmp>.png>
"C:\Development\Git\MGS2-PS2-Textures\d - substance\sp01a\3784059b8d07ad8f-bef2de443c0a410c-r64x160-00002a54.png"|<"mgs2/base textures/" /<sp01a_sdw03m_alp_ovl.bmp|sp01a_sdw03n_alp_ovl.bmp|sp01a_sdw04b_alp_ovl.bmp>.png>
"C:\Development\Git\MGS2-PS2-Textures\d - substance\sp01a\4b8f64ad3e44f5b1-a9a756dab75b689e-r192x144-00002a54.png"|<"mgs2/base textures/" /<sp01a_sdw02e_alp_ovl.bmp>.png>
"C:\Development\Git\MGS2-PS2-Textures\d - substance\sp01a\5173bc10c4f5f6ba-1413a86e11a686da-r40x72-00002a54.png"|<"mgs2/base textures/" /<sp01a_sdw04a_alp_ovl.bmp>.png>
"C:\Development\Git\MGS2-PS2-Textures\d - substance\sp01a\51913ff92536d80-217ae0d4b09271b4-r96x192-00002a54.png"|<"mgs2/base textures/" /<sp01a_sdw00c_alp_ovl.bmp>.png>
"C:\Development\Git\MGS2-PS2-Textures\d - substance\sp01a\52378c6b430c4f41-19f4bb2bdd7c8605-r128x224-00002a54.png"|<"mgs2/base textures/" /<sp01a_sdw01_alp_ovl.bmp>.png>
"C:\Development\Git\MGS2-PS2-Textures\d - substance\sp01a\5c718a3492960633-2d0aa3f800a89781-r96x24-00002a54.png"|<"mgs2/base textures/" /<sp01a_sdw02a_alp_ovl.bmp|sp01a_sdw03b_alp_ovl.bmp>.png>
"C:\Development\Git\MGS2-PS2-Textures\d - substance\sp01a\5f385a3a8d456e39-816238fc65168853-r32x24-00002a54.png"|<"mgs2/base textures/" /<sp01a_sdw03k_alp_ovl.bmp|sp01a_sdw03l_alp_ovl.bmp|sp01a_sdw03o_alp_ovl.bmp|sp01a_sdw03p_alp_ovl.bmp>.png>
"C:\Development\Git\MGS2-PS2-Textures\d - substance\sp01a\5fbbe5d966656372-385a30c4bba8d539-r24x72-00002a54.png"|<"mgs2/base textures/" /<sp01a_sdw04g_alp_ovl.bmp>.png>
"C:\Development\Git\MGS2-PS2-Textures\d - substance\sp01a\65a2c1c91306abbf-61d4a7a0c29d0f34-r24x48-00002a54.png"|<"mgs2/base textures/" /<sp01a_sdw00d_alp_ovl.bmp>.png>
"C:\Development\Git\MGS2-PS2-Textures\d - substance\sp01a\66e00698cf9c6241-6f13fdfe7b84f42-r32x96-00002a54.png"|<"mgs2/base textures/" /<sp01a_sdw00_alp_ovl.bmp|sp01a_sdw02b_alp_ovl.bmp>.png>
"C:\Development\Git\MGS2-PS2-Textures\d - substance\sp01a\69437fbf1b806780-f21116ba75737ed-r64x160-00002a54.png"|<"mgs2/base textures/" /<sp01a_sdw03m_alp_ovl.bmp|sp01a_sdw03n_alp_ovl.bmp|sp01a_sdw04b_alp_ovl.bmp>.png>
"C:\Development\Git\MGS2-PS2-Textures\d - substance\sp01a\6a5dc2878f06519b-2b5bd0a47d577aaf-r80x288-00002a54.png"|<"mgs2/base textures/" /<sp01a_sdw04c_alp_ovl.bmp|sp01a_sdw04d_alp_ovl.bmp>.png>
"C:\Development\Git\MGS2-PS2-Textures\d - substance\sp01a\6e47975cd5a1e3ab-e67b55669ceeb7ae-r80x48-00002a54.png"|<"mgs2/base textures/" /<sp01a_sdw00e_alp_ovl.bmp>.png>
"C:\Development\Git\MGS2-PS2-Textures\d - substance\sp01a\718546cc373b0829-afe2495ce5aaf832-r64x72-00002a54.png"|<"mgs2/base textures/" /<sp01a_sdw04f_alp_ovl.bmp>.png>
"C:\Development\Git\MGS2-PS2-Textures\d - substance\sp01a\82ca64592970b80c-d87dbdda7434ec36-r56x192-00002a54.png"|<"mgs2/base textures/" /<sp01a_sdw00f_alp_ovl.bmp>.png>
"C:\Development\Git\MGS2-PS2-Textures\d - substance\sp01a\a02eccda93636854-e052577c030c4f3f-r32x24-00002a54.png"|<"mgs2/base textures/" /<sp01a_sdw03k_alp_ovl.bmp|sp01a_sdw03l_alp_ovl.bmp|sp01a_sdw03o_alp_ovl.bmp|sp01a_sdw03p_alp_ovl.bmp>.png>
"C:\Development\Git\MGS2-PS2-Textures\d - substance\sp01a\b3653e4474ecc1b-8331a99669756616-r64x192-00002a54.png"|<"mgs2/base textures/" /<sp01a_sdw04_alp_ovl.bmp>.png>
"C:\Development\Git\MGS2-PS2-Textures\d - substance\sp01a\c7426062e2fedec9-6688352c42d5549b-r24x64-00002a54.png"|<"mgs2/base textures/" /<sp01a_sdw00b_alp_ovl.bmp>.png>
"C:\Development\Git\MGS2-PS2-Textures\d - substance\sp01a\d0d9d0dae1725f73-e0c5914232cd747e-r32x24-00002a54.png"|<"mgs2/base textures/" /<sp01a_sdw03k_alp_ovl.bmp|sp01a_sdw03l_alp_ovl.bmp|sp01a_sdw03o_alp_ovl.bmp|sp01a_sdw03p_alp_ovl.bmp>.png>
"C:\Development\Git\MGS2-PS2-Textures\d - substance\sp01a\daf6bafb04654263-6c6f1531c23fbd17-r48x192-00002a54.png"|<"mgs2/base textures/" /<sp01a_sdw01a_alp_ovl.bmp>.png>
"C:\Development\Git\MGS2-PS2-Textures\d - substance\sp01a\e459679a755177a3-70a2375b0563b4d0-r24x32-00002a54.png"|<"mgs2/base textures/" /<sp01a_sdw03d_alp_ovl.bmp>.png>
"C:\Development\Git\MGS2-PS2-Textures\d - substance\sp01a\e65afc1421968c0-eb47478a37c599f1-r96x24-00002a54.png"|<"mgs2/base textures/" /<sp01a_sdw02a_alp_ovl.bmp|sp01a_sdw03b_alp_ovl.bmp>.png>
"C:\Development\Git\MGS2-PS2-Textures\d - substance\sp01a\eae68bc43a81242b-17641bbde74bd3ab-r80x288-00002a54.png"|<"mgs2/base textures/" /<sp01a_sdw04c_alp_ovl.bmp|sp01a_sdw04d_alp_ovl.bmp>.png>
"C:\Development\Git\MGS2-PS2-Textures\d - substance\sp01a\fb4812f4757be501-ba2ea8b1a88e8f57-r64x160-00002a54.png"|<"mgs2/base textures/" /<sp01a_sdw03m_alp_ovl.bmp|sp01a_sdw03n_alp_ovl.bmp|sp01a_sdw04b_alp_ovl.bmp>.png>
"C:\Development\Git\MGS2-PS2-Textures\d - substance\sp01a\ffc96a4b7b06dd92-2dd71f8f778b621d-r32x96-00002a54.png"|<"mgs2/base textures/" /<sp01a_sdw00_alp_ovl.bmp|sp01a_sdw02b_alp_ovl.bmp>.png>
"C:\Development\Git\MGS2-PS2-Textures\d - substance\sp03a\107aa3818ff8df8d-b3091a6a28c3477e-r120x120-00002a14.png"|<"mgs2/base textures/" /<005d4f23_b39e4e9a25db3103157377fb4b8b0fec>.png>
"C:\Development\Git\MGS2-PS2-Textures\d - substance\sp03a\228043b50cd4d12-7b092c5d339d5076-r200x12-00002a14.png"|<"mgs2/base textures/" /<00e7ddd3>.png>
"C:\Development\Git\MGS2-PS2-Textures\d - substance\sp03a\6f1dc080fd6a9cee-47f502b87dcabb56-r120x24-00002a14.png"|<"mgs2/base textures/" /<0081f6b5>.png>
"C:\Development\Git\MGS2-PS2-Textures\d - substance\sp03a\96e3a2fe2305e223-eb5ebaa98b8cd864-r430x24-00002a54.png"|<"mgs2/base textures/" /<gur_e_alp_ovl.bmp>.png>
"C:\Development\Git\MGS2-PS2-Textures\d - substance\sp03a\a999b4da6706385-103a77478d39f72-r136x72-00002a14.png"|<"mgs2/base textures/" /<0078980c>.png>
"C:\Development\Git\MGS2-PS2-Textures\d - substance\sp03a\bfaf68b57707c3ed-a030169efd0289f2-r64x192-00002a54.png"|<"mgs2/base textures/" /<sp03a4_shd02_alp_ovl.bmp>.png>
"C:\Development\Git\MGS2-PS2-Textures\d - substance\sp03a\e3be024f36f59baa-deba8c44083f4bbf-r40x12-00002a14.png"|<"mgs2/base textures/" /<00675c5a>.png>
"C:\Development\Git\MGS2-PS2-Textures\d - substance\sp06a\cc07e67ba72f58d7-8343bd232b4cd1c1-r32x96-00002a54.png"|<"mgs2/base textures/" /<sp06a_shw19_alp_ovl.bmp>.png>
"C:\Development\Git\MGS2-PS2-Textures\d - substance\sp07a\2aac23164c7c5672-9b510c8082d7ad0f-r24x128-00002a54.png"|<"mgs2/base textures/" /<sp07a_shw18_alp_ovl.bmp>.png>
"C:\Development\Git\MGS2-PS2-Textures\d - substance\sp07a\3afc8402201069d4-71ff0b77bc90c83e-r96x128-00002a54.png"|<"mgs2/base textures/" /<sp07a_shw15_alp_ovl.bmp>.png>
"C:\Development\Git\MGS2-PS2-Textures\d - substance\sp07a\47bea26cf7510d03-6e9580213b5b8c89-r32x96-00002a54.png"|<"mgs2/base textures/" /<sp07a_shw02_alp_ovl.bmp|sp07a_shw09_alp_ovl.bmp>.png>
"C:\Development\Git\MGS2-PS2-Textures\d - substance\sp07a\5e39bae8f543d439-ea26210906d43d9b-r48x144-00002a54.png"|<"mgs2/base textures/" /<sp07a_shw11_alp_ovl.bmp>.png>
"C:\Development\Git\MGS2-PS2-Textures\d - substance\sp07a\5fda3adfd5502583-c592b3d4fc015389-r80x160-00002a54.png"|<"mgs2/base textures/" /<sp07a_shw07_alp_ovl.bmp>.png>
"C:\Development\Git\MGS2-PS2-Textures\d - substance\sp07a\668d0a9ed3079f78-9c1a1f528711492-r32x96-00002a54.png"|<"mgs2/base textures/" /<sp07a_shw02_alp_ovl.bmp|sp07a_shw09_alp_ovl.bmp>.png>
"C:\Development\Git\MGS2-PS2-Textures\d - substance\sp07a\6a1ed9cbaec60efe-2772274428f213ef-r240x64-00002a54.png"|<"mgs2/base textures/" /<sp07a_shw10_alp_ovl.bmp>.png>
"C:\Development\Git\MGS2-PS2-Textures\d - substance\sp07a\6e615619975f81f3-9d1f458fe52682ff-r128x192-00002a54.png"|<"mgs2/base textures/" /<sp07a_shw19_alp_ovl.bmp>.png>
"C:\Development\Git\MGS2-PS2-Textures\d - substance\sp07a\76933117cc740826-5689a330c35bf933-r96x16-00002a54.png"|<"mgs2/base textures/" /<sp07a_shw17_alp_ovl.bmp>.png>
"C:\Development\Git\MGS2-PS2-Textures\d - substance\sp07a\774462521d9467a3-25c3ed90b3bef1b5-r64x24-00002a54.png"|<"mgs2/base textures/" /<sp07a_shw01_alp_ovl.bmp>.png>
"C:\Development\Git\MGS2-PS2-Textures\d - substance\sp07a\7c9c4ec92c86da6-3052c6ee6d02903d-r288x224-00002a54.png"|<"mgs2/base textures/" /<sp07a_shw12_alp_ovl.bmp>.png>
"C:\Development\Git\MGS2-PS2-Textures\d - substance\sp07a\82b8cfc9887a5442-2cbd1612d4455b60-r144x32-00002a54.png"|<"mgs2/base textures/" /<sp07a_shw06_alp_ovl.bmp>.png>
"C:\Development\Git\MGS2-PS2-Textures\d - substance\sp07a\8d34230fdf0c778a-ba8a7a0009640bb2-r64x224-00002a54.png"|<"mgs2/base textures/" /<sp07a_wall_shw01_alp_ovl.bmp>.png>
"C:\Development\Git\MGS2-PS2-Textures\d - substance\sp07a\93ca0b9b46fa3d1c-9517b54e2c059650-r96x224-00002a54.png"|<"mgs2/base textures/" /<sp07a_wall_shw02_alp_ovl.bmp>.png>
"C:\Development\Git\MGS2-PS2-Textures\d - substance\sp07a\a908e9429f516705-16aab65e970d9a03-r96x96-00002a54.png"|<"mgs2/base textures/" /<gen_mecaarm_fix.bmp|gen_mecaarm_sub_ovl_alp.bmp|sp07a_shw16_alp_ovl.bmp>.png>
"C:\Development\Git\MGS2-PS2-Textures\d - substance\sp07a\ab7daf0d8499ef31-9167adf5c6bedec3-r96x64-00002a54.png"|<"mgs2/base textures/" /<sp07a_shw04_alp_ovl.bmp|sp07a_shw05_alp_ovl.bmp>.png>
"C:\Development\Git\MGS2-PS2-Textures\d - substance\sp07a\b2bf55effa048778-cdd8c50346e3900d-r96x64-00002a54.png"|<"mgs2/base textures/" /<sp07a_shw04_alp_ovl.bmp|sp07a_shw05_alp_ovl.bmp>.png>
"C:\Development\Git\MGS2-PS2-Textures\d - substance\sp22a\1347cb3f2a03811d-c7d30f97377e6984-r144x72-00002a94.png"|<"mgs2/base textures/" /<sp21a_sdw03a_alp_ovl.bmp>.png>
"C:\Development\Git\MGS2-PS2-Textures\d - substance\sp22a\1529c8b66f671fcf-9cc72721d8146c77-r56x8-00002a94.png"|<"mgs2/base textures/" /<sp21a_sdw05b_alp_ovl.bmp|sp21a_sdw05c_alp_ovl.bmp|sp21a_sdw05d_alp_ovl.bmp>.png>
"C:\Development\Git\MGS2-PS2-Textures\d - substance\sp22a\1af29f503dc786e2-c39fe71f13d29af1-r160x288-00002a94.png"|<"mgs2/base textures/" /<sp21a_sdw01a_alp_ovl.bmp>.png>
"C:\Development\Git\MGS2-PS2-Textures\d - substance\sp22a\1b96a6e9d611a31d-22d966dd97d09512-r32x88-00002a94.png"|<"mgs2/base textures/" /<sp21a_sdw00f_alp_ovl.bmp>.png>
"C:\Development\Git\MGS2-PS2-Textures\d - substance\sp22a\227f25f20a3471a5-47c3b5500eb2e818-r96x96-00002a94.png"|<"mgs2/base textures/" /<sp21a_sdw03b_alp_ovl.bmp>.png>
"C:\Development\Git\MGS2-PS2-Textures\d - substance\sp22a\29bee4a60b4891e5-4e6817236a2be810-r8x48-00002a94.png"|<"mgs2/base textures/" /<sp21a_sdw03h_alp_ovl.bmp|sp21a_sdw03i_alp_ovl.bmp|sp21a_sdw03j_alp_ovl.bmp>.png>
"C:\Development\Git\MGS2-PS2-Textures\d - substance\sp22a\410afa63399a0dbc-b1e85f68ea682c5-r32x96-00002a94.png"|<"mgs2/base textures/" /<sp21a_sdw02b_alp_ovl.bmp|sp21a_sdw02c_alp_ovl.bmp|sp21a_sdw02d_alp_ovl.bmp>.png>
"C:\Development\Git\MGS2-PS2-Textures\d - substance\sp22a\440bd008f2bd1556-29c6192573acafa6-r96x8-00002a94.png"|<"mgs2/base textures/" /<sp21a_sdw00g_alp_ovl.bmp|sp21a_sdw00h_alp_ovl.bmp|sp21a_sdw00i_alp_ovl.bmp|sp21a_sdw06b_alp_ovl.bmp|sp21a_sdw06c_alp_ovl.bmp|sp21a_sdw06d_alp_ovl.bmp|sp21a_sdw07a_alp_ovl.bmp|sp21a_sdw07b_alp_ovl.bmp|sp21a_sdw07c_alp_ovl.bmp|sp21a_sdw08b_alp_ovl.bmp|sp21a_sdw08c_alp_ovl.bmp|sp21a_sdw08d_alp_ovl.bmp>.png>
"C:\Development\Git\MGS2-PS2-Textures\d - substance\sp22a\48698c324f357731-b5156318c3744210-r56x88-00002a94.png"|<"mgs2/base textures/" /<sp21a_sdw05a_alp_ovl.bmp>.png>
"C:\Development\Git\MGS2-PS2-Textures\d - substance\sp22a\4cc1116c92de935c-4afc5ef7cb71d23c-r96x8-00002a94.png"|<"mgs2/base textures/" /<sp21a_sdw00g_alp_ovl.bmp|sp21a_sdw00h_alp_ovl.bmp|sp21a_sdw00i_alp_ovl.bmp|sp21a_sdw06b_alp_ovl.bmp|sp21a_sdw06c_alp_ovl.bmp|sp21a_sdw06d_alp_ovl.bmp|sp21a_sdw07a_alp_ovl.bmp|sp21a_sdw07b_alp_ovl.bmp|sp21a_sdw07c_alp_ovl.bmp|sp21a_sdw08b_alp_ovl.bmp|sp21a_sdw08c_alp_ovl.bmp|sp21a_sdw08d_alp_ovl.bmp>.png>
"C:\Development\Git\MGS2-PS2-Textures\d - substance\sp22a\4d1c79b31980647c-81252a24faca705-r96x32-00002a94.png"|<"mgs2/base textures/" /<sp21a_sdw01e_alp_ovl.bmp|sp21a_sdw08a_alp_ovl.bmp>.png>
"C:\Development\Git\MGS2-PS2-Textures\d - substance\sp22a\4f7581ed3766567a-a79a9e4b8e58171f-r216x224-00002a94.png"|<"mgs2/base textures/" /<sp21a_sdw02_alp_ovl.bmp>.png>
"C:\Development\Git\MGS2-PS2-Textures\d - substance\sp22a\527c1b57598c2e4e-30ea8c37ec3715ce-r96x8-00002a94.png"|<"mgs2/base textures/" /<sp21a_sdw00g_alp_ovl.bmp|sp21a_sdw00h_alp_ovl.bmp|sp21a_sdw00i_alp_ovl.bmp|sp21a_sdw06b_alp_ovl.bmp|sp21a_sdw06c_alp_ovl.bmp|sp21a_sdw06d_alp_ovl.bmp|sp21a_sdw07a_alp_ovl.bmp|sp21a_sdw07b_alp_ovl.bmp|sp21a_sdw07c_alp_ovl.bmp|sp21a_sdw08b_alp_ovl.bmp|sp21a_sdw08c_alp_ovl.bmp|sp21a_sdw08d_alp_ovl.bmp>.png>
"C:\Development\Git\MGS2-PS2-Textures\d - substance\sp22a\597f56b0008b7fdd-e5b99be6df69b76-r264x272-00002a94.png"|<"mgs2/base textures/" /<sp21a_sdw07_alp_ovl.bmp>.png>
"C:\Development\Git\MGS2-PS2-Textures\d - substance\sp22a\5f19f9f4934e25b7-9b75434d35094068-r8x48-00002a94.png"|<"mgs2/base textures/" /<sp21a_sdw03h_alp_ovl.bmp|sp21a_sdw03i_alp_ovl.bmp|sp21a_sdw03j_alp_ovl.bmp>.png>
"C:\Development\Git\MGS2-PS2-Textures\d - substance\sp22a\61995a5b201a9f28-1ca31ca9b7ce639d-r96x8-00002a94.png"|<"mgs2/base textures/" /<sp21a_sdw00g_alp_ovl.bmp|sp21a_sdw00h_alp_ovl.bmp|sp21a_sdw00i_alp_ovl.bmp|sp21a_sdw06b_alp_ovl.bmp|sp21a_sdw06c_alp_ovl.bmp|sp21a_sdw06d_alp_ovl.bmp|sp21a_sdw07a_alp_ovl.bmp|sp21a_sdw07b_alp_ovl.bmp|sp21a_sdw07c_alp_ovl.bmp|sp21a_sdw08b_alp_ovl.bmp|sp21a_sdw08c_alp_ovl.bmp|sp21a_sdw08d_alp_ovl.bmp>.png>
"C:\Development\Git\MGS2-PS2-Textures\d - substance\sp22a\61a6e6fb48bb491a-4afc5ef7cb71d23c-r96x8-00002a94.png"|<"mgs2/base textures/" /<sp21a_sdw00g_alp_ovl.bmp|sp21a_sdw00h_alp_ovl.bmp|sp21a_sdw00i_alp_ovl.bmp|sp21a_sdw06b_alp_ovl.bmp|sp21a_sdw06c_alp_ovl.bmp|sp21a_sdw06d_alp_ovl.bmp|sp21a_sdw07a_alp_ovl.bmp|sp21a_sdw07b_alp_ovl.bmp|sp21a_sdw07c_alp_ovl.bmp|sp21a_sdw08b_alp_ovl.bmp|sp21a_sdw08c_alp_ovl.bmp|sp21a_sdw08d_alp_ovl.bmp>.png>
"C:\Development\Git\MGS2-PS2-Textures\d - substance\sp22a\63fa7d6cb90e138b-c5122e728737319e-r96x128-00002a94.png"|<"mgs2/base textures/" /<sp21a_sdw00a_alp_ovl.bmp|sp21a_sdw06a_alp_ovl.bmp>.png>
"C:\Development\Git\MGS2-PS2-Textures\d - substance\sp22a\64b31d7d80b2a93b-2ed9e61620089e2d-r96x8-00002a94.png"|<"mgs2/base textures/" /<sp21a_sdw00g_alp_ovl.bmp|sp21a_sdw00h_alp_ovl.bmp|sp21a_sdw00i_alp_ovl.bmp|sp21a_sdw06b_alp_ovl.bmp|sp21a_sdw06c_alp_ovl.bmp|sp21a_sdw06d_alp_ovl.bmp|sp21a_sdw07a_alp_ovl.bmp|sp21a_sdw07b_alp_ovl.bmp|sp21a_sdw07c_alp_ovl.bmp|sp21a_sdw08b_alp_ovl.bmp|sp21a_sdw08c_alp_ovl.bmp|sp21a_sdw08d_alp_ovl.bmp>.png>
"C:\Development\Git\MGS2-PS2-Textures\d - substance\sp22a\669ea3544da95500-30ea8c37ec3715ce-r56x8-00002a94.png"|<"mgs2/base textures/" /<sp21a_sdw05b_alp_ovl.bmp|sp21a_sdw05c_alp_ovl.bmp|sp21a_sdw05d_alp_ovl.bmp>.png>
"C:\Development\Git\MGS2-PS2-Textures\d - substance\sp22a\6b1bd05472a167ab-d433ba1f39ce92b8-r256x192-00002a94.png"|<"mgs2/base textures/" /<sp21a_sdw04a_alp_ovl.bmp>.png>
"C:\Development\Git\MGS2-PS2-Textures\d - substance\sp22a\6fc27f2d14c58249-61e9a1c45eba153b-r96x8-00002a94.png"|<"mgs2/base textures/" /<sp21a_sdw00g_alp_ovl.bmp|sp21a_sdw00h_alp_ovl.bmp|sp21a_sdw00i_alp_ovl.bmp|sp21a_sdw06b_alp_ovl.bmp|sp21a_sdw06c_alp_ovl.bmp|sp21a_sdw06d_alp_ovl.bmp|sp21a_sdw07a_alp_ovl.bmp|sp21a_sdw07b_alp_ovl.bmp|sp21a_sdw07c_alp_ovl.bmp|sp21a_sdw08b_alp_ovl.bmp|sp21a_sdw08c_alp_ovl.bmp|sp21a_sdw08d_alp_ovl.bmp>.png>
"C:\Development\Git\MGS2-PS2-Textures\d - substance\sp22a\771506ada645ebd7-9ddef7c4fb87a8e5-r64x160-00002a14.png"|<"mgs2/base textures/" /<sp21a_sdwwl01_alp_ovl.bmp|sp21a_sdwwl04_alp_ovl.bmp>.png>
"C:\Development\Git\MGS2-PS2-Textures\d - substance\sp22a\7c5619cb0432bd99-4afc5ef7cb71d23c-r56x8-00002a94.png"|<"mgs2/base textures/" /<sp21a_sdw05b_alp_ovl.bmp|sp21a_sdw05c_alp_ovl.bmp|sp21a_sdw05d_alp_ovl.bmp>.png>
"C:\Development\Git\MGS2-PS2-Textures\d - substance\sp22a\8c6fdbd97495f56-b1e85f68ea682c5-r32x96-00002a94.png"|<"mgs2/base textures/" /<sp21a_sdw02b_alp_ovl.bmp|sp21a_sdw02c_alp_ovl.bmp|sp21a_sdw02d_alp_ovl.bmp>.png>
"C:\Development\Git\MGS2-PS2-Textures\d - substance\sp22a\8db4eeb4d5698dfb-30ab4cbe823da31e-r296x88-00002a94.png"|<"mgs2/base textures/" /<sp21a_sdw01_alp_ovl.bmp>.png>
"C:\Development\Git\MGS2-PS2-Textures\d - substance\sp22a\929d93c769fb48f5-51c65b9d494acecb-r96x128-00002a94.png"|<"mgs2/base textures/" /<sp21a_sdw00a_alp_ovl.bmp|sp21a_sdw06a_alp_ovl.bmp>.png>
"C:\Development\Git\MGS2-PS2-Textures\d - substance\sp22a\97495ea407a18350-20b5a081e0064d03-r48x32-00002a94.png"|<"mgs2/base textures/" /<mode_alp_ovl.bmp|sp21a_sdw03g_alp_ovl.bmp>.png>
"C:\Development\Git\MGS2-PS2-Textures\d - substance\sp22a\9c00cbe818401c9f-b1e85f68ea682c5-r32x96-00002a94.png"|<"mgs2/base textures/" /<sp21a_sdw02b_alp_ovl.bmp|sp21a_sdw02c_alp_ovl.bmp|sp21a_sdw02d_alp_ovl.bmp>.png>
"C:\Development\Git\MGS2-PS2-Textures\d - substance\sp22a\9f8eacb5632ba-643077be138f9620-r344x128-00002a94.png"|<"mgs2/base textures/" /<sp21a_sdw11_alp_ovl.bmp>.png>
"C:\Development\Git\MGS2-PS2-Textures\d - substance\sp22a\ac04dfcb17eca039-6a232bee1ab736db-r8x48-00002a94.png"|<"mgs2/base textures/" /<sp21a_sdw03h_alp_ovl.bmp|sp21a_sdw03i_alp_ovl.bmp|sp21a_sdw03j_alp_ovl.bmp>.png>
"C:\Development\Git\MGS2-PS2-Textures\d - substance\sp22a\b2a78fa826dd0015-d2b1c339dea56f44-r32x80-00002a14.png"|<"mgs2/base textures/" /<sp21a_sdwwl00_alp_ovl.bmp>.png>
"C:\Development\Git\MGS2-PS2-Textures\d - substance\sp22a\b5369e106610765c-7bff258ff82381a-r56x16-00002a94.png"|<"mgs2/base textures/" /<sp21a_sdw05e_alp_ovl.bmp>.png>
"C:\Development\Git\MGS2-PS2-Textures\d - substance\sp22a\c310a8e6c8bd532-340050961bc88ecd-r96x8-00002a94.png"|<"mgs2/base textures/" /<sp21a_sdw00g_alp_ovl.bmp|sp21a_sdw00h_alp_ovl.bmp|sp21a_sdw00i_alp_ovl.bmp|sp21a_sdw06b_alp_ovl.bmp|sp21a_sdw06c_alp_ovl.bmp|sp21a_sdw06d_alp_ovl.bmp|sp21a_sdw07a_alp_ovl.bmp|sp21a_sdw07b_alp_ovl.bmp|sp21a_sdw07c_alp_ovl.bmp|sp21a_sdw08b_alp_ovl.bmp|sp21a_sdw08c_alp_ovl.bmp|sp21a_sdw08d_alp_ovl.bmp>.png>
"C:\Development\Git\MGS2-PS2-Textures\d - substance\sp22a\c3c0e0b487b5754d-78197d32627645f2-r96x8-00002a94.png"|<"mgs2/base textures/" /<sp21a_sdw00g_alp_ovl.bmp|sp21a_sdw00h_alp_ovl.bmp|sp21a_sdw00i_alp_ovl.bmp|sp21a_sdw06b_alp_ovl.bmp|sp21a_sdw06c_alp_ovl.bmp|sp21a_sdw06d_alp_ovl.bmp|sp21a_sdw07a_alp_ovl.bmp|sp21a_sdw07b_alp_ovl.bmp|sp21a_sdw07c_alp_ovl.bmp|sp21a_sdw08b_alp_ovl.bmp|sp21a_sdw08c_alp_ovl.bmp|sp21a_sdw08d_alp_ovl.bmp>.png>
"C:\Development\Git\MGS2-PS2-Textures\d - substance\sp22a\c4503f0bb780234d-4501dfdb370e1221-r96x32-00002a94.png"|<"mgs2/base textures/" /<sp21a_sdw01e_alp_ovl.bmp|sp21a_sdw08a_alp_ovl.bmp>.png>
"C:\Development\Git\MGS2-PS2-Textures\d - substance\sp22a\c5a619333621a817-851a40a1db0e6c7b-r64x160-00002a14.png"|<"mgs2/base textures/" /<sp21a_sdwwl01_alp_ovl.bmp|sp21a_sdwwl04_alp_ovl.bmp>.png>
"C:\Development\Git\MGS2-PS2-Textures\d - substance\sp22a\c9c5a7951568dccd-aabad7c275572a34-r128x168-00002a94.png"|<"mgs2/base textures/" /<sp21a_sdw00b_alp_ovl.bmp>.png>
"C:\Development\Git\MGS2-PS2-Textures\d - substance\sp22a\cbff0362808a5fc-ac427c30d13ee871-r8x96-00002a94.png"|<"mgs2/base textures/" /<sp21a_sdw09b_alp_ovl.bmp|sp21a_sdw09c_alp_ovl.bmp>.png>
"C:\Development\Git\MGS2-PS2-Textures\d - substance\sp22a\cce2577a9b0bc27d-37e7a44aba6e7bf9-r96x8-00002a94.png"|<"mgs2/base textures/" /<sp21a_sdw00g_alp_ovl.bmp|sp21a_sdw00h_alp_ovl.bmp|sp21a_sdw00i_alp_ovl.bmp|sp21a_sdw06b_alp_ovl.bmp|sp21a_sdw06c_alp_ovl.bmp|sp21a_sdw06d_alp_ovl.bmp|sp21a_sdw07a_alp_ovl.bmp|sp21a_sdw07b_alp_ovl.bmp|sp21a_sdw07c_alp_ovl.bmp|sp21a_sdw08b_alp_ovl.bmp|sp21a_sdw08c_alp_ovl.bmp|sp21a_sdw08d_alp_ovl.bmp>.png>
"C:\Development\Git\MGS2-PS2-Textures\d - substance\sp22a\ce13d7a7882accf6-cab94cbccf8e851f-r128x224-00002a94.png"|<"mgs2/base textures/" /<sp21a_sdw10_alp_ovl.bmp>.png>
"C:\Development\Git\MGS2-PS2-Textures\d - substance\sp22a\db456db0db7e7063-4c1ee2e29a148c05-r96x8-00002a94.png"|<"mgs2/base textures/" /<sp21a_sdw00g_alp_ovl.bmp|sp21a_sdw00h_alp_ovl.bmp|sp21a_sdw00i_alp_ovl.bmp|sp21a_sdw06b_alp_ovl.bmp|sp21a_sdw06c_alp_ovl.bmp|sp21a_sdw06d_alp_ovl.bmp|sp21a_sdw07a_alp_ovl.bmp|sp21a_sdw07b_alp_ovl.bmp|sp21a_sdw07c_alp_ovl.bmp|sp21a_sdw08b_alp_ovl.bmp|sp21a_sdw08c_alp_ovl.bmp|sp21a_sdw08d_alp_ovl.bmp>.png>
"C:\Development\Git\MGS2-PS2-Textures\d - substance\sp22a\e39c5de69b312c8b-366b1caca5f5526a-r96x8-00002a94.png"|<"mgs2/base textures/" /<sp21a_sdw00g_alp_ovl.bmp|sp21a_sdw00h_alp_ovl.bmp|sp21a_sdw00i_alp_ovl.bmp|sp21a_sdw06b_alp_ovl.bmp|sp21a_sdw06c_alp_ovl.bmp|sp21a_sdw06d_alp_ovl.bmp|sp21a_sdw07a_alp_ovl.bmp|sp21a_sdw07b_alp_ovl.bmp|sp21a_sdw07c_alp_ovl.bmp|sp21a_sdw08b_alp_ovl.bmp|sp21a_sdw08c_alp_ovl.bmp|sp21a_sdw08d_alp_ovl.bmp>.png>
"C:\Development\Git\MGS2-PS2-Textures\d - substance\sp22a\e3b374fb38b2f25f-1607116343fb402a-r128x160-00002a94.png"|<"mgs2/base textures/" /<sp21a_sdw02a_alp_ovl.bmp>.png>
"C:\Development\Git\MGS2-PS2-Textures\d - substance\sp22a\eb1841cc54f5c23e-f18529a1b44c2e45-r64x104-00002a94.png"|<"mgs2/base textures/" /<sp21a_sdw04_alp_ovl.bmp>.png>
"C:\Development\Git\MGS2-PS2-Textures\d - substance\sp22a\ee7c2d1e007040a0-7a0b8ec84cafbeba-r8x96-00002a94.png"|<"mgs2/base textures/" /<sp21a_sdw09b_alp_ovl.bmp|sp21a_sdw09c_alp_ovl.bmp>.png>
"C:\Development\Git\MGS2-PS2-Textures\d - substance\sp22a\efc8e6e35b34ba16-dc57991f1c465430-r64x112-00002a94.png"|<"mgs2/base textures/" /<sp21a_sdw05_alp_ovl.bmp>.png>
"C:\Development\Git\MGS2-PS2-Textures\d - substance\sp22a\f577ce972aafe351-5e078ffe58855eec-r256x88-00002a94.png"|<"mgs2/base textures/" /<sp21a_sdw06_alp_ovl.bmp>.png>
"C:\Development\Git\MGS2-PS2-Textures\d - substance\sp22a\f621a6ace1d533a8-14ab74661c1e260f-r128x96-00002a94.png"|<"mgs2/base textures/" /<sp21a_sdw09_alp_ovl.bmp>.png>
"C:\Development\Git\MGS2-PS2-Textures\d - substance\sp22a\f7b666a100589efe-29a6c007dba1bca6-r96x288-00002a94.png"|<"mgs2/base textures/" /<sp21a_sdw00_alp_ovl.bmp>.png>
"C:\Development\Git\MGS2-PS2-Textures\d - substance\sp22a\fa92a544de3667e8-b511c674f52ccb23-r32x160-00002a14.png"|<"mgs2/base textures/" /<sp21a_sdwwl02_alp_ovl.bmp>.png>
"C:\Development\Git\MGS2-PS2-Textures\d - substance\sp25a\1629703b210235e2-c8774abfae44f659-r32x72-00002a54.png"|<"mgs2/base textures/" /<sp25a_sdw56_alp_ovl.bmp>.png>
"C:\Development\Git\MGS2-PS2-Textures\d - substance\sp25a\163ecaf378929108-b79f9af8fa68ba61-r448x160-00002a94.png"|<"mgs2/base textures/" /<sp25a_sdw07_alp_ovl.bmp>.png>
"C:\Development\Git\MGS2-PS2-Textures\d - substance\sp25a\1aebf54c25e5d8ca-d1435eb84fcac250-r80x64-00002a54.png"|<"mgs2/base textures/" /<sp25a_sdw31_alp_ovl.bmp>.png>
"C:\Development\Git\MGS2-PS2-Textures\d - substance\sp25a\1d3a45aca749f619-7fa20085def3950e-r48x64-00002a54.png"|<"mgs2/base textures/" /<sp25a_sdw59_alp_ovl.bmp>.png>
"C:\Development\Git\MGS2-PS2-Textures\d - substance\sp25a\22c628c0f2e5ef3d-25d9e698b6c563d2-r160x192-00002a54.png"|<"mgs2/base textures/" /<sp25a_sdw57_alp_ovl.bmp>.png>
"C:\Development\Git\MGS2-PS2-Textures\d - substance\sp25a\24d3c15b4683e87c-e2b04f43828db289-r160x104-00002a54.png"|<"mgs2/base textures/" /<sp25a_sdw30_alp_ovl.bmp>.png>
"C:\Development\Git\MGS2-PS2-Textures\d - substance\sp25a\3770f8b14221704e-4008f69dfd19ca4b-r320x672-00002a94.png"|<"mgs2/base textures/" /<sp25a_sdw05_alp_ovl.bmp>.png>
"C:\Development\Git\MGS2-PS2-Textures\d - substance\sp25a\3ba9c59dacb65986-6d41792fdb1242f4-r48x8-00002a54.png"|<"mgs2/base textures/" /<sp25a_sdw_dan02_10_alp_ovl.bmp|sp25a_sdw_dan02_11_alp_ovl.bmp|sp25a_sdw_dan02_1_alp_ovl.bmp|sp25a_sdw_dan02_2_alp_ovl.bmp|sp25a_sdw_dan02_3_alp_ovl.bmp|sp25a_sdw_dan02_4_alp_ovl.bmp|sp25a_sdw_dan02_5_alp_ovl.bmp|sp25a_sdw_dan02_6_alp_ovl.bmp|sp25a_sdw_dan02_7_alp_ovl.bmp|sp25a_sdw_dan02_8_alp_ovl.bmp|sp25a_sdw_dan02_9_alp_ovl.bmp>.png>
"C:\Development\Git\MGS2-PS2-Textures\d - substance\sp25a\3e48dc87327827f3-5268639067b020fc-r240x96-00002a54.png"|<"mgs2/base textures/" /<sp25a_sdw18_alp_ovl.bmp>.png>
"C:\Development\Git\MGS2-PS2-Textures\d - substance\sp25a\4017d248854481a1-4c9eeac2d085699a-r352x64-00002a54.png"|<"mgs2/base textures/" /<sp25a_sdw15_alp_ovl.bmp>.png>
"C:\Development\Git\MGS2-PS2-Textures\d - substance\sp25a\418856f2f37b1bac-bae2d0daa4c422f1-r640x416-00002a94.png"|<"mgs2/base textures/" /<sp25a_sdw06_alp_ovl.bmp>.png>
"C:\Development\Git\MGS2-PS2-Textures\d - substance\sp25a\446c2a095cc283bd-40f1428a2cf4d3e7-r48x8-00002a54.png"|<"mgs2/base textures/" /<sp25a_sdw_dan02_10_alp_ovl.bmp|sp25a_sdw_dan02_11_alp_ovl.bmp|sp25a_sdw_dan02_1_alp_ovl.bmp|sp25a_sdw_dan02_2_alp_ovl.bmp|sp25a_sdw_dan02_3_alp_ovl.bmp|sp25a_sdw_dan02_4_alp_ovl.bmp|sp25a_sdw_dan02_5_alp_ovl.bmp|sp25a_sdw_dan02_6_alp_ovl.bmp|sp25a_sdw_dan02_7_alp_ovl.bmp|sp25a_sdw_dan02_8_alp_ovl.bmp|sp25a_sdw_dan02_9_alp_ovl.bmp>.png>
"C:\Development\Git\MGS2-PS2-Textures\d - substance\sp25a\4fca3d27289d7589-3585b5ac99b11777-r48x8-00002a54.png"|<"mgs2/base textures/" /<sp25a_sdw_dan02_10_alp_ovl.bmp|sp25a_sdw_dan02_11_alp_ovl.bmp|sp25a_sdw_dan02_1_alp_ovl.bmp|sp25a_sdw_dan02_2_alp_ovl.bmp|sp25a_sdw_dan02_3_alp_ovl.bmp|sp25a_sdw_dan02_4_alp_ovl.bmp|sp25a_sdw_dan02_5_alp_ovl.bmp|sp25a_sdw_dan02_6_alp_ovl.bmp|sp25a_sdw_dan02_7_alp_ovl.bmp|sp25a_sdw_dan02_8_alp_ovl.bmp|sp25a_sdw_dan02_9_alp_ovl.bmp>.png>
"C:\Development\Git\MGS2-PS2-Textures\d - substance\sp25a\50771c7f2ad0892b-3f3aee9ae9326cc0-r64x24-00002a54.png"|<"mgs2/base textures/" /<sp25a_sdw_dan07_alp_ovl.bmp>.png>
"C:\Development\Git\MGS2-PS2-Textures\d - substance\sp25a\50815ba6c720962b-388812c93727a986-r112x128-00002a54.png"|<"mgs2/base textures/" /<sp25a_sdw16_alp_ovl.bmp>.png>
"C:\Development\Git\MGS2-PS2-Textures\d - substance\sp25a\5c3312e2435956e8-f3c24add6f53e3d7-r152x64-00002a54.png"|<"mgs2/base textures/" /<sp25a_sdw_dan04_alp_ovl.bmp>.png>
"C:\Development\Git\MGS2-PS2-Textures\d - substance\sp25a\6cf80c85b3dff933-fc0fe7f586ecdb85-r192x352-00002a94.png"|<"mgs2/base textures/" /<sp25a_sdw08_alp_ovl.bmp>.png>
"C:\Development\Git\MGS2-PS2-Textures\d - substance\sp25a\72a5c75f0c2ac3cd-cfd97cd5383abf29-r96x320-00002a54.png"|<"mgs2/base textures/" /<sp25a_sdw11_alp_ovl.bmp>.png>
"C:\Development\Git\MGS2-PS2-Textures\d - substance\sp25a\72f7b30c535affa0-8810bd9cefbb230b-r48x8-00002a54.png"|<"mgs2/base textures/" /<sp25a_sdw_dan02_10_alp_ovl.bmp|sp25a_sdw_dan02_11_alp_ovl.bmp|sp25a_sdw_dan02_1_alp_ovl.bmp|sp25a_sdw_dan02_2_alp_ovl.bmp|sp25a_sdw_dan02_3_alp_ovl.bmp|sp25a_sdw_dan02_4_alp_ovl.bmp|sp25a_sdw_dan02_5_alp_ovl.bmp|sp25a_sdw_dan02_6_alp_ovl.bmp|sp25a_sdw_dan02_7_alp_ovl.bmp|sp25a_sdw_dan02_8_alp_ovl.bmp|sp25a_sdw_dan02_9_alp_ovl.bmp>.png>
"C:\Development\Git\MGS2-PS2-Textures\d - substance\sp25a\747805b745b86dda-72cd316fe6d76c29-r64x160-00002a54.png"|<"mgs2/base textures/" /<sp25a_sdw65_alp_ovl.bmp>.png>
"C:\Development\Git\MGS2-PS2-Textures\d - substance\sp25a\786e03c9dd0dfeea-5eddb6e9ac110a6e-r48x8-00002a54.png"|<"mgs2/base textures/" /<sp25a_sdw_dan02_10_alp_ovl.bmp|sp25a_sdw_dan02_11_alp_ovl.bmp|sp25a_sdw_dan02_1_alp_ovl.bmp|sp25a_sdw_dan02_2_alp_ovl.bmp|sp25a_sdw_dan02_3_alp_ovl.bmp|sp25a_sdw_dan02_4_alp_ovl.bmp|sp25a_sdw_dan02_5_alp_ovl.bmp|sp25a_sdw_dan02_6_alp_ovl.bmp|sp25a_sdw_dan02_7_alp_ovl.bmp|sp25a_sdw_dan02_8_alp_ovl.bmp|sp25a_sdw_dan02_9_alp_ovl.bmp>.png>
"C:\Development\Git\MGS2-PS2-Textures\d - substance\sp25a\79146742d6743633-afa5b17ed33e270-r40x96-00002a54.png"|<"mgs2/base textures/" /<sp25a_sdw48_alp_ovl.bmp>.png>
"C:\Development\Git\MGS2-PS2-Textures\d - substance\sp25a\844206101005dba5-81a9cda0fa6d1c26-r16x200-00002a54.png"|<"mgs2/base textures/" /<sp25a_sdw17_alp_ovl.bmp>.png>
"C:\Development\Git\MGS2-PS2-Textures\d - substance\sp25a\8bc1c20e31b8b54a-feda314618ae33cd-r104x128-00002a54.png"|<"mgs2/base textures/" /<sp25a_sdw27_alp_ovl.bmp>.png>
"C:\Development\Git\MGS2-PS2-Textures\d - substance\sp25a\94c4479f032c595f-1fda5f4718d894b7-r48x112-00002a54.png"|<"mgs2/base textures/" /<sp25a_sdw21_alp_ovl.bmp>.png>
"C:\Development\Git\MGS2-PS2-Textures\d - substance\sp25a\95ed7f33db55402-d91b40a77cdbff15-r48x8-00002a54.png"|<"mgs2/base textures/" /<sp25a_sdw_dan02_10_alp_ovl.bmp|sp25a_sdw_dan02_11_alp_ovl.bmp|sp25a_sdw_dan02_1_alp_ovl.bmp|sp25a_sdw_dan02_2_alp_ovl.bmp|sp25a_sdw_dan02_3_alp_ovl.bmp|sp25a_sdw_dan02_4_alp_ovl.bmp|sp25a_sdw_dan02_5_alp_ovl.bmp|sp25a_sdw_dan02_6_alp_ovl.bmp|sp25a_sdw_dan02_7_alp_ovl.bmp|sp25a_sdw_dan02_8_alp_ovl.bmp|sp25a_sdw_dan02_9_alp_ovl.bmp>.png>
"C:\Development\Git\MGS2-PS2-Textures\d - substance\sp25a\9842a92d555964cf-26ad483fc64e764c-r48x8-00002a54.png"|<"mgs2/base textures/" /<sp25a_sdw_dan02_10_alp_ovl.bmp|sp25a_sdw_dan02_11_alp_ovl.bmp|sp25a_sdw_dan02_1_alp_ovl.bmp|sp25a_sdw_dan02_2_alp_ovl.bmp|sp25a_sdw_dan02_3_alp_ovl.bmp|sp25a_sdw_dan02_4_alp_ovl.bmp|sp25a_sdw_dan02_5_alp_ovl.bmp|sp25a_sdw_dan02_6_alp_ovl.bmp|sp25a_sdw_dan02_7_alp_ovl.bmp|sp25a_sdw_dan02_8_alp_ovl.bmp|sp25a_sdw_dan02_9_alp_ovl.bmp>.png>
"C:\Development\Git\MGS2-PS2-Textures\d - substance\sp25a\98af54bfba8df921-24833dc33f5981b8-r128x224-00002a54.png"|<"mgs2/base textures/" /<sp25a_sdw19_alp_ovl.bmp>.png>
"C:\Development\Git\MGS2-PS2-Textures\d - substance\sp25a\a01fe041071dc1e4-b40f761c0497bfe6-r96x96-00002a54.png"|<"mgs2/base textures/" /<sp25a_sdw_rp_alp_ovl.bmp>.png>
"C:\Development\Git\MGS2-PS2-Textures\d - substance\sp25a\a0ce2c0a4407ddab-4f13fcccd98e6bc1-r96x32-00002a54.png"|<"mgs2/base textures/" /<sp25a_sdw20_alp_ovl.bmp>.png>
"C:\Development\Git\MGS2-PS2-Textures\d - substance\sp25a\a13ff821b75f06fa-6eb70513e5b398ce-r72x128-00002a54.png"|<"mgs2/base textures/" /<sp25a_sdw32_alp_ovl.bmp|sp25a_sdw45_alp_ovl.bmp>.png>
"C:\Development\Git\MGS2-PS2-Textures\d - substance\sp25a\a8411407a979bc67-36de55139c3e783b-r48x8-00002a54.png"|<"mgs2/base textures/" /<sp25a_sdw_dan02_10_alp_ovl.bmp|sp25a_sdw_dan02_11_alp_ovl.bmp|sp25a_sdw_dan02_1_alp_ovl.bmp|sp25a_sdw_dan02_2_alp_ovl.bmp|sp25a_sdw_dan02_3_alp_ovl.bmp|sp25a_sdw_dan02_4_alp_ovl.bmp|sp25a_sdw_dan02_5_alp_ovl.bmp|sp25a_sdw_dan02_6_alp_ovl.bmp|sp25a_sdw_dan02_7_alp_ovl.bmp|sp25a_sdw_dan02_8_alp_ovl.bmp|sp25a_sdw_dan02_9_alp_ovl.bmp>.png>
"C:\Development\Git\MGS2-PS2-Textures\d - substance\sp25a\b153b1bd5fd8bdbc-2b351c84e466ccfa-r48x96-00002a54.png"|<"mgs2/base textures/" /<sp25a_sdw34_alp_ovl.bmp>.png>
"C:\Development\Git\MGS2-PS2-Textures\d - substance\sp25a\be0d6da105d77177-a9944d40e1d5683e-r48x8-00002a54.png"|<"mgs2/base textures/" /<sp25a_sdw_dan02_10_alp_ovl.bmp|sp25a_sdw_dan02_11_alp_ovl.bmp|sp25a_sdw_dan02_1_alp_ovl.bmp|sp25a_sdw_dan02_2_alp_ovl.bmp|sp25a_sdw_dan02_3_alp_ovl.bmp|sp25a_sdw_dan02_4_alp_ovl.bmp|sp25a_sdw_dan02_5_alp_ovl.bmp|sp25a_sdw_dan02_6_alp_ovl.bmp|sp25a_sdw_dan02_7_alp_ovl.bmp|sp25a_sdw_dan02_8_alp_ovl.bmp|sp25a_sdw_dan02_9_alp_ovl.bmp>.png>
"C:\Development\Git\MGS2-PS2-Textures\d - substance\sp25a\c80e92a59ae700c-6d41792fdb1242f4-r48x8-00002a54.png"|<"mgs2/base textures/" /<sp25a_sdw_dan02_10_alp_ovl.bmp|sp25a_sdw_dan02_11_alp_ovl.bmp|sp25a_sdw_dan02_1_alp_ovl.bmp|sp25a_sdw_dan02_2_alp_ovl.bmp|sp25a_sdw_dan02_3_alp_ovl.bmp|sp25a_sdw_dan02_4_alp_ovl.bmp|sp25a_sdw_dan02_5_alp_ovl.bmp|sp25a_sdw_dan02_6_alp_ovl.bmp|sp25a_sdw_dan02_7_alp_ovl.bmp|sp25a_sdw_dan02_8_alp_ovl.bmp|sp25a_sdw_dan02_9_alp_ovl.bmp>.png>
"C:\Development\Git\MGS2-PS2-Textures\d - substance\sp25a\d14f0b4453a45bc6-26ad483fc64e764c-r48x8-00002a54.png"|<"mgs2/base textures/" /<sp25a_sdw_dan02_10_alp_ovl.bmp|sp25a_sdw_dan02_11_alp_ovl.bmp|sp25a_sdw_dan02_1_alp_ovl.bmp|sp25a_sdw_dan02_2_alp_ovl.bmp|sp25a_sdw_dan02_3_alp_ovl.bmp|sp25a_sdw_dan02_4_alp_ovl.bmp|sp25a_sdw_dan02_5_alp_ovl.bmp|sp25a_sdw_dan02_6_alp_ovl.bmp|sp25a_sdw_dan02_7_alp_ovl.bmp|sp25a_sdw_dan02_8_alp_ovl.bmp|sp25a_sdw_dan02_9_alp_ovl.bmp>.png>
"C:\Development\Git\MGS2-PS2-Textures\d - substance\sp25a\d3238968850eb169-d5edb35ad1cb9cb-r160x128-00002a54.png"|<"mgs2/base textures/" /<sp25a_sdw09_alp_ovl.bmp>.png>
"C:\Development\Git\MGS2-PS2-Textures\d - substance\sp25a\d61cd6a617dce0f5-1dcff065a149d422-r128x160-00002a54.png"|<"mgs2/base textures/" /<sp25a_sdw28_alp_ovl.bmp>.png>
"C:\Development\Git\MGS2-PS2-Textures\d - substance\sp25a\dc7fb5b60680b9db-2ae4caeb6e48afd3-r72x128-00002a54.png"|<"mgs2/base textures/" /<sp25a_sdw32_alp_ovl.bmp|sp25a_sdw45_alp_ovl.bmp>.png>
"C:\Development\Git\MGS2-PS2-Textures\d - substance\sp25a\e78f1bd0f6a15084-f6235d3b694664d2-r80x80-00002a94.png"|<"mgs2/base textures/" /<sp25a_sdw04_alp_ovl.bmp>.png>
"C:\Development\Git\MGS2-PS2-Textures\d - substance\sp25a\ef7e2ac0fe955492-35fde484d44d6459-r224x96-00002a54.png"|<"mgs2/base textures/" /<sp25a_sdw23_alp_ovl.bmp>.png>
"C:\Development\Git\MGS2-PS2-Textures\d - substance\sp25a\f5194d9dffd73d3e-3bcf86873c0d4228-r96x104-00002a94.png"|<"mgs2/base textures/" /<sp25a_sdw01_alp_ovl.bmp>.png>
"C:\Development\Git\MGS2-PS2-Textures\d - substance\wp51a\ws51a_sdw00_alp_ovl.bmp.png"|<"mgs2/base textures/" /<ws51a_sdw00_alp_ovl.bmp>.png>
"C:\Development\Git\MGS2-PS2-Textures\d - substance\wp51a\ws51a_sdw00a_alp_ovl.bmp.png"|<"mgs2/base textures/" /<ws51a_sdw00a_alp_ovl.bmp>.png>
"C:\Development\Git\MGS2-PS2-Textures\d - substance\wp51a\ws51a_sdw00b_alp_ovl.bmp.png"|<"mgs2/base textures/" /<ws51a_sdw00b_alp_ovl.bmp>.png>
"C:\Development\Git\MGS2-PS2-Textures\d - substance\wp52a\ws52a_sdw00_alp_ovl.bmp.png"|<"mgs2/base textures/" /<ws52a_sdw00_alp_ovl.bmp>.png>
"C:\Development\Git\MGS2-PS2-Textures\d - substance\wp52a\ws52a_sdw02_alp_ovl.bmp.png"|<"mgs2/base textures/" /<ws52a_sdw02_alp_ovl.bmp>.png>
"C:\Development\Git\MGS2-PS2-Textures\d - substance\wp52a\ws52a_sdw02a_alp_ovl.bmp.png"|<"mgs2/base textures/" /<ws52a_sdw02a_alp_ovl.bmp>.png>
"C:\Development\Git\MGS2-PS2-Textures\d - substance\wp52a\ws52a_sdw02b_alp_ovl.bmp.png"|<"mgs2/base textures/" /<ws52a_sdw02b_alp_ovl.bmp>.png>
"C:\Development\Git\MGS2-PS2-Textures\d - substance\wp52a\ws52a_sdw02c_alp_ovl.bmp.png"|<"mgs2/base textures/" /<ws52a_sdw02c_alp_ovl.bmp>.png>
"C:\Development\Git\MGS2-PS2-Textures\d - substance\wp52a\ws52a_sdw02d_alp_ovl.bmp.png"|<"mgs2/base textures/" /<ws52a_sdw02d_alp_ovl.bmp>.png>
"C:\Development\Git\MGS2-PS2-Textures\d - substance\wp52a\ws52a_sdw02e_alp_ovl.bmp.png"|<"mgs2/base textures/" /<ws52a_sdw02e_alp_ovl.bmp>.png>
"C:\Development\Git\MGS2-PS2-Textures\d - substance\wp52a\ws52a_sdw02f_alp_ovl.bmp.png"|<"mgs2/base textures/" /<ws52a_sdw02f_alp_ovl.bmp>.png>
"C:\Development\Git\MGS2-PS2-Textures\d - substance\wp52a\ws52a_sdw03_alp_ovl.bmp.png"|<"mgs2/base textures/" /<ws52a_sdw03_alp_ovl.bmp>.png>
"C:\Development\Git\MGS2-PS2-Textures\d - substance\wp52a\ws52a_sdw03a_alp_ovl.bmp.png"|<"mgs2/base textures/" /<ws52a_sdw03a_alp_ovl.bmp>.png>
"C:\Development\Git\MGS2-PS2-Textures\d - substance\wp52a\ws52a_sdw03b_alp_ovl.bmp.png"|<"mgs2/base textures/" /<ws52a_sdw03b_alp_ovl.bmp>.png>
"C:\Development\Git\MGS2-PS2-Textures\d - substance\wp52a\ws52a_sdw03c_alp_ovl.bmp.png"|<"mgs2/base textures/" /<ws52a_sdw03c_alp_ovl.bmp|ws52a_sdw04a_alp_ovl.bmp>.png>
"C:\Development\Git\MGS2-PS2-Textures\d - substance\wp52a\ws52a_sdw03d_alp_ovl.bmp.png"|<"mgs2/base textures/" /<ws52a_sdw03d_alp_ovl.bmp>.png>
"C:\Development\Git\MGS2-PS2-Textures\d - substance\wp52a\ws52a_sdw03e_alp_ovl.bmp.png"|<"mgs2/base textures/" /<ws52a_sdw03e_alp_ovl.bmp>.png>
"C:\Development\Git\MGS2-PS2-Textures\d - substance\wp52a\ws52a_sdw04_alp_ovl.bmp.png"|<"mgs2/base textures/" /<ws52a_sdw04_alp_ovl.bmp>.png>
"C:\Development\Git\MGS2-PS2-Textures\d - substance\wp52a\ws52a_sdw04b_alp_ovl.bmp.png"|<"mgs2/base textures/" /<ws52a_sdw04b_alp_ovl.bmp|ws52a_sdw04i_alp_ovl.bmp>.png>
"C:\Development\Git\MGS2-PS2-Textures\d - substance\wp52a\ws52a_sdw04c_alp_ovl.bmp.png"|<"mgs2/base textures/" /<ws52a_sdw04c_alp_ovl.bmp>.png>
"C:\Development\Git\MGS2-PS2-Textures\d - substance\wp52a\ws52a_sdw04d_alp_ovl.bmp.png"|<"mgs2/base textures/" /<ws52a_sdw04d_alp_ovl.bmp>.png>
"C:\Development\Git\MGS2-PS2-Textures\d - substance\wp52a\ws52a_sdw04g_alp_ovl.bmp.png"|<"mgs2/base textures/" /<ws52a_sdw04g_alp_ovl.bmp>.png>
"C:\Development\Git\MGS2-PS2-Textures\d - substance\wp53a\fd8a9c0cab94cf5e-5e5176004c9c0003-r32x304-00002a14.png"|<"mgs2/base textures/" /<ws33a_shw02_alp_ovl.bmp_d6dfbf599e5c8376dcedcf427dfd67a1|ws53a_sdw002_alp_ovl.bmp|ws53a_sdw007_alp_ovl.bmp|ws53a_sdw07_alp_ovl.bmp>.png>
"C:\Development\Git\MGS2-PS2-Textures\d - substance\wp53a\ws33a_shw02_alp_ovl.bmp_d6dfbf599e5c8376dcedcf427dfd67a1.png"|<"mgs2/base textures/" /<ws33a_shw02_alp_ovl.bmp_d6dfbf599e5c8376dcedcf427dfd67a1|ws53a_sdw002_alp_ovl.bmp|ws53a_sdw007_alp_ovl.bmp|ws53a_sdw07_alp_ovl.bmp>.png>
"C:\Development\Git\MGS2-PS2-Textures\d - substance\wp53a\ws33a_shw03_alp_ovl.bmp_14ce115100999d0b16ddad95d1e21090.png"|<"mgs2/base textures/" /<ws33a_shw03_alp_ovl.bmp_14ce115100999d0b16ddad95d1e21090|ws53a_sdw003_alp_ovl.bmp>.png>
"C:\Development\Git\MGS2-PS2-Textures\d - substance\wp53a\ws53a_sdw003_alp_ovl.bmp.png"|<"mgs2/base textures/" /<ws33a_shw03_alp_ovl.bmp_14ce115100999d0b16ddad95d1e21090|ws53a_sdw003_alp_ovl.bmp>.png>
"C:\Development\Git\MGS2-PS2-Textures\d - substance\wp53a\ws53a_sdw004_alp_ovl.bmp.png"|<"mgs2/base textures/" /<ws53a_sdw004_alp_ovl.bmp>.png>
"C:\Development\Git\MGS2-PS2-Textures\d - substance\wp53a\ws53a_sdw008_alp_ovl.bmp.png"|<"mgs2/base textures/" /<ws53a_sdw008_alp_ovl.bmp|ws53a_sdw08_alp_ovl.bmp|ws53a_sdw10_alp_ovl.bmp>.png>
"C:\Development\Git\MGS2-PS2-Textures\d - substance\wp53a\ws53a_sdw08_alp_ovl.bmp.png"|<"mgs2/base textures/" /<ws53a_sdw008_alp_ovl.bmp|ws53a_sdw08_alp_ovl.bmp|ws53a_sdw10_alp_ovl.bmp>.png>
"C:\Development\Git\MGS2-PS2-Textures\d - substance\wp53a\ws53a_sdw10_alp_ovl.bmp.png"|<"mgs2/base textures/" /<ws53a_sdw008_alp_ovl.bmp|ws53a_sdw08_alp_ovl.bmp|ws53a_sdw10_alp_ovl.bmp>.png>
"C:\Development\Git\MGS2-PS2-Textures\d - substance\wp53a\ws53a_sdw12_alp_ovl.bmp.png"|<"mgs2/base textures/" /<ws53a_sdw12_alp_ovl.bmp>.png>
"C:\Development\Git\MGS2-PS2-Textures\d - substance\wp54a\ws54a_wshw01_alp_ovl.bmp.png"|<"mgs2/base textures/" /<ws54a_wshw01_alp_ovl.bmp|ws54a_wshw09_alp_ovl.bmp|ws54a_wshw11_alp_ovl.bmp|ws54a_wshw21_alp_ovl.bmp|ws54a_wshw22_alp_ovl.bmp>.png>
"C:\Development\Git\MGS2-PS2-Textures\d - substance\wp54a\ws54a_wshw09_alp_ovl.bmp.png"|<"mgs2/base textures/" /<ws54a_wshw01_alp_ovl.bmp|ws54a_wshw09_alp_ovl.bmp|ws54a_wshw11_alp_ovl.bmp|ws54a_wshw21_alp_ovl.bmp|ws54a_wshw22_alp_ovl.bmp>.png>
"C:\Development\Git\MGS2-PS2-Textures\d - substance\wp54a\ws54a_wshw11_alp_ovl.bmp.png"|<"mgs2/base textures/" /<ws54a_wshw01_alp_ovl.bmp|ws54a_wshw09_alp_ovl.bmp|ws54a_wshw11_alp_ovl.bmp|ws54a_wshw21_alp_ovl.bmp|ws54a_wshw22_alp_ovl.bmp>.png>
"C:\Development\Git\MGS2-PS2-Textures\d - substance\wp54a\ws54a_wshw21_alp_ovl.bmp.png"|<"mgs2/base textures/" /<ws54a_wshw01_alp_ovl.bmp|ws54a_wshw09_alp_ovl.bmp|ws54a_wshw11_alp_ovl.bmp|ws54a_wshw21_alp_ovl.bmp|ws54a_wshw22_alp_ovl.bmp>.png>
"C:\Development\Git\MGS2-PS2-Textures\d - substance\wp54a\ws54a_wshw22_alp_ovl.bmp.png"|<"mgs2/base textures/" /<ws54a_wshw01_alp_ovl.bmp|ws54a_wshw09_alp_ovl.bmp|ws54a_wshw11_alp_ovl.bmp|ws54a_wshw21_alp_ovl.bmp|ws54a_wshw22_alp_ovl.bmp>.png>
"C:\Development\Git\MGS2-PS2-Textures\d - substance\wp55a\ws55a_sdw01_alp_ovl.bmp.png"|<"mgs2/base textures/" /<ws55a_sdw01_alp_ovl.bmp>.png>
"C:\Development\Git\MGS2-PS2-Textures\d - substance\wp55a\ws55a_sdw02_alp_ovl.bmp.png"|<"mgs2/base textures/" /<ws55a_sdw02_alp_ovl.bmp>.png>
"C:\Development\Git\MGS2-PS2-Textures\d - substance\wp55a\ws55a_sdw03_alp_ovl.bmp.png"|<"mgs2/base textures/" /<ws55a_sdw03_alp_ovl.bmp>.png>
"C:\Development\Git\MGS2-PS2-Textures\d - substance\wp55a\ws55a_sdw04_alp_ovl.bmp.png"|<"mgs2/base textures/" /<ws55a_sdw04_alp_ovl.bmp>.png>
"C:\Development\Git\MGS2-PS2-Textures\d - substance\wp55a\ws55a_sdw05_alp_ovl.bmp.png"|<"mgs2/base textures/" /<ws55a_sdw05_alp_ovl.bmp>.png>
"C:\Development\Git\MGS2-PS2-Textures\d - substance\wp55a\ws55a_sdw06_alp_ovl.bmp.png"|<"mgs2/base textures/" /<ws55a_sdw06_alp_ovl.bmp>.png>
"C:\Development\Git\MGS2-PS2-Textures\d - substance\wp55a\ws55a_sdw07_alp_ovl.bmp.png"|<"mgs2/base textures/" /<ws55a_sdw07_alp_ovl.bmp>.png>
"C:\Development\Git\MGS2-PS2-Textures\d - substance\wp55a\ws55a_sdw08_alp_ovl.bmp.png"|<"mgs2/base textures/" /<ws55a_sdw08_alp_ovl.bmp|ws55a_sdw09_alp_ovl.bmp>.png>
"C:\Development\Git\MGS2-PS2-Textures\d - substance\wp55a\ws55a_sdw09_alp_ovl.bmp.png"|<"mgs2/base textures/" /<ws55a_sdw08_alp_ovl.bmp|ws55a_sdw09_alp_ovl.bmp>.png>
"C:\Development\Git\MGS2-PS2-Textures\d - substance\wp55a\ws55a_sdw10_alp_ovl.bmp.png"|<"mgs2/base textures/" /<ws55a_sdw10_alp_ovl.bmp>.png>
"C:\Development\Git\MGS2-PS2-Textures\d - substance\wp55a\ws55a_sdw13_alp_ovl.bmp.png"|<"mgs2/base textures/" /<ws55a_sdw13_alp_ovl.bmp>.png>
"C:\Development\Git\MGS2-PS2-Textures\d - substance\wp55a\ws55a_sdw14_alp_ovl.bmp.png"|<"mgs2/base textures/" /<ws55a_sdw14_alp_ovl.bmp>.png>
"C:\Development\Git\MGS2-PS2-Textures\d - substance\wp55a\ws55a_sdw15_alp_ovl.bmp.png"|<"mgs2/base textures/" /<ws55a_sdw15_alp_ovl.bmp>.png>
"C:\Development\Git\MGS2-PS2-Textures\d - substance\wp55a\ws55a_sdw17_alp_ovl.bmp.png"|<"mgs2/base textures/" /<ws55a_sdw17_alp_ovl.bmp>.png>
"C:\Development\Git\MGS2-PS2-Textures\d - substance\wp55a\ws55a_sdw18_alp_ovl.bmp.png"|<"mgs2/base textures/" /<ws55a_sdw18_alp_ovl.bmp>.png>
"C:\Development\Git\MGS2-PS2-Textures\d - substance\wp55a\ws55a_sdw31_alp_ovl.bmp.png"|<"mgs2/base textures/" /<ws55a_sdw31_alp_ovl.bmp>.png>
"C:\Development\Git\MGS2-PS2-Textures\d - substance\wp61a\ws61a_sdw01a_alp_ovl.bmp.png"|<"mgs2/base textures/" /<ws61a_sdw01a_alp_ovl.bmp>.png>
"C:\Development\Git\MGS2-PS2-Textures\d - substance\wp61a\ws61a_sdw01b_alp_ovl.bmp.png"|<"mgs2/base textures/" /<ws61a_sdw01b_alp_ovl.bmp>.png>
"C:\Development\Git\MGS2-PS2-Textures\d - substance\wp62a\1cc61d9d60dcaca1-9af34c2b5fc1f6e8-r32x48-00002a14.png"|<"mgs2/base textures/" /<ws62a_sdw04b_alp_ovl.bmp|ws62a_sdw08_alp_ovl.bmp|ws62a_sdw08a_alp_ovl.bmp|ws62a_sdw08b_alp_ovl.bmp|ws62a_sdw10c_alp_ovl.bmp|ws62a_sdw11a_alp_ovl.bmp|ws62a_sdw11c_alp_ovl.bmp|ws62a_sdw12b_alp_ovl.bmp|ws62a_sdw13f_alp_ovl.bmp|ws62a_sdw13g_alp_ovl.bmp|ws62a_sdw13l_alp_ovl.bmp|ws62a_sdw13m_alp_ovl.bmp|ws62a_sdw13n_alp_ovl.bmp|ws62a_sdw13o_alp_ovl.bmp|ws62a_sdw14b_alp_ovl.bmp|ws62a_sdw15d_alp_ovl.bmp|ws62a_sdw16_alp_ovl.bmp|ws62a_sdw16a_alp_ovl.bmp|ws62a_sdw16b_alp_ovl.bmp|ws62a_sdw16d_alp_ovl.bmp|ws62a_sdw16e_alp_ovl.bmp>.png>
"C:\Development\Git\MGS2-PS2-Textures\d - substance\wp62a\367898bbf6687aaa-3a8c4e3e07279008-r32x48-00002a14.png"|<"mgs2/base textures/" /<ws62a_sdw04b_alp_ovl.bmp|ws62a_sdw08_alp_ovl.bmp|ws62a_sdw08a_alp_ovl.bmp|ws62a_sdw08b_alp_ovl.bmp|ws62a_sdw10c_alp_ovl.bmp|ws62a_sdw11a_alp_ovl.bmp|ws62a_sdw11c_alp_ovl.bmp|ws62a_sdw12b_alp_ovl.bmp|ws62a_sdw13f_alp_ovl.bmp|ws62a_sdw13g_alp_ovl.bmp|ws62a_sdw13l_alp_ovl.bmp|ws62a_sdw13m_alp_ovl.bmp|ws62a_sdw13n_alp_ovl.bmp|ws62a_sdw13o_alp_ovl.bmp|ws62a_sdw14b_alp_ovl.bmp|ws62a_sdw15d_alp_ovl.bmp|ws62a_sdw16_alp_ovl.bmp|ws62a_sdw16a_alp_ovl.bmp|ws62a_sdw16b_alp_ovl.bmp|ws62a_sdw16d_alp_ovl.bmp|ws62a_sdw16e_alp_ovl.bmp>.png>
"C:\Development\Git\MGS2-PS2-Textures\d - substance\wp62a\3a96aa874753e098-aa242d7879f8ca37-r32x48-00002a14.png"|<"mgs2/base textures/" /<ws62a_sdw04b_alp_ovl.bmp|ws62a_sdw08_alp_ovl.bmp|ws62a_sdw08a_alp_ovl.bmp|ws62a_sdw08b_alp_ovl.bmp|ws62a_sdw10c_alp_ovl.bmp|ws62a_sdw11a_alp_ovl.bmp|ws62a_sdw11c_alp_ovl.bmp|ws62a_sdw12b_alp_ovl.bmp|ws62a_sdw13f_alp_ovl.bmp|ws62a_sdw13g_alp_ovl.bmp|ws62a_sdw13l_alp_ovl.bmp|ws62a_sdw13m_alp_ovl.bmp|ws62a_sdw13n_alp_ovl.bmp|ws62a_sdw13o_alp_ovl.bmp|ws62a_sdw14b_alp_ovl.bmp|ws62a_sdw15d_alp_ovl.bmp|ws62a_sdw16_alp_ovl.bmp|ws62a_sdw16a_alp_ovl.bmp|ws62a_sdw16b_alp_ovl.bmp|ws62a_sdw16d_alp_ovl.bmp|ws62a_sdw16e_alp_ovl.bmp>.png>
"C:\Development\Git\MGS2-PS2-Textures\d - substance\wp62a\5ea61df4c5d6e61b-18b952562e1721c8-r32x48-00002a14.png"|<"mgs2/base textures/" /<ws62a_sdw04b_alp_ovl.bmp|ws62a_sdw08_alp_ovl.bmp|ws62a_sdw08a_alp_ovl.bmp|ws62a_sdw08b_alp_ovl.bmp|ws62a_sdw10c_alp_ovl.bmp|ws62a_sdw11a_alp_ovl.bmp|ws62a_sdw11c_alp_ovl.bmp|ws62a_sdw12b_alp_ovl.bmp|ws62a_sdw13f_alp_ovl.bmp|ws62a_sdw13g_alp_ovl.bmp|ws62a_sdw13l_alp_ovl.bmp|ws62a_sdw13m_alp_ovl.bmp|ws62a_sdw13n_alp_ovl.bmp|ws62a_sdw13o_alp_ovl.bmp|ws62a_sdw14b_alp_ovl.bmp|ws62a_sdw15d_alp_ovl.bmp|ws62a_sdw16_alp_ovl.bmp|ws62a_sdw16a_alp_ovl.bmp|ws62a_sdw16b_alp_ovl.bmp|ws62a_sdw16d_alp_ovl.bmp|ws62a_sdw16e_alp_ovl.bmp>.png>
"C:\Development\Git\MGS2-PS2-Textures\d - substance\wp62a\7847fe520611c022-b3e5e9a63dd8c5e1-r24x16-00002a14.png"|<"mgs2/base textures/" /<ws62a_sdw01_alp_ovl.bmp|ws62a_sdw13_alp_ovl.bmp>.png>
"C:\Development\Git\MGS2-PS2-Textures\d - substance\wp62a\9d41974d9ab6e77b-88c8671f72ff9842-r24x16-00002a14.png"|<"mgs2/base textures/" /<ws62a_sdw01_alp_ovl.bmp|ws62a_sdw13_alp_ovl.bmp>.png>
"C:\Development\Git\MGS2-PS2-Textures\d - substance\wp62a\d40f61b54d32b2fa-d2454125c81e17a0-r32x80-00002a14.png"|<"mgs2/base textures/" /<ws62a_sdw05a_alp_ovl.bmp|ws62a_sdw06a_alp_ovl.bmp|ws62a_sdw06b_alp_ovl.bmp|ws62a_sdw12_alp_ovl.bmp|ws62a_sdw12a_alp_ovl.bmp|ws62a_sdw13b_alp_ovl.bmp|ws62a_sdw13c_alp_ovl.bmp|ws62a_sdw13h_alp_ovl.bmp|ws62a_sdw13j_alp_ovl.bmp>.png>
"C:\Development\Git\MGS2-PS2-Textures\d - substance\wp62a\e5acd51292d4f6f1-745e9f26de3334e8-r32x80-00002a14.png"|<"mgs2/base textures/" /<ws62a_sdw05a_alp_ovl.bmp|ws62a_sdw06a_alp_ovl.bmp|ws62a_sdw06b_alp_ovl.bmp|ws62a_sdw12_alp_ovl.bmp|ws62a_sdw12a_alp_ovl.bmp|ws62a_sdw13b_alp_ovl.bmp|ws62a_sdw13c_alp_ovl.bmp|ws62a_sdw13h_alp_ovl.bmp|ws62a_sdw13j_alp_ovl.bmp>.png>
"C:\Development\Git\MGS2-PS2-Textures\d - substance\wp62a\ebe2da8c5f1eb777-36fdae32ef3bb1b0-r32x80-00002a14.png"|<"mgs2/base textures/" /<ws62a_sdw05a_alp_ovl.bmp|ws62a_sdw06a_alp_ovl.bmp|ws62a_sdw06b_alp_ovl.bmp|ws62a_sdw12_alp_ovl.bmp|ws62a_sdw12a_alp_ovl.bmp|ws62a_sdw13b_alp_ovl.bmp|ws62a_sdw13c_alp_ovl.bmp|ws62a_sdw13h_alp_ovl.bmp|ws62a_sdw13j_alp_ovl.bmp>.png>
"C:\Development\Git\MGS2-PS2-Textures\d - substance\wp62a\ebe830ade19e6d1c-8b1c88044b9d619c-r32x80-00002a14.png"|<"mgs2/base textures/" /<ws62a_sdw05a_alp_ovl.bmp|ws62a_sdw06a_alp_ovl.bmp|ws62a_sdw06b_alp_ovl.bmp|ws62a_sdw12_alp_ovl.bmp|ws62a_sdw12a_alp_ovl.bmp|ws62a_sdw13b_alp_ovl.bmp|ws62a_sdw13c_alp_ovl.bmp|ws62a_sdw13h_alp_ovl.bmp|ws62a_sdw13j_alp_ovl.bmp>.png>
"C:\Development\Git\MGS2-PS2-Textures\d - substance\wp62a\ws62a_sdw00_alp_ovl.bmp.png"|<"mgs2/base textures/" /<ws62a_sdw00_alp_ovl.bmp>.png>
"C:\Development\Git\MGS2-PS2-Textures\d - substance\wp62a\ws62a_sdw00a_alp_ovl.bmp.png"|<"mgs2/base textures/" /<ws62a_sdw00a_alp_ovl.bmp>.png>
"C:\Development\Git\MGS2-PS2-Textures\d - substance\wp62a\ws62a_sdw00b_alp_ovl.bmp.png"|<"mgs2/base textures/" /<ws62a_sdw00b_alp_ovl.bmp>.png>
"C:\Development\Git\MGS2-PS2-Textures\d - substance\wp62a\ws62a_sdw00e_alp_ovl.bmp.png"|<"mgs2/base textures/" /<ws62a_sdw00e_alp_ovl.bmp|ws62a_sdw00g_alp_ovl.bmp>.png>
"C:\Development\Git\MGS2-PS2-Textures\d - substance\wp62a\ws62a_sdw00f_alp_ovl.bmp.png"|<"mgs2/base textures/" /<fms_ibox.bmp|gun_ibox.bmp|launcher_ibox.bmp|ration_box.bmp|ws62a_sdw00f_alp_ovl.bmp>.png>
"C:\Development\Git\MGS2-PS2-Textures\d - substance\wp62a\ws62a_sdw00g_alp_ovl.bmp.png"|<"mgs2/base textures/" /<ws62a_sdw00e_alp_ovl.bmp|ws62a_sdw00g_alp_ovl.bmp>.png>
"C:\Development\Git\MGS2-PS2-Textures\d - substance\wp62a\ws62a_sdw02_alp_ovl.bmp.png"|<"mgs2/base textures/" /<ws62a_sdw02_alp_ovl.bmp>.png>
"C:\Development\Git\MGS2-PS2-Textures\d - substance\wp62a\ws62a_sdw03e_alp_ovl.bmp.png"|<"mgs2/base textures/" /<ws62a_sdw03e_alp_ovl.bmp>.png>
"C:\Development\Git\MGS2-PS2-Textures\d - substance\wp62a\ws62a_sdw04_alp_ovl.bmp.png"|<"mgs2/base textures/" /<ws62a_sdw04_alp_ovl.bmp>.png>
"C:\Development\Git\MGS2-PS2-Textures\d - substance\wp62a\ws62a_sdw04b_alp_ovl.bmp.png"|<"mgs2/base textures/" /<ws62a_sdw04b_alp_ovl.bmp|ws62a_sdw08_alp_ovl.bmp|ws62a_sdw08a_alp_ovl.bmp|ws62a_sdw08b_alp_ovl.bmp|ws62a_sdw10c_alp_ovl.bmp|ws62a_sdw11a_alp_ovl.bmp|ws62a_sdw11c_alp_ovl.bmp|ws62a_sdw12b_alp_ovl.bmp|ws62a_sdw13f_alp_ovl.bmp|ws62a_sdw13g_alp_ovl.bmp|ws62a_sdw13l_alp_ovl.bmp|ws62a_sdw13m_alp_ovl.bmp|ws62a_sdw13n_alp_ovl.bmp|ws62a_sdw13o_alp_ovl.bmp|ws62a_sdw14b_alp_ovl.bmp|ws62a_sdw15d_alp_ovl.bmp|ws62a_sdw16_alp_ovl.bmp|ws62a_sdw16a_alp_ovl.bmp|ws62a_sdw16b_alp_ovl.bmp|ws62a_sdw16d_alp_ovl.bmp|ws62a_sdw16e_alp_ovl.bmp>.png>
"C:\Development\Git\MGS2-PS2-Textures\d - substance\wp62a\ws62a_sdw04c_alp_ovl.bmp.png"|<"mgs2/base textures/" /<ws62a_sdw04c_alp_ovl.bmp|ws62a_sdw09a_alp_ovl.bmp>.png>
"C:\Development\Git\MGS2-PS2-Textures\d - substance\wp62a\ws62a_sdw05_alp_ovl.bmp.png"|<"mgs2/base textures/" /<ws62a_sdw05_alp_ovl.bmp>.png>
"C:\Development\Git\MGS2-PS2-Textures\d - substance\wp62a\ws62a_sdw05a_alp_ovl.bmp.png"|<"mgs2/base textures/" /<ws62a_sdw05a_alp_ovl.bmp|ws62a_sdw06a_alp_ovl.bmp|ws62a_sdw06b_alp_ovl.bmp|ws62a_sdw12_alp_ovl.bmp|ws62a_sdw12a_alp_ovl.bmp|ws62a_sdw13b_alp_ovl.bmp|ws62a_sdw13c_alp_ovl.bmp|ws62a_sdw13h_alp_ovl.bmp|ws62a_sdw13j_alp_ovl.bmp>.png>
"C:\Development\Git\MGS2-PS2-Textures\d - substance\wp62a\ws62a_sdw06a_alp_ovl.bmp.png"|<"mgs2/base textures/" /<ws62a_sdw05a_alp_ovl.bmp|ws62a_sdw06a_alp_ovl.bmp|ws62a_sdw06b_alp_ovl.bmp|ws62a_sdw12_alp_ovl.bmp|ws62a_sdw12a_alp_ovl.bmp|ws62a_sdw13b_alp_ovl.bmp|ws62a_sdw13c_alp_ovl.bmp|ws62a_sdw13h_alp_ovl.bmp|ws62a_sdw13j_alp_ovl.bmp>.png>
"C:\Development\Git\MGS2-PS2-Textures\d - substance\wp62a\ws62a_sdw07_alp_ovl.bmp.png"|<"mgs2/base textures/" /<ws62a_sdw07_alp_ovl.bmp>.png>
"C:\Development\Git\MGS2-PS2-Textures\d - substance\wp62a\ws62a_sdw08_alp_ovl.bmp.png"|<"mgs2/base textures/" /<ws62a_sdw04b_alp_ovl.bmp|ws62a_sdw08_alp_ovl.bmp|ws62a_sdw08a_alp_ovl.bmp|ws62a_sdw08b_alp_ovl.bmp|ws62a_sdw10c_alp_ovl.bmp|ws62a_sdw11a_alp_ovl.bmp|ws62a_sdw11c_alp_ovl.bmp|ws62a_sdw12b_alp_ovl.bmp|ws62a_sdw13f_alp_ovl.bmp|ws62a_sdw13g_alp_ovl.bmp|ws62a_sdw13l_alp_ovl.bmp|ws62a_sdw13m_alp_ovl.bmp|ws62a_sdw13n_alp_ovl.bmp|ws62a_sdw13o_alp_ovl.bmp|ws62a_sdw14b_alp_ovl.bmp|ws62a_sdw15d_alp_ovl.bmp|ws62a_sdw16_alp_ovl.bmp|ws62a_sdw16a_alp_ovl.bmp|ws62a_sdw16b_alp_ovl.bmp|ws62a_sdw16d_alp_ovl.bmp|ws62a_sdw16e_alp_ovl.bmp>.png>
"C:\Development\Git\MGS2-PS2-Textures\d - substance\wp62a\ws62a_sdw08b_alp_ovl.bmp.png"|<"mgs2/base textures/" /<ws62a_sdw04b_alp_ovl.bmp|ws62a_sdw08_alp_ovl.bmp|ws62a_sdw08a_alp_ovl.bmp|ws62a_sdw08b_alp_ovl.bmp|ws62a_sdw10c_alp_ovl.bmp|ws62a_sdw11a_alp_ovl.bmp|ws62a_sdw11c_alp_ovl.bmp|ws62a_sdw12b_alp_ovl.bmp|ws62a_sdw13f_alp_ovl.bmp|ws62a_sdw13g_alp_ovl.bmp|ws62a_sdw13l_alp_ovl.bmp|ws62a_sdw13m_alp_ovl.bmp|ws62a_sdw13n_alp_ovl.bmp|ws62a_sdw13o_alp_ovl.bmp|ws62a_sdw14b_alp_ovl.bmp|ws62a_sdw15d_alp_ovl.bmp|ws62a_sdw16_alp_ovl.bmp|ws62a_sdw16a_alp_ovl.bmp|ws62a_sdw16b_alp_ovl.bmp|ws62a_sdw16d_alp_ovl.bmp|ws62a_sdw16e_alp_ovl.bmp>.png>
"C:\Development\Git\MGS2-PS2-Textures\d - substance\wp62a\ws62a_sdw09a_alp_ovl.bmp.png"|<"mgs2/base textures/" /<ws62a_sdw04c_alp_ovl.bmp|ws62a_sdw09a_alp_ovl.bmp>.png>
"C:\Development\Git\MGS2-PS2-Textures\d - substance\wp62a\ws62a_sdw10_alp_ovl.bmp.png"|<"mgs2/base textures/" /<ws62a_sdw10_alp_ovl.bmp>.png>
"C:\Development\Git\MGS2-PS2-Textures\d - substance\wp62a\ws62a_sdw10a_alp_ovl.bmp.png"|<"mgs2/base textures/" /<ws62a_sdw10a_alp_ovl.bmp|ws62a_sdw10b_alp_ovl.bmp>.png>
"C:\Development\Git\MGS2-PS2-Textures\d - substance\wp62a\ws62a_sdw10b_alp_ovl.bmp.png"|<"mgs2/base textures/" /<ws62a_sdw10a_alp_ovl.bmp|ws62a_sdw10b_alp_ovl.bmp>.png>
"C:\Development\Git\MGS2-PS2-Textures\d - substance\wp62a\ws62a_sdw10c_alp_ovl.bmp.png"|<"mgs2/base textures/" /<ws62a_sdw04b_alp_ovl.bmp|ws62a_sdw08_alp_ovl.bmp|ws62a_sdw08a_alp_ovl.bmp|ws62a_sdw08b_alp_ovl.bmp|ws62a_sdw10c_alp_ovl.bmp|ws62a_sdw11a_alp_ovl.bmp|ws62a_sdw11c_alp_ovl.bmp|ws62a_sdw12b_alp_ovl.bmp|ws62a_sdw13f_alp_ovl.bmp|ws62a_sdw13g_alp_ovl.bmp|ws62a_sdw13l_alp_ovl.bmp|ws62a_sdw13m_alp_ovl.bmp|ws62a_sdw13n_alp_ovl.bmp|ws62a_sdw13o_alp_ovl.bmp|ws62a_sdw14b_alp_ovl.bmp|ws62a_sdw15d_alp_ovl.bmp|ws62a_sdw16_alp_ovl.bmp|ws62a_sdw16a_alp_ovl.bmp|ws62a_sdw16b_alp_ovl.bmp|ws62a_sdw16d_alp_ovl.bmp|ws62a_sdw16e_alp_ovl.bmp>.png>
"C:\Development\Git\MGS2-PS2-Textures\d - substance\wp62a\ws62a_sdw11a_alp_ovl.bmp.png"|<"mgs2/base textures/" /<ws62a_sdw04b_alp_ovl.bmp|ws62a_sdw08_alp_ovl.bmp|ws62a_sdw08a_alp_ovl.bmp|ws62a_sdw08b_alp_ovl.bmp|ws62a_sdw10c_alp_ovl.bmp|ws62a_sdw11a_alp_ovl.bmp|ws62a_sdw11c_alp_ovl.bmp|ws62a_sdw12b_alp_ovl.bmp|ws62a_sdw13f_alp_ovl.bmp|ws62a_sdw13g_alp_ovl.bmp|ws62a_sdw13l_alp_ovl.bmp|ws62a_sdw13m_alp_ovl.bmp|ws62a_sdw13n_alp_ovl.bmp|ws62a_sdw13o_alp_ovl.bmp|ws62a_sdw14b_alp_ovl.bmp|ws62a_sdw15d_alp_ovl.bmp|ws62a_sdw16_alp_ovl.bmp|ws62a_sdw16a_alp_ovl.bmp|ws62a_sdw16b_alp_ovl.bmp|ws62a_sdw16d_alp_ovl.bmp|ws62a_sdw16e_alp_ovl.bmp>.png>
"C:\Development\Git\MGS2-PS2-Textures\d - substance\wp62a\ws62a_sdw11b_alp_ovl.bmp.png"|<"mgs2/base textures/" /<ws62a_sdw11b_alp_ovl.bmp>.png>
"C:\Development\Git\MGS2-PS2-Textures\d - substance\wp62a\ws62a_sdw11c_alp_ovl.bmp.png"|<"mgs2/base textures/" /<ws62a_sdw04b_alp_ovl.bmp|ws62a_sdw08_alp_ovl.bmp|ws62a_sdw08a_alp_ovl.bmp|ws62a_sdw08b_alp_ovl.bmp|ws62a_sdw10c_alp_ovl.bmp|ws62a_sdw11a_alp_ovl.bmp|ws62a_sdw11c_alp_ovl.bmp|ws62a_sdw12b_alp_ovl.bmp|ws62a_sdw13f_alp_ovl.bmp|ws62a_sdw13g_alp_ovl.bmp|ws62a_sdw13l_alp_ovl.bmp|ws62a_sdw13m_alp_ovl.bmp|ws62a_sdw13n_alp_ovl.bmp|ws62a_sdw13o_alp_ovl.bmp|ws62a_sdw14b_alp_ovl.bmp|ws62a_sdw15d_alp_ovl.bmp|ws62a_sdw16_alp_ovl.bmp|ws62a_sdw16a_alp_ovl.bmp|ws62a_sdw16b_alp_ovl.bmp|ws62a_sdw16d_alp_ovl.bmp|ws62a_sdw16e_alp_ovl.bmp>.png>
"C:\Development\Git\MGS2-PS2-Textures\d - substance\wp62a\ws62a_sdw12_alp_ovl.bmp.png"|<"mgs2/base textures/" /<ws62a_sdw05a_alp_ovl.bmp|ws62a_sdw06a_alp_ovl.bmp|ws62a_sdw06b_alp_ovl.bmp|ws62a_sdw12_alp_ovl.bmp|ws62a_sdw12a_alp_ovl.bmp|ws62a_sdw13b_alp_ovl.bmp|ws62a_sdw13c_alp_ovl.bmp|ws62a_sdw13h_alp_ovl.bmp|ws62a_sdw13j_alp_ovl.bmp>.png>
"C:\Development\Git\MGS2-PS2-Textures\d - substance\wp62a\ws62a_sdw12b_alp_ovl.bmp.png"|<"mgs2/base textures/" /<ws62a_sdw04b_alp_ovl.bmp|ws62a_sdw08_alp_ovl.bmp|ws62a_sdw08a_alp_ovl.bmp|ws62a_sdw08b_alp_ovl.bmp|ws62a_sdw10c_alp_ovl.bmp|ws62a_sdw11a_alp_ovl.bmp|ws62a_sdw11c_alp_ovl.bmp|ws62a_sdw12b_alp_ovl.bmp|ws62a_sdw13f_alp_ovl.bmp|ws62a_sdw13g_alp_ovl.bmp|ws62a_sdw13l_alp_ovl.bmp|ws62a_sdw13m_alp_ovl.bmp|ws62a_sdw13n_alp_ovl.bmp|ws62a_sdw13o_alp_ovl.bmp|ws62a_sdw14b_alp_ovl.bmp|ws62a_sdw15d_alp_ovl.bmp|ws62a_sdw16_alp_ovl.bmp|ws62a_sdw16a_alp_ovl.bmp|ws62a_sdw16b_alp_ovl.bmp|ws62a_sdw16d_alp_ovl.bmp|ws62a_sdw16e_alp_ovl.bmp>.png>
"C:\Development\Git\MGS2-PS2-Textures\d - substance\wp62a\ws62a_sdw13c_alp_ovl.bmp.png"|<"mgs2/base textures/" /<ws62a_sdw05a_alp_ovl.bmp|ws62a_sdw06a_alp_ovl.bmp|ws62a_sdw06b_alp_ovl.bmp|ws62a_sdw12_alp_ovl.bmp|ws62a_sdw12a_alp_ovl.bmp|ws62a_sdw13b_alp_ovl.bmp|ws62a_sdw13c_alp_ovl.bmp|ws62a_sdw13h_alp_ovl.bmp|ws62a_sdw13j_alp_ovl.bmp>.png>
"C:\Development\Git\MGS2-PS2-Textures\d - substance\wp62a\ws62a_sdw13j_alp_ovl.bmp.png"|<"mgs2/base textures/" /<ws62a_sdw05a_alp_ovl.bmp|ws62a_sdw06a_alp_ovl.bmp|ws62a_sdw06b_alp_ovl.bmp|ws62a_sdw12_alp_ovl.bmp|ws62a_sdw12a_alp_ovl.bmp|ws62a_sdw13b_alp_ovl.bmp|ws62a_sdw13c_alp_ovl.bmp|ws62a_sdw13h_alp_ovl.bmp|ws62a_sdw13j_alp_ovl.bmp>.png>
"C:\Development\Git\MGS2-PS2-Textures\d - substance\wp62a\ws62a_sdw13k_alp_ovl.bmp.png"|<"mgs2/base textures/" /<ws62a_sdw13k_alp_ovl.bmp>.png>
"C:\Development\Git\MGS2-PS2-Textures\d - substance\wp62a\ws62a_sdw13l_alp_ovl.bmp.png"|<"mgs2/base textures/" /<ws62a_sdw04b_alp_ovl.bmp|ws62a_sdw08_alp_ovl.bmp|ws62a_sdw08a_alp_ovl.bmp|ws62a_sdw08b_alp_ovl.bmp|ws62a_sdw10c_alp_ovl.bmp|ws62a_sdw11a_alp_ovl.bmp|ws62a_sdw11c_alp_ovl.bmp|ws62a_sdw12b_alp_ovl.bmp|ws62a_sdw13f_alp_ovl.bmp|ws62a_sdw13g_alp_ovl.bmp|ws62a_sdw13l_alp_ovl.bmp|ws62a_sdw13m_alp_ovl.bmp|ws62a_sdw13n_alp_ovl.bmp|ws62a_sdw13o_alp_ovl.bmp|ws62a_sdw14b_alp_ovl.bmp|ws62a_sdw15d_alp_ovl.bmp|ws62a_sdw16_alp_ovl.bmp|ws62a_sdw16a_alp_ovl.bmp|ws62a_sdw16b_alp_ovl.bmp|ws62a_sdw16d_alp_ovl.bmp|ws62a_sdw16e_alp_ovl.bmp>.png>
"C:\Development\Git\MGS2-PS2-Textures\d - substance\wp62a\ws62a_sdw13m_alp_ovl.bmp.png"|<"mgs2/base textures/" /<ws62a_sdw04b_alp_ovl.bmp|ws62a_sdw08_alp_ovl.bmp|ws62a_sdw08a_alp_ovl.bmp|ws62a_sdw08b_alp_ovl.bmp|ws62a_sdw10c_alp_ovl.bmp|ws62a_sdw11a_alp_ovl.bmp|ws62a_sdw11c_alp_ovl.bmp|ws62a_sdw12b_alp_ovl.bmp|ws62a_sdw13f_alp_ovl.bmp|ws62a_sdw13g_alp_ovl.bmp|ws62a_sdw13l_alp_ovl.bmp|ws62a_sdw13m_alp_ovl.bmp|ws62a_sdw13n_alp_ovl.bmp|ws62a_sdw13o_alp_ovl.bmp|ws62a_sdw14b_alp_ovl.bmp|ws62a_sdw15d_alp_ovl.bmp|ws62a_sdw16_alp_ovl.bmp|ws62a_sdw16a_alp_ovl.bmp|ws62a_sdw16b_alp_ovl.bmp|ws62a_sdw16d_alp_ovl.bmp|ws62a_sdw16e_alp_ovl.bmp>.png>
"C:\Development\Git\MGS2-PS2-Textures\d - substance\wp62a\ws62a_sdw13n_alp_ovl.bmp.png"|<"mgs2/base textures/" /<ws62a_sdw04b_alp_ovl.bmp|ws62a_sdw08_alp_ovl.bmp|ws62a_sdw08a_alp_ovl.bmp|ws62a_sdw08b_alp_ovl.bmp|ws62a_sdw10c_alp_ovl.bmp|ws62a_sdw11a_alp_ovl.bmp|ws62a_sdw11c_alp_ovl.bmp|ws62a_sdw12b_alp_ovl.bmp|ws62a_sdw13f_alp_ovl.bmp|ws62a_sdw13g_alp_ovl.bmp|ws62a_sdw13l_alp_ovl.bmp|ws62a_sdw13m_alp_ovl.bmp|ws62a_sdw13n_alp_ovl.bmp|ws62a_sdw13o_alp_ovl.bmp|ws62a_sdw14b_alp_ovl.bmp|ws62a_sdw15d_alp_ovl.bmp|ws62a_sdw16_alp_ovl.bmp|ws62a_sdw16a_alp_ovl.bmp|ws62a_sdw16b_alp_ovl.bmp|ws62a_sdw16d_alp_ovl.bmp|ws62a_sdw16e_alp_ovl.bmp>.png>
"C:\Development\Git\MGS2-PS2-Textures\d - substance\wp62a\ws62a_sdw14b_alp_ovl.bmp.png"|<"mgs2/base textures/" /<ws62a_sdw04b_alp_ovl.bmp|ws62a_sdw08_alp_ovl.bmp|ws62a_sdw08a_alp_ovl.bmp|ws62a_sdw08b_alp_ovl.bmp|ws62a_sdw10c_alp_ovl.bmp|ws62a_sdw11a_alp_ovl.bmp|ws62a_sdw11c_alp_ovl.bmp|ws62a_sdw12b_alp_ovl.bmp|ws62a_sdw13f_alp_ovl.bmp|ws62a_sdw13g_alp_ovl.bmp|ws62a_sdw13l_alp_ovl.bmp|ws62a_sdw13m_alp_ovl.bmp|ws62a_sdw13n_alp_ovl.bmp|ws62a_sdw13o_alp_ovl.bmp|ws62a_sdw14b_alp_ovl.bmp|ws62a_sdw15d_alp_ovl.bmp|ws62a_sdw16_alp_ovl.bmp|ws62a_sdw16a_alp_ovl.bmp|ws62a_sdw16b_alp_ovl.bmp|ws62a_sdw16d_alp_ovl.bmp|ws62a_sdw16e_alp_ovl.bmp>.png>
"C:\Development\Git\MGS2-PS2-Textures\d - substance\wp62a\ws62a_sdw15d_alp_ovl.bmp.png"|<"mgs2/base textures/" /<ws62a_sdw04b_alp_ovl.bmp|ws62a_sdw08_alp_ovl.bmp|ws62a_sdw08a_alp_ovl.bmp|ws62a_sdw08b_alp_ovl.bmp|ws62a_sdw10c_alp_ovl.bmp|ws62a_sdw11a_alp_ovl.bmp|ws62a_sdw11c_alp_ovl.bmp|ws62a_sdw12b_alp_ovl.bmp|ws62a_sdw13f_alp_ovl.bmp|ws62a_sdw13g_alp_ovl.bmp|ws62a_sdw13l_alp_ovl.bmp|ws62a_sdw13m_alp_ovl.bmp|ws62a_sdw13n_alp_ovl.bmp|ws62a_sdw13o_alp_ovl.bmp|ws62a_sdw14b_alp_ovl.bmp|ws62a_sdw15d_alp_ovl.bmp|ws62a_sdw16_alp_ovl.bmp|ws62a_sdw16a_alp_ovl.bmp|ws62a_sdw16b_alp_ovl.bmp|ws62a_sdw16d_alp_ovl.bmp|ws62a_sdw16e_alp_ovl.bmp>.png>
"C:\Development\Git\MGS2-PS2-Textures\d - substance\wp62a\ws62a_sdw16_alp_ovl.bmp.png"|<"mgs2/base textures/" /<ws62a_sdw04b_alp_ovl.bmp|ws62a_sdw08_alp_ovl.bmp|ws62a_sdw08a_alp_ovl.bmp|ws62a_sdw08b_alp_ovl.bmp|ws62a_sdw10c_alp_ovl.bmp|ws62a_sdw11a_alp_ovl.bmp|ws62a_sdw11c_alp_ovl.bmp|ws62a_sdw12b_alp_ovl.bmp|ws62a_sdw13f_alp_ovl.bmp|ws62a_sdw13g_alp_ovl.bmp|ws62a_sdw13l_alp_ovl.bmp|ws62a_sdw13m_alp_ovl.bmp|ws62a_sdw13n_alp_ovl.bmp|ws62a_sdw13o_alp_ovl.bmp|ws62a_sdw14b_alp_ovl.bmp|ws62a_sdw15d_alp_ovl.bmp|ws62a_sdw16_alp_ovl.bmp|ws62a_sdw16a_alp_ovl.bmp|ws62a_sdw16b_alp_ovl.bmp|ws62a_sdw16d_alp_ovl.bmp|ws62a_sdw16e_alp_ovl.bmp>.png>
"C:\Development\Git\MGS2-PS2-Textures\d - substance\wp62a\ws62a_sdw16a_alp_ovl.bmp.png"|<"mgs2/base textures/" /<ws62a_sdw04b_alp_ovl.bmp|ws62a_sdw08_alp_ovl.bmp|ws62a_sdw08a_alp_ovl.bmp|ws62a_sdw08b_alp_ovl.bmp|ws62a_sdw10c_alp_ovl.bmp|ws62a_sdw11a_alp_ovl.bmp|ws62a_sdw11c_alp_ovl.bmp|ws62a_sdw12b_alp_ovl.bmp|ws62a_sdw13f_alp_ovl.bmp|ws62a_sdw13g_alp_ovl.bmp|ws62a_sdw13l_alp_ovl.bmp|ws62a_sdw13m_alp_ovl.bmp|ws62a_sdw13n_alp_ovl.bmp|ws62a_sdw13o_alp_ovl.bmp|ws62a_sdw14b_alp_ovl.bmp|ws62a_sdw15d_alp_ovl.bmp|ws62a_sdw16_alp_ovl.bmp|ws62a_sdw16a_alp_ovl.bmp|ws62a_sdw16b_alp_ovl.bmp|ws62a_sdw16d_alp_ovl.bmp|ws62a_sdw16e_alp_ovl.bmp>.png>
"C:\Development\Git\MGS2-PS2-Textures\d - substance\wp62a\ws62a_sdw16b_alp_ovl.bmp.png"|<"mgs2/base textures/" /<ws62a_sdw04b_alp_ovl.bmp|ws62a_sdw08_alp_ovl.bmp|ws62a_sdw08a_alp_ovl.bmp|ws62a_sdw08b_alp_ovl.bmp|ws62a_sdw10c_alp_ovl.bmp|ws62a_sdw11a_alp_ovl.bmp|ws62a_sdw11c_alp_ovl.bmp|ws62a_sdw12b_alp_ovl.bmp|ws62a_sdw13f_alp_ovl.bmp|ws62a_sdw13g_alp_ovl.bmp|ws62a_sdw13l_alp_ovl.bmp|ws62a_sdw13m_alp_ovl.bmp|ws62a_sdw13n_alp_ovl.bmp|ws62a_sdw13o_alp_ovl.bmp|ws62a_sdw14b_alp_ovl.bmp|ws62a_sdw15d_alp_ovl.bmp|ws62a_sdw16_alp_ovl.bmp|ws62a_sdw16a_alp_ovl.bmp|ws62a_sdw16b_alp_ovl.bmp|ws62a_sdw16d_alp_ovl.bmp|ws62a_sdw16e_alp_ovl.bmp>.png>
"C:\Development\Git\MGS2-PS2-Textures\d - substance\wp62a\ws62a_sdw16d_alp_ovl.bmp.png"|<"mgs2/base textures/" /<ws62a_sdw04b_alp_ovl.bmp|ws62a_sdw08_alp_ovl.bmp|ws62a_sdw08a_alp_ovl.bmp|ws62a_sdw08b_alp_ovl.bmp|ws62a_sdw10c_alp_ovl.bmp|ws62a_sdw11a_alp_ovl.bmp|ws62a_sdw11c_alp_ovl.bmp|ws62a_sdw12b_alp_ovl.bmp|ws62a_sdw13f_alp_ovl.bmp|ws62a_sdw13g_alp_ovl.bmp|ws62a_sdw13l_alp_ovl.bmp|ws62a_sdw13m_alp_ovl.bmp|ws62a_sdw13n_alp_ovl.bmp|ws62a_sdw13o_alp_ovl.bmp|ws62a_sdw14b_alp_ovl.bmp|ws62a_sdw15d_alp_ovl.bmp|ws62a_sdw16_alp_ovl.bmp|ws62a_sdw16a_alp_ovl.bmp|ws62a_sdw16b_alp_ovl.bmp|ws62a_sdw16d_alp_ovl.bmp|ws62a_sdw16e_alp_ovl.bmp>.png>
"C:\Development\Git\MGS2-PS2-Textures\d - substance\wp62a\ws62a_sdw16e_alp_ovl.bmp.png"|<"mgs2/base textures/" /<ws62a_sdw04b_alp_ovl.bmp|ws62a_sdw08_alp_ovl.bmp|ws62a_sdw08a_alp_ovl.bmp|ws62a_sdw08b_alp_ovl.bmp|ws62a_sdw10c_alp_ovl.bmp|ws62a_sdw11a_alp_ovl.bmp|ws62a_sdw11c_alp_ovl.bmp|ws62a_sdw12b_alp_ovl.bmp|ws62a_sdw13f_alp_ovl.bmp|ws62a_sdw13g_alp_ovl.bmp|ws62a_sdw13l_alp_ovl.bmp|ws62a_sdw13m_alp_ovl.bmp|ws62a_sdw13n_alp_ovl.bmp|ws62a_sdw13o_alp_ovl.bmp|ws62a_sdw14b_alp_ovl.bmp|ws62a_sdw15d_alp_ovl.bmp|ws62a_sdw16_alp_ovl.bmp|ws62a_sdw16a_alp_ovl.bmp|ws62a_sdw16b_alp_ovl.bmp|ws62a_sdw16d_alp_ovl.bmp|ws62a_sdw16e_alp_ovl.bmp>.png>
"C:\Development\Git\MGS2-PS2-Textures\d - substance\wp63a\ws63a_shw00_alp_ovl.bmp.png"|<"mgs2/base textures/" /<ws63a_shw00_alp_ovl.bmp>.png>
"C:\Development\Git\MGS2-PS2-Textures\d - substance\wp63a\ws63a_shw01_alp_ovl.bmp.png"|<"mgs2/base textures/" /<ws63a_shw01_alp_ovl.bmp>.png>
"C:\Development\Git\MGS2-PS2-Textures\d - substance\wp63a\ws63a_shw02_alp_ovl.bmp.png"|<"mgs2/base textures/" /<ws63a_shw02_alp_ovl.bmp>.png>
"C:\Development\Git\MGS2-PS2-Textures\d - substance\wp63a\ws63a_shw04_alp_ovl.bmp.png"|<"mgs2/base textures/" /<ws63a_shw04_alp_ovl.bmp>.png>
"C:\Development\Git\MGS2-PS2-Textures\d - substance\wp63a\ws63a_shw06_alp_ovl.bmp.png"|<"mgs2/base textures/" /<ws63a_shw06_alp_ovl.bmp>.png>
"C:\Development\Git\MGS2-PS2-Textures\d - substance\wp63a\ws63a_shw08_alp_ovl.bmp.png"|<"mgs2/base textures/" /<ws63a_shw08_alp_ovl.bmp>.png>
"C:\Development\Git\MGS2-PS2-Textures\d - substance\wp63a\ws63a_shw09_alp_ovl.bmp.png"|<"mgs2/base textures/" /<cigarette_tx.bmp|ws63a_shw09_alp_ovl.bmp>.png>
"C:\Development\Git\MGS2-PS2-Textures\d - substance\wp63a\ws63a_shw10_alp_ovl.bmp.png"|<"mgs2/base textures/" /<ws63a_shw10_alp_ovl.bmp>.png>
"C:\Development\Git\MGS2-PS2-Textures\d - substance\wp63a\ws63a_shw11_alp_ovl.bmp.png"|<"mgs2/base textures/" /<ws63a_shw11_alp_ovl.bmp>.png>
"C:\Development\Git\MGS2-PS2-Textures\d - substance\wp63a\ws63a_shw12_alp_ovl.bmp.png"|<"mgs2/base textures/" /<ws63a_shw12_alp_ovl.bmp>.png>
"C:\Development\Git\MGS2-PS2-Textures\d - substance\wp64a\ws64a_sdw_alp_ovl_01.bmp.png"|<"mgs2/base textures/" /<ws64a_sdw_alp_ovl_01.bmp>.png>
"C:\Development\Git\MGS2-PS2-Textures\d - substance\wp64a\ws64a_sdw_alp_ovl_03.bmp.png"|<"mgs2/base textures/" /<ws64a_sdw_alp_ovl_03.bmp>.png>
"C:\Development\Git\MGS2-PS2-Textures\d - substance\wp64a\ws64a_sdw_alp_ovl_04.bmp.png"|<"mgs2/base textures/" /<ws64a_sdw_alp_ovl_04.bmp>.png>
"C:\Development\Git\MGS2-PS2-Textures\d - substance\wp64a\ws64a_sdw_alp_ovl_05.bmp.png"|<"mgs2/base textures/" /<ws64a_sdw_alp_ovl_05.bmp>.png>
"C:\Development\Git\MGS2-PS2-Textures\d - substance\wp64a\ws64a_sdw_alp_ovl_06.bmp.png"|<"mgs2/base textures/" /<ws64a_sdw_alp_ovl_06.bmp>.png>
"C:\Development\Git\MGS2-PS2-Textures\d - substance\wp64a\ws64a_sdw_alp_ovl_07.bmp.png"|<"mgs2/base textures/" /<ws64a_sdw_alp_ovl_07.bmp>.png>
"C:\Development\Git\MGS2-PS2-Textures\d - substance\wp64a\ws64a_sdw_alp_ovl_08.bmp.png"|<"mgs2/base textures/" /<ws64a_sdw_alp_ovl_08.bmp>.png>
"C:\Development\Git\MGS2-PS2-Textures\d - substance\wp64a\ws64a_sdw_alp_ovl_09.bmp.png"|<"mgs2/base textures/" /<ws64a_sdw_alp_ovl_09.bmp>.png>
"C:\Development\Git\MGS2-PS2-Textures\d - substance\wp64a\ws64a_sdw_alp_ovl_10.bmp.png"|<"mgs2/base textures/" /<cigarette_tx.bmp|ws64a_sdw_alp_ovl_10.bmp>.png>
"C:\Development\Git\MGS2-PS2-Textures\d - substance\wp64a\ws64a_sdw_alp_ovl_11.bmp.png"|<"mgs2/base textures/" /<ws64a_sdw_alp_ovl_11.bmp>.png>
"C:\Development\Git\MGS2-PS2-Textures\d - substance\wp64a\ws64a_sdw_alp_ovl_12.bmp.png"|<"mgs2/base textures/" /<ws64a_sdw_alp_ovl_12.bmp>.png>
"C:\Development\Git\MGS2-PS2-Textures\d - substance\wp64a\ws64a_sdw_alp_ovl_13.bmp.png"|<"mgs2/base textures/" /<ws64a_sdw_alp_ovl_13.bmp>.png>
"C:\Development\Git\MGS2-PS2-Textures\d - substance\wp64a\ws64a_sdw_alp_ovl_15.bmp.png"|<"mgs2/base textures/" /<ws64a_sdw_alp_ovl_15.bmp>.png>
"C:\Development\Git\MGS2-PS2-Textures\d - substance\wp65a\sp25a_sdw52_alp_ovl.bmp.png"|<"mgs2/base textures/" /<sp25a_sdw52_alp_ovl.bmp|ws65a_sdw11_alp_ovl.bmp|ws65a_sdw12_alp_ovl.bmp|ws65a_sdw42_alp_ovl.bmp|ws65a_sdw64_alp_ovl.bmp>.png>
"C:\Development\Git\MGS2-PS2-Textures\d - substance\wp65a\ws65a_sdw01_alp_ovl.bmp.png"|<"mgs2/base textures/" /<ws65a_sdw01_alp_ovl.bmp>.png>
"C:\Development\Git\MGS2-PS2-Textures\d - substance\wp65a\ws65a_sdw02_alp_ovl.bmp.png"|<"mgs2/base textures/" /<ws65a_sdw02_alp_ovl.bmp>.png>
"C:\Development\Git\MGS2-PS2-Textures\d - substance\wp65a\ws65a_sdw05_alp_ovl.bmp.png"|<"mgs2/base textures/" /<ws65a_sdw05_alp_ovl.bmp>.png>
"C:\Development\Git\MGS2-PS2-Textures\d - substance\wp65a\ws65a_sdw11_alp_ovl.bmp.png"|<"mgs2/base textures/" /<sp25a_sdw52_alp_ovl.bmp|ws65a_sdw11_alp_ovl.bmp|ws65a_sdw12_alp_ovl.bmp|ws65a_sdw42_alp_ovl.bmp|ws65a_sdw64_alp_ovl.bmp>.png>
"C:\Development\Git\MGS2-PS2-Textures\d - substance\wp65a\ws65a_sdw12_alp_ovl.bmp.png"|<"mgs2/base textures/" /<sp25a_sdw52_alp_ovl.bmp|ws65a_sdw11_alp_ovl.bmp|ws65a_sdw12_alp_ovl.bmp|ws65a_sdw42_alp_ovl.bmp|ws65a_sdw64_alp_ovl.bmp>.png>
"C:\Development\Git\MGS2-PS2-Textures\d - substance\wp65a\ws65a_sdw14_alp_ovl.bmp.png"|<"mgs2/base textures/" /<ws65a_sdw14_alp_ovl.bmp|ws65a_sdw35_alp_ovl.bmp|ws65a_sdw51_alp_ovl.bmp>.png>
"C:\Development\Git\MGS2-PS2-Textures\d - substance\wp65a\ws65a_sdw15_alp_ovl.bmp.png"|<"mgs2/base textures/" /<ws65a_sdw15_alp_ovl.bmp|ws65a_sdw58_alp_ovl.bmp>.png>
"C:\Development\Git\MGS2-PS2-Textures\d - substance\wp65a\ws65a_sdw18_alp_ovl.bmp.png"|<"mgs2/base textures/" /<ws65a_sdw18_alp_ovl.bmp>.png>
"C:\Development\Git\MGS2-PS2-Textures\d - substance\wp65a\ws65a_sdw19_alp_ovl.bmp.png"|<"mgs2/base textures/" /<ws65a_sdw19_alp_ovl.bmp>.png>
"C:\Development\Git\MGS2-PS2-Textures\d - substance\wp65a\ws65a_sdw20_alp_ovl.bmp.png"|<"mgs2/base textures/" /<ws65a_sdw20_alp_ovl.bmp>.png>
"C:\Development\Git\MGS2-PS2-Textures\d - substance\wp65a\ws65a_sdw26_alp_ovl.bmp.png"|<"mgs2/base textures/" /<ws65a_sdw26_alp_ovl.bmp>.png>
"C:\Development\Git\MGS2-PS2-Textures\d - substance\wp65a\ws65a_sdw27_alp_ovl.bmp.png"|<"mgs2/base textures/" /<ws65a_sdw27_alp_ovl.bmp>.png>
"C:\Development\Git\MGS2-PS2-Textures\d - substance\wp65a\ws65a_sdw28_alp_ovl.bmp.png"|<"mgs2/base textures/" /<ws65a_sdw28_alp_ovl.bmp>.png>
"C:\Development\Git\MGS2-PS2-Textures\d - substance\wp65a\ws65a_sdw29_alp_ovl.bmp.png"|<"mgs2/base textures/" /<ws65a_sdw29_alp_ovl.bmp>.png>
"C:\Development\Git\MGS2-PS2-Textures\d - substance\wp65a\ws65a_sdw30_alp_ovl.bmp.png"|<"mgs2/base textures/" /<ws65a_sdw30_alp_ovl.bmp>.png>
"C:\Development\Git\MGS2-PS2-Textures\d - substance\wp65a\ws65a_sdw33_alp_ovl.bmp.png"|<"mgs2/base textures/" /<ws65a_sdw33_alp_ovl.bmp>.png>
"C:\Development\Git\MGS2-PS2-Textures\d - substance\wp65a\ws65a_sdw34_alp_ovl.bmp.png"|<"mgs2/base textures/" /<ws65a_sdw34_alp_ovl.bmp>.png>
"C:\Development\Git\MGS2-PS2-Textures\d - substance\wp65a\ws65a_sdw35_alp_ovl.bmp.png"|<"mgs2/base textures/" /<ws65a_sdw14_alp_ovl.bmp|ws65a_sdw35_alp_ovl.bmp|ws65a_sdw51_alp_ovl.bmp>.png>
"C:\Development\Git\MGS2-PS2-Textures\d - substance\wp65a\ws65a_sdw40_alp_ovl.bmp.png"|<"mgs2/base textures/" /<ws65a_sdw40_alp_ovl.bmp>.png>
"C:\Development\Git\MGS2-PS2-Textures\d - substance\wp65a\ws65a_sdw42_alp_ovl.bmp.png"|<"mgs2/base textures/" /<sp25a_sdw52_alp_ovl.bmp|ws65a_sdw11_alp_ovl.bmp|ws65a_sdw12_alp_ovl.bmp|ws65a_sdw42_alp_ovl.bmp|ws65a_sdw64_alp_ovl.bmp>.png>
"C:\Development\Git\MGS2-PS2-Textures\d - substance\wp65a\ws65a_sdw43_alp_ovl.bmp.png"|<"mgs2/base textures/" /<ws65a_sdw43_alp_ovl.bmp>.png>
"C:\Development\Git\MGS2-PS2-Textures\d - substance\wp65a\ws65a_sdw45_alp_ovl.bmp.png"|<"mgs2/base textures/" /<ws65a_sdw45_alp_ovl.bmp>.png>
"C:\Development\Git\MGS2-PS2-Textures\d - substance\wp65a\ws65a_sdw49_alp_ovl.bmp.png"|<"mgs2/base textures/" /<fms_ibox.bmp|gun_ibox.bmp|launcher_ibox.bmp|ration_box.bmp|ws65a_sdw49_alp_ovl.bmp|ws65a_sdw60_alp_ovl.bmp>.png>
"C:\Development\Git\MGS2-PS2-Textures\d - substance\wp65a\ws65a_sdw50_alp_ovl.bmp.png"|<"mgs2/base textures/" /<ws65a_sdw50_alp_ovl.bmp>.png>
"C:\Development\Git\MGS2-PS2-Textures\d - substance\wp65a\ws65a_sdw51_alp_ovl.bmp.png"|<"mgs2/base textures/" /<ws65a_sdw14_alp_ovl.bmp|ws65a_sdw35_alp_ovl.bmp|ws65a_sdw51_alp_ovl.bmp>.png>
"C:\Development\Git\MGS2-PS2-Textures\d - substance\wp65a\ws65a_sdw52_alp_ovl.bmp.png"|<"mgs2/base textures/" /<ws65a_sdw52_alp_ovl.bmp>.png>
"C:\Development\Git\MGS2-PS2-Textures\d - substance\wp65a\ws65a_sdw54_alp_ovl.bmp.png"|<"mgs2/base textures/" /<ws65a_sdw54_alp_ovl.bmp>.png>
"C:\Development\Git\MGS2-PS2-Textures\d - substance\wp65a\ws65a_sdw56_alp_ovl.bmp.png"|<"mgs2/base textures/" /<ws65a_sdw56_alp_ovl.bmp>.png>
"C:\Development\Git\MGS2-PS2-Textures\d - substance\wp65a\ws65a_sdw58_alp_ovl.bmp.png"|<"mgs2/base textures/" /<ws65a_sdw15_alp_ovl.bmp|ws65a_sdw58_alp_ovl.bmp>.png>
"C:\Development\Git\MGS2-PS2-Textures\d - substance\wp65a\ws65a_sdw59_alp_ovl.bmp.png"|<"mgs2/base textures/" /<ws65a_sdw59_alp_ovl.bmp>.png>
"C:\Development\Git\MGS2-PS2-Textures\d - substance\wp65a\ws65a_sdw60_alp_ovl.bmp.png"|<"mgs2/base textures/" /<fms_ibox.bmp|gun_ibox.bmp|launcher_ibox.bmp|ration_box.bmp|ws65a_sdw49_alp_ovl.bmp|ws65a_sdw60_alp_ovl.bmp>.png>
"C:\Development\Git\MGS2-PS2-Textures\d - substance\wp65a\ws65a_sdw63_alp_ovl.bmp.png"|<"mgs2/base textures/" /<ws65a_sdw63_alp_ovl.bmp>.png>
"C:\Development\Git\MGS2-PS2-Textures\d - substance\wp65a\ws65a_sdw64_alp_ovl.bmp.png"|<"mgs2/base textures/" /<sp25a_sdw52_alp_ovl.bmp|ws65a_sdw11_alp_ovl.bmp|ws65a_sdw12_alp_ovl.bmp|ws65a_sdw42_alp_ovl.bmp|ws65a_sdw64_alp_ovl.bmp>.png>
"C:\Development\Git\MGS2-PS2-Textures\d - substance\wp65a\ws65a_sdw65_alp_ovl.bmp.png"|<"mgs2/base textures/" /<ws65a_sdw65_alp_ovl.bmp>.png>
"C:\Development\Git\MGS2-PS2-Textures\d - substance\wp65a\ws65a_sdw68_alp_ovl.bmp.png"|<"mgs2/base textures/" /<mode_alp_ovl.bmp|ws65a_sdw68_alp_ovl.bmp>.png>
"C:\Development\Git\MGS2-PS2-Textures\d - substance\wp65a\ws65a_sdw_duct01_alp_ovl.bmp.png"|<"mgs2/base textures/" /<ws65a_sdw_duct01_alp_ovl.bmp>.png>
"C:\Development\Git\MGS2-PS2-Textures\d - substance\wp65a\ws65a_sdw_duct02_alp_ovl.bmp.png"|<"mgs2/base textures/" /<ws65a_sdw_duct02_alp_ovl.bmp>.png>
"C:\Development\Git\MGS2-PS2-Textures\d - substance\wp71a\nametag_straw_def_add_alp.bmp.png"|<"mgs2/base textures/" /<nametag_gbs1_def_add_alp.bmp|nametag_straw_def_add_alp.bmp|nametag_wall_def_add_alp.bmp>.png>
"C:\Development\Git\MGS2-PS2-Textures\d - substance\wp71a\ws71a_sdw_04_alp_ovl.bmp.png"|<"mgs2/base textures/" /<ws71a_sdw_04_alp_ovl.bmp>.png>
"C:\Development\Git\MGS2-PS2-Textures\d - substance\wp73a\ws72a_sdw01_alp_ovl.bmp.png"|<"mgs2/base textures/" /<ws72a_sdw01_alp_ovl.bmp>.png>
"C:\Development\Git\MGS2-PS2-Textures\d - substance\wp73a\ws72a_sdw02_alp_ovl.bmp.png"|<"mgs2/base textures/" /<ws72a_sdw02_alp_ovl.bmp>.png>
"C:\Development\Git\MGS2-PS2-Textures\d - substance\wp73a\ws72a_sdw12_alp_ovl.bmp.png"|<"mgs2/base textures/" /<ws72a_sdw12_alp_ovl.bmp>.png>
"C:\Development\Git\MGS2-PS2-Textures\d - substance\wp73a\ws72a_sdw13n_alp_ovl.bmp.png"|<"mgs2/base textures/" /<fms_ibox.bmp|gun_ibox.bmp|launcher_ibox.bmp|ration_box.bmp|ws72a_sdw13n_alp_ovl.bmp>.png>
"C:\Development\Git\MGS2-PS2-Textures\d - substance\wp73a\ws72a_sdw15_alp_ovl.bmp.png"|<"mgs2/base textures/" /<ws72a_sdw15_alp_ovl.bmp>.png>
"C:\Development\Git\MGS2-PS2-Textures\d - substance\wp73a\ws72a_sdw19_alp_ovl.bmp.png"|<"mgs2/base textures/" /<ws72a_sdw19_alp_ovl.bmp>.png>
"C:\Development\Git\MGS2-PS2-Textures\d - substance\wp73a\ws72a_sdw23_alp_ovl.bmp.png"|<"mgs2/base textures/" /<ws72a_sdw23_alp_ovl.bmp>.png>
"C:\Development\Git\MGS2-PS2-Textures\d - substance\wp75a\ws73a_sdw_28_alp_ovl.bmp.png"|<"mgs2/base textures/" /<ws73a_sdw_28_alp_ovl.bmp>.png>
"C:\Development\Git\MGS2-PS2-Textures\d - substance\wp75a\ws73a_sdw_38_alp_ovl.bmp.png"|<"mgs2/base textures/" /<ws73a_sdw_38_alp_ovl.bmp>.png>
