============================================
 MGS2 PS2 Texture Dimension Mismatch Report
============================================



============================================
 Alpha >128 OR No-Alpha Check (All Non-Renamed PNGs)
============================================



============================================
 Possible Texture Suggestions (Unlogged PNGs)
============================================

Filename: 1059745e588ec8e6-c0c6afdbe0b5ecf2-r456x16-00002a54.png
Path: d - substance\r_vr_r\1059745e588ec8e6-c0c6afdbe0b5ecf2-r456x16-00002a54.png
SHA1: 7521484a222c218cf37146216560022980e6aa8f
Name Already In List of Possible Matches: No
Resolution: 456x16
Possible matching textures (already identified): 0056e1c2
Total Possible Matches: 1
--------------------------------------------
Filename: bdc103f0a85e3cf5-d1becc5418289597-r456x16-00002a54.png
Path: d - substance\r_vr_r\bdc103f0a85e3cf5-d1becc5418289597-r456x16-00002a54.png
SHA1: a00b4345a7952bb01e47de5093c6088e89dc5295
Name Already In List of Possible Matches: No
Resolution: 456x16
Possible matching textures (already identified): 0056e1c2
Total Possible Matches: 1
--------------------------------------------
Filename: fd8a9c0cab94cf5e-5e5176004c9c0003-r32x304-00002a14.png
Path: d - substance\wp53a\fd8a9c0cab94cf5e-5e5176004c9c0003-r32x304-00002a14.png
SHA1: 91883725fcf542c29c538246c3a5fb233ff77b00
Name Already In List of Possible Matches: No
Resolution: 32x304
"C:\Development\Git\MGS2-PS2-Textures\d - substance\wp53a\fd8a9c0cab94cf5e-5e5176004c9c0003-r32x304-00002a14.png"|<"mgs2/base textures/" /<ws53a_sdw002_alp_ovl.bmp|ws53a_sdw007_alp_ovl.bmp|ws53a_sdw07_alp_ovl.bmp>.png>
Possible matching textures (not already found):
  - ws53a_sdw002_alp_ovl.bmp
  - ws53a_sdw007_alp_ovl.bmp
  - ws53a_sdw07_alp_ovl.bmp
Possible matching textures (already identified): ws33a_shw02_alp_ovl.bmp_d6dfbf599e5c8376dcedcf427dfd67a1|ws33a_shw06_alp_ovl.bmp_97e61e5e685e6cff9bfa3bb3c472a1ea
Total Possible Matches: 5
--------------------------------------------
Filename: 1529c8b66f671fcf-9cc72721d8146c77-r56x8-00002a94.png
Path: d - substance\sp22a\1529c8b66f671fcf-9cc72721d8146c77-r56x8-00002a94.png
SHA1: 0015a1ea87c02f27fad75bf7d1850e06633c0da1
Name Already In List of Possible Matches: No
Resolution: 56x8
"C:\Development\Git\MGS2-PS2-Textures\d - substance\sp22a\1529c8b66f671fcf-9cc72721d8146c77-r56x8-00002a94.png"|<"mgs2/base textures/" /<sp21a_sdw05b_alp_ovl.bmp|sp21a_sdw05c_alp_ovl.bmp|sp21a_sdw05d_alp_ovl.bmp>.png>
Possible matching textures (not already found):
  - sp21a_sdw05b_alp_ovl.bmp
  - sp21a_sdw05c_alp_ovl.bmp
  - sp21a_sdw05d_alp_ovl.bmp
Possible matching textures (already identified): w14a_tesuri_a01.bmp|w20a_belst13_alp_ovl.bmp|w22a1g_tana02_03.bmp|ws51a_sdw00b_alp_ovl.bmp
Total Possible Matches: 7
--------------------------------------------
Filename: 669ea3544da95500-30ea8c37ec3715ce-r56x8-00002a94.png
Path: d - substance\sp22a\669ea3544da95500-30ea8c37ec3715ce-r56x8-00002a94.png
SHA1: 44a83825ab0a8a61c07eef858f0f0355b3018bf2
Name Already In List of Possible Matches: No
Resolution: 56x8
"C:\Development\Git\MGS2-PS2-Textures\d - substance\sp22a\669ea3544da95500-30ea8c37ec3715ce-r56x8-00002a94.png"|<"mgs2/base textures/" /<sp21a_sdw05b_alp_ovl.bmp|sp21a_sdw05c_alp_ovl.bmp|sp21a_sdw05d_alp_ovl.bmp>.png>
Possible matching textures (not already found):
  - sp21a_sdw05b_alp_ovl.bmp
  - sp21a_sdw05c_alp_ovl.bmp
  - sp21a_sdw05d_alp_ovl.bmp
Possible matching textures (already identified): w14a_tesuri_a01.bmp|w20a_belst13_alp_ovl.bmp|w22a1g_tana02_03.bmp|ws51a_sdw00b_alp_ovl.bmp
Total Possible Matches: 7
--------------------------------------------
Filename: 7c5619cb0432bd99-4afc5ef7cb71d23c-r56x8-00002a94.png
Path: d - substance\sp22a\7c5619cb0432bd99-4afc5ef7cb71d23c-r56x8-00002a94.png
SHA1: 93cbb1e22422c290aec94ad7ab193c4c58f819cb
Name Already In List of Possible Matches: No
Resolution: 56x8
"C:\Development\Git\MGS2-PS2-Textures\d - substance\sp22a\7c5619cb0432bd99-4afc5ef7cb71d23c-r56x8-00002a94.png"|<"mgs2/base textures/" /<sp21a_sdw05b_alp_ovl.bmp|sp21a_sdw05c_alp_ovl.bmp|sp21a_sdw05d_alp_ovl.bmp>.png>
Possible matching textures (not already found):
  - sp21a_sdw05b_alp_ovl.bmp
  - sp21a_sdw05c_alp_ovl.bmp
  - sp21a_sdw05d_alp_ovl.bmp
Possible matching textures (already identified): w14a_tesuri_a01.bmp|w20a_belst13_alp_ovl.bmp|w22a1g_tana02_03.bmp|ws51a_sdw00b_alp_ovl.bmp
Total Possible Matches: 7
--------------------------------------------
Filename: d40f61b54d32b2fa-d2454125c81e17a0-r32x80-00002a14.png
Path: d - substance\wp62a\d40f61b54d32b2fa-d2454125c81e17a0-r32x80-00002a14.png
SHA1: 44da806af7cb9c0be0a0a8e0950d7dbd9663a609
Name Already In List of Possible Matches: No
Resolution: 32x80
"C:\Development\Git\MGS2-PS2-Textures\d - substance\wp62a\d40f61b54d32b2fa-d2454125c81e17a0-r32x80-00002a14.png"|<"mgs2/base textures/" /<ws62a_sdw06b_alp_ovl.bmp|ws62a_sdw12a_alp_ovl.bmp|ws62a_sdw13b_alp_ovl.bmp|ws62a_sdw13h_alp_ovl.bmp>.png>
Possible matching textures (not already found):
  - ws62a_sdw06b_alp_ovl.bmp
  - ws62a_sdw12a_alp_ovl.bmp
  - ws62a_sdw13b_alp_ovl.bmp
  - ws62a_sdw13h_alp_ovl.bmp
Possible matching textures (already identified): irs_main.bmp|mrl_boot_bottom.bmp|orp_boot_bot00.bmp|sp21a_sdwwl00_alp_ovl.bmp|vs08a_sdw01a_alp_ovl.bmp|w01a_rfc05.bmp|w01a_rfc05.bmp_33b7c8a9295f1c42ec93f7fc8a0f1a08|w01b_hc00.bmp|w01b_wb02.bmp_d1c6883b0257f4335f1bfde989368dd9|w01f_01b_rfc01.bmp|w01f_01b_rfc02.bmp|w03a_rf03.bmp|w03b_rf03.bmp|w03b_rf03a.bmp|w03b_rf03b.bmp|w04a3_roof_himitu.bmp|w14a_blood_07_alp_ovl.bmp|w24d1_wa1_1u.bmp|w24d2_moni_mk.bmp|ws52a_sdw02c_alp_ovl.bmp|ws62a_sdw05a_alp_ovl.bmp|ws62a_sdw06a_alp_ovl.bmp|ws62a_sdw12_alp_ovl.bmp|ws62a_sdw13c_alp_ovl.bmp|ws62a_sdw13j_alp_ovl.bmp|ws64a_sdw_alp_ovl_01.bmp
Total Possible Matches: 30
--------------------------------------------
Filename: e5acd51292d4f6f1-745e9f26de3334e8-r32x80-00002a14.png
Path: d - substance\wp62a\e5acd51292d4f6f1-745e9f26de3334e8-r32x80-00002a14.png
SHA1: 65662757a61ca55fcbc0e55861cd121d1e538d53
Name Already In List of Possible Matches: No
Resolution: 32x80
"C:\Development\Git\MGS2-PS2-Textures\d - substance\wp62a\e5acd51292d4f6f1-745e9f26de3334e8-r32x80-00002a14.png"|<"mgs2/base textures/" /<ws62a_sdw06b_alp_ovl.bmp|ws62a_sdw12a_alp_ovl.bmp|ws62a_sdw13b_alp_ovl.bmp|ws62a_sdw13h_alp_ovl.bmp>.png>
Possible matching textures (not already found):
  - ws62a_sdw06b_alp_ovl.bmp
  - ws62a_sdw12a_alp_ovl.bmp
  - ws62a_sdw13b_alp_ovl.bmp
  - ws62a_sdw13h_alp_ovl.bmp
Possible matching textures (already identified): irs_main.bmp|mrl_boot_bottom.bmp|orp_boot_bot00.bmp|sp21a_sdwwl00_alp_ovl.bmp|vs08a_sdw01a_alp_ovl.bmp|w01a_rfc05.bmp|w01a_rfc05.bmp_33b7c8a9295f1c42ec93f7fc8a0f1a08|w01b_hc00.bmp|w01b_wb02.bmp_d1c6883b0257f4335f1bfde989368dd9|w01f_01b_rfc01.bmp|w01f_01b_rfc02.bmp|w03a_rf03.bmp|w03b_rf03.bmp|w03b_rf03a.bmp|w03b_rf03b.bmp|w04a3_roof_himitu.bmp|w14a_blood_07_alp_ovl.bmp|w24d1_wa1_1u.bmp|w24d2_moni_mk.bmp|ws52a_sdw02c_alp_ovl.bmp|ws62a_sdw05a_alp_ovl.bmp|ws62a_sdw06a_alp_ovl.bmp|ws62a_sdw12_alp_ovl.bmp|ws62a_sdw13c_alp_ovl.bmp|ws62a_sdw13j_alp_ovl.bmp|ws64a_sdw_alp_ovl_01.bmp
Total Possible Matches: 30
--------------------------------------------
Filename: ebe2da8c5f1eb777-36fdae32ef3bb1b0-r32x80-00002a14.png
Path: d - substance\wp62a\ebe2da8c5f1eb777-36fdae32ef3bb1b0-r32x80-00002a14.png
SHA1: acb70327347be02296539379506facf809222620
Name Already In List of Possible Matches: No
Resolution: 32x80
"C:\Development\Git\MGS2-PS2-Textures\d - substance\wp62a\ebe2da8c5f1eb777-36fdae32ef3bb1b0-r32x80-00002a14.png"|<"mgs2/base textures/" /<ws62a_sdw06b_alp_ovl.bmp|ws62a_sdw12a_alp_ovl.bmp|ws62a_sdw13b_alp_ovl.bmp|ws62a_sdw13h_alp_ovl.bmp>.png>
Possible matching textures (not already found):
  - ws62a_sdw06b_alp_ovl.bmp
  - ws62a_sdw12a_alp_ovl.bmp
  - ws62a_sdw13b_alp_ovl.bmp
  - ws62a_sdw13h_alp_ovl.bmp
Possible matching textures (already identified): irs_main.bmp|mrl_boot_bottom.bmp|orp_boot_bot00.bmp|sp21a_sdwwl00_alp_ovl.bmp|vs08a_sdw01a_alp_ovl.bmp|w01a_rfc05.bmp|w01a_rfc05.bmp_33b7c8a9295f1c42ec93f7fc8a0f1a08|w01b_hc00.bmp|w01b_wb02.bmp_d1c6883b0257f4335f1bfde989368dd9|w01f_01b_rfc01.bmp|w01f_01b_rfc02.bmp|w03a_rf03.bmp|w03b_rf03.bmp|w03b_rf03a.bmp|w03b_rf03b.bmp|w04a3_roof_himitu.bmp|w14a_blood_07_alp_ovl.bmp|w24d1_wa1_1u.bmp|w24d2_moni_mk.bmp|ws52a_sdw02c_alp_ovl.bmp|ws62a_sdw05a_alp_ovl.bmp|ws62a_sdw06a_alp_ovl.bmp|ws62a_sdw12_alp_ovl.bmp|ws62a_sdw13c_alp_ovl.bmp|ws62a_sdw13j_alp_ovl.bmp|ws64a_sdw_alp_ovl_01.bmp
Total Possible Matches: 30
--------------------------------------------
Filename: ebe830ade19e6d1c-8b1c88044b9d619c-r32x80-00002a14.png
Path: d - substance\wp62a\ebe830ade19e6d1c-8b1c88044b9d619c-r32x80-00002a14.png
SHA1: cb7cb63d127a9136927229422ffbae8e1ae76b3d
Name Already In List of Possible Matches: No
Resolution: 32x80
"C:\Development\Git\MGS2-PS2-Textures\d - substance\wp62a\ebe830ade19e6d1c-8b1c88044b9d619c-r32x80-00002a14.png"|<"mgs2/base textures/" /<ws62a_sdw06b_alp_ovl.bmp|ws62a_sdw12a_alp_ovl.bmp|ws62a_sdw13b_alp_ovl.bmp|ws62a_sdw13h_alp_ovl.bmp>.png>
Possible matching textures (not already found):
  - ws62a_sdw06b_alp_ovl.bmp
  - ws62a_sdw12a_alp_ovl.bmp
  - ws62a_sdw13b_alp_ovl.bmp
  - ws62a_sdw13h_alp_ovl.bmp
Possible matching textures (already identified): irs_main.bmp|mrl_boot_bottom.bmp|orp_boot_bot00.bmp|sp21a_sdwwl00_alp_ovl.bmp|vs08a_sdw01a_alp_ovl.bmp|w01a_rfc05.bmp|w01a_rfc05.bmp_33b7c8a9295f1c42ec93f7fc8a0f1a08|w01b_hc00.bmp|w01b_wb02.bmp_d1c6883b0257f4335f1bfde989368dd9|w01f_01b_rfc01.bmp|w01f_01b_rfc02.bmp|w03a_rf03.bmp|w03b_rf03.bmp|w03b_rf03a.bmp|w03b_rf03b.bmp|w04a3_roof_himitu.bmp|w14a_blood_07_alp_ovl.bmp|w24d1_wa1_1u.bmp|w24d2_moni_mk.bmp|ws52a_sdw02c_alp_ovl.bmp|ws62a_sdw05a_alp_ovl.bmp|ws62a_sdw06a_alp_ovl.bmp|ws62a_sdw12_alp_ovl.bmp|ws62a_sdw13c_alp_ovl.bmp|ws62a_sdw13j_alp_ovl.bmp|ws64a_sdw_alp_ovl_01.bmp
Total Possible Matches: 30
--------------------------------------------
Filename: 5f19f9f4934e25b7-9b75434d35094068-r8x48-00002a94.png
Path: d - substance\sp22a\5f19f9f4934e25b7-9b75434d35094068-r8x48-00002a94.png
SHA1: 008815ead51145968bfef7065a0f3e49d613cedf
Name Already In List of Possible Matches: No
Resolution: 8x48
"C:\Development\Git\MGS2-PS2-Textures\d - substance\sp22a\5f19f9f4934e25b7-9b75434d35094068-r8x48-00002a94.png"|<"mgs2/base textures/" /<sp21a_sdw03h_alp_ovl.bmp|sp21a_sdw03i_alp_ovl.bmp|sp21a_sdw03j_alp_ovl.bmp>.png>
Possible matching textures (not already found):
  - sp21a_sdw03h_alp_ovl.bmp
  - sp21a_sdw03i_alp_ovl.bmp
  - sp21a_sdw03j_alp_ovl.bmp
Possible matching textures (already identified): ag_light_pipe.bmp|gas_dai02b.bmp|sbm_stick_01.bmp|sv_03.bmp|ticsh2_alp_ovl.bmp|tv_06.bmp|w00_roll7.bmp|w00ak_ref_door_panel.bmp|w00ak_ref_ldk_f1.bmp|w00ak_survial_ashi3.bmp|w00c_drwl_st.bmp|w01b_01c_pp02c.bmp|w01e_drwl_st.bmp|w01e_wall01_s.bmp|w12a_pp00.bmp|w12a_tnk00b1.bmp|w12a_w03a.bmp|w12a_w03c.bmp|w12a_w03c1.bmp|w12a_w04a.bmp|w12b0_wall_12.bmp|w12b0_wall_13.bmp|w12b1_pipe__kanagu_02.bmp|w15a_ppobj00.bmp|w20b20b_hrip_sasae.bmp|w24a0_rflit01a.bmp|w24a0_wlit01a.bmp|w24a0_wlit01a.bmp_33e5140197b5a69816cb0dc781e3c2fd|w24a1_sdw04_alp_ovl.bmp|w24c0_wlit01a.bmp|w28an_ag_light_pipe.bmp|w31a_kage_alp_ovl_13.bmp|w31c_kurayami_ovl_alp_01.bmp|w32a_lad02.bmp|w42a_step_pole_01.bmp|w43a_box_02.bmp|w45a_tesuri_pole_01.bmp
Total Possible Matches: 40
--------------------------------------------
Filename: 29bee4a60b4891e5-4e6817236a2be810-r8x48-00002a94.png
Path: d - substance\sp22a\29bee4a60b4891e5-4e6817236a2be810-r8x48-00002a94.png
SHA1: 1c92d9cecd74b4cf2399884a1bd64511a485c6da
Name Already In List of Possible Matches: No
Resolution: 8x48
"C:\Development\Git\MGS2-PS2-Textures\d - substance\sp22a\29bee4a60b4891e5-4e6817236a2be810-r8x48-00002a94.png"|<"mgs2/base textures/" /<sp21a_sdw03h_alp_ovl.bmp|sp21a_sdw03i_alp_ovl.bmp|sp21a_sdw03j_alp_ovl.bmp>.png>
Possible matching textures (not already found):
  - sp21a_sdw03h_alp_ovl.bmp
  - sp21a_sdw03i_alp_ovl.bmp
  - sp21a_sdw03j_alp_ovl.bmp
Possible matching textures (already identified): ag_light_pipe.bmp|gas_dai02b.bmp|sbm_stick_01.bmp|sv_03.bmp|ticsh2_alp_ovl.bmp|tv_06.bmp|w00_roll7.bmp|w00ak_ref_door_panel.bmp|w00ak_ref_ldk_f1.bmp|w00ak_survial_ashi3.bmp|w00c_drwl_st.bmp|w01b_01c_pp02c.bmp|w01e_drwl_st.bmp|w01e_wall01_s.bmp|w12a_pp00.bmp|w12a_tnk00b1.bmp|w12a_w03a.bmp|w12a_w03c.bmp|w12a_w03c1.bmp|w12a_w04a.bmp|w12b0_wall_12.bmp|w12b0_wall_13.bmp|w12b1_pipe__kanagu_02.bmp|w15a_ppobj00.bmp|w20b20b_hrip_sasae.bmp|w24a0_rflit01a.bmp|w24a0_wlit01a.bmp|w24a0_wlit01a.bmp_33e5140197b5a69816cb0dc781e3c2fd|w24a1_sdw04_alp_ovl.bmp|w24c0_wlit01a.bmp|w28an_ag_light_pipe.bmp|w31a_kage_alp_ovl_13.bmp|w31c_kurayami_ovl_alp_01.bmp|w32a_lad02.bmp|w42a_step_pole_01.bmp|w43a_box_02.bmp|w45a_tesuri_pole_01.bmp
Total Possible Matches: 40
--------------------------------------------
Filename: ac04dfcb17eca039-6a232bee1ab736db-r8x48-00002a94.png
Path: d - substance\sp22a\ac04dfcb17eca039-6a232bee1ab736db-r8x48-00002a94.png
SHA1: bcc8df227396247d014a539d60989e5e95a8bacc
Name Already In List of Possible Matches: No
Resolution: 8x48
"C:\Development\Git\MGS2-PS2-Textures\d - substance\sp22a\ac04dfcb17eca039-6a232bee1ab736db-r8x48-00002a94.png"|<"mgs2/base textures/" /<sp21a_sdw03h_alp_ovl.bmp|sp21a_sdw03i_alp_ovl.bmp|sp21a_sdw03j_alp_ovl.bmp>.png>
Possible matching textures (not already found):
  - sp21a_sdw03h_alp_ovl.bmp
  - sp21a_sdw03i_alp_ovl.bmp
  - sp21a_sdw03j_alp_ovl.bmp
Possible matching textures (already identified): ag_light_pipe.bmp|gas_dai02b.bmp|sbm_stick_01.bmp|sv_03.bmp|ticsh2_alp_ovl.bmp|tv_06.bmp|w00_roll7.bmp|w00ak_ref_door_panel.bmp|w00ak_ref_ldk_f1.bmp|w00ak_survial_ashi3.bmp|w00c_drwl_st.bmp|w01b_01c_pp02c.bmp|w01e_drwl_st.bmp|w01e_wall01_s.bmp|w12a_pp00.bmp|w12a_tnk00b1.bmp|w12a_w03a.bmp|w12a_w03c.bmp|w12a_w03c1.bmp|w12a_w04a.bmp|w12b0_wall_12.bmp|w12b0_wall_13.bmp|w12b1_pipe__kanagu_02.bmp|w15a_ppobj00.bmp|w20b20b_hrip_sasae.bmp|w24a0_rflit01a.bmp|w24a0_wlit01a.bmp|w24a0_wlit01a.bmp_33e5140197b5a69816cb0dc781e3c2fd|w24a1_sdw04_alp_ovl.bmp|w24c0_wlit01a.bmp|w28an_ag_light_pipe.bmp|w31a_kage_alp_ovl_13.bmp|w31c_kurayami_ovl_alp_01.bmp|w32a_lad02.bmp|w42a_step_pole_01.bmp|w43a_box_02.bmp|w45a_tesuri_pole_01.bmp
Total Possible Matches: 40
--------------------------------------------
Filename: fde1f33f23557a90-6a6ab5363b6e7af7-r4x4-00001dd4.png
Path: d - substance\w43a\fde1f33f23557a90-6a6ab5363b6e7af7-r4x4-00001dd4.png
SHA1: 15594bfea9667fd62b69075ea4ff1c077fd38146
Name Already In List of Possible Matches: No
Resolution: 4x4
"C:\Development\Git\MGS2-PS2-Textures\d - substance\w43a\fde1f33f23557a90-6a6ab5363b6e7af7-r4x4-00001dd4.png"|<"mgs2/base textures/" /<for_col1.bmp|gry090.bmp|hos_red.bmp|hos_white.bmp|iro_glass_frame.bmp|sna_glass_flame2.bmp|vamp_col1.bmp|vmp_aaa.bmp>.png>
Possible matching textures (not already found):
  - for_col1.bmp
  - gry090.bmp
  - hos_red.bmp
  - hos_white.bmp
  - iro_glass_frame.bmp
  - sna_glass_flame2.bmp
  - vamp_col1.bmp
  - vmp_aaa.bmp
Possible matching textures (already identified): chr1_05.bmp|chr1_05_alp_sub_ovl.bmp|col_blk.bmp|col_gry008.bmp|col_gry024.bmp_13b642f4c31baae9642f984ba25725ad|col_gry034.bmp|col_red01.bmp|col_w01agry1.bmp|col_w01agry2.bmp|col_w01agry3.bmp|col_w01agry5.bmp|col_w01awht1.bmp|col_w01awht2.bmp|cti_shirts1.bmp|for_arm.bmp|grs_black.bmp|gry075.bmp|gw_hand_b.bmp|gw_hip_back.bmp|h6h_grey.bmp|kck_gray1.bmp|kmo_low_body.bmp|null_msk.bmp|rai_eye_hlf_ovl.bmp|rai_glass_flame.bmp|rev_blk.bmp|sna2h_mouin.bmp|sna_shadow.bmp|sol_body_color.bmp|sol_gantai_dt.bmp|sopelem_himo_01.bmp|vmp_hair_back.bmp|vmp_ton_b.bmp|vmp_ton_u.bmp|w00m_mush_handl_side.bmp|w00m_pick.bmp|w01a_stpt02.bmp
Total Possible Matches: 45
--------------------------------------------
Filename: d0a66a65c7528968-b55ce1e7c1844b0f-r4x4-00001dd4.png
Path: d - substance\unknown gray\d0a66a65c7528968-b55ce1e7c1844b0f-r4x4-00001dd4.png
SHA1: 186aa6b11786cf613a7244b6c6b7abd9e79508ff
Name Already In List of Possible Matches: No
Resolution: 4x4
"C:\Development\Git\MGS2-PS2-Textures\d - substance\unknown gray\d0a66a65c7528968-b55ce1e7c1844b0f-r4x4-00001dd4.png"|<"mgs2/base textures/" /<for_col1.bmp|gry090.bmp|hos_red.bmp|hos_white.bmp|iro_glass_frame.bmp|sna_glass_flame2.bmp|vamp_col1.bmp|vmp_aaa.bmp>.png>
Possible matching textures (not already found):
  - for_col1.bmp
  - gry090.bmp
  - hos_red.bmp
  - hos_white.bmp
  - iro_glass_frame.bmp
  - sna_glass_flame2.bmp
  - vamp_col1.bmp
  - vmp_aaa.bmp
Possible matching textures (already identified): chr1_05.bmp|chr1_05_alp_sub_ovl.bmp|col_blk.bmp|col_gry008.bmp|col_gry024.bmp_13b642f4c31baae9642f984ba25725ad|col_gry034.bmp|col_red01.bmp|col_w01agry1.bmp|col_w01agry2.bmp|col_w01agry3.bmp|col_w01agry5.bmp|col_w01awht1.bmp|col_w01awht2.bmp|cti_shirts1.bmp|for_arm.bmp|grs_black.bmp|gry075.bmp|gw_hand_b.bmp|gw_hip_back.bmp|h6h_grey.bmp|kck_gray1.bmp|kmo_low_body.bmp|null_msk.bmp|rai_eye_hlf_ovl.bmp|rai_glass_flame.bmp|rev_blk.bmp|sna2h_mouin.bmp|sna_shadow.bmp|sol_body_color.bmp|sol_gantai_dt.bmp|sopelem_himo_01.bmp|vmp_hair_back.bmp|vmp_ton_b.bmp|vmp_ton_u.bmp|w00m_mush_handl_side.bmp|w00m_pick.bmp|w01a_stpt02.bmp
Total Possible Matches: 45
--------------------------------------------
Filename: 35c5516c497ae788-e31b14ce6ab62b53-r4x4-00001dd4.png
Path: d - substance\w44a\35c5516c497ae788-e31b14ce6ab62b53-r4x4-00001dd4.png
SHA1: c5d82fa8ecabcfd2b3ccc250039eb4c4a56507b9
Name Already In List of Possible Matches: No
Resolution: 4x4
"C:\Development\Git\MGS2-PS2-Textures\d - substance\w44a\35c5516c497ae788-e31b14ce6ab62b53-r4x4-00001dd4.png"|<"mgs2/base textures/" /<for_col1.bmp|gry090.bmp|hos_red.bmp|hos_white.bmp|iro_glass_frame.bmp|sna_glass_flame2.bmp|vamp_col1.bmp|vmp_aaa.bmp>.png>
Possible matching textures (not already found):
  - for_col1.bmp
  - gry090.bmp
  - hos_red.bmp
  - hos_white.bmp
  - iro_glass_frame.bmp
  - sna_glass_flame2.bmp
  - vamp_col1.bmp
  - vmp_aaa.bmp
Possible matching textures (already identified): chr1_05.bmp|chr1_05_alp_sub_ovl.bmp|col_blk.bmp|col_gry008.bmp|col_gry024.bmp_13b642f4c31baae9642f984ba25725ad|col_gry034.bmp|col_red01.bmp|col_w01agry1.bmp|col_w01agry2.bmp|col_w01agry3.bmp|col_w01agry5.bmp|col_w01awht1.bmp|col_w01awht2.bmp|cti_shirts1.bmp|for_arm.bmp|grs_black.bmp|gry075.bmp|gw_hand_b.bmp|gw_hip_back.bmp|h6h_grey.bmp|kck_gray1.bmp|kmo_low_body.bmp|null_msk.bmp|rai_eye_hlf_ovl.bmp|rai_glass_flame.bmp|rev_blk.bmp|sna2h_mouin.bmp|sna_shadow.bmp|sol_body_color.bmp|sol_gantai_dt.bmp|sopelem_himo_01.bmp|vmp_hair_back.bmp|vmp_ton_b.bmp|vmp_ton_u.bmp|w00m_mush_handl_side.bmp|w00m_pick.bmp|w01a_stpt02.bmp
Total Possible Matches: 45
--------------------------------------------
Filename: 446c2a095cc283bd-40f1428a2cf4d3e7-r48x8-00002a54.png
Path: d - substance\sp25a\446c2a095cc283bd-40f1428a2cf4d3e7-r48x8-00002a54.png
SHA1: 00971ccd4706b946941a111587b5b4b10cc520f6
Name Already In List of Possible Matches: No
Resolution: 48x8
"C:\Development\Git\MGS2-PS2-Textures\d - substance\sp25a\446c2a095cc283bd-40f1428a2cf4d3e7-r48x8-00002a54.png"|<"mgs2/base textures/" /<006797ed|006797ed_78cb3fd6e3dcae58893fa3ca96da3211|ngl_f.bmp|sp25a_sdw_dan02_10_alp_ovl.bmp|sp25a_sdw_dan02_11_alp_ovl.bmp|sp25a_sdw_dan02_3_alp_ovl.bmp|sp25a_sdw_dan02_4_alp_ovl.bmp|sp25a_sdw_dan02_5_alp_ovl.bmp|sp25a_sdw_dan02_6_alp_ovl.bmp|sp25a_sdw_dan02_7_alp_ovl.bmp|sp25a_sdw_dan02_8_alp_ovl.bmp|sp25a_sdw_dan02_9_alp_ovl.bmp>.png>
Possible matching textures (not already found):
  - 006797ed
  - 006797ed_78cb3fd6e3dcae58893fa3ca96da3211
  - ngl_f.bmp
  - sp25a_sdw_dan02_10_alp_ovl.bmp
  - sp25a_sdw_dan02_11_alp_ovl.bmp
  - sp25a_sdw_dan02_3_alp_ovl.bmp
  - sp25a_sdw_dan02_4_alp_ovl.bmp
  - sp25a_sdw_dan02_5_alp_ovl.bmp
  - sp25a_sdw_dan02_6_alp_ovl.bmp
  - sp25a_sdw_dan02_7_alp_ovl.bmp
  - sp25a_sdw_dan02_8_alp_ovl.bmp
  - sp25a_sdw_dan02_9_alp_ovl.bmp
Possible matching textures (already identified): 002e7dde|002e7ddf|elvt_tes3_alp_ovl.bmp|gas_dai02c.bmp|hri2_kyuyu_pipe.bmp|otc_teeth_d2.bmp|otc_teeth_u1.bmp|otc_teeth_u2.bmp|otc_teeth_u3.bmp|rowashot.bmp|sp25a_sdw_dan02_1_alp_ovl.bmp|sp25a_sdw_dan02_2_alp_ovl.bmp|tv_05.bmp|vs08a_sdw02f_alp_ovl.bmp|w02_floor_side.bmp|w10c_sk01bu.bmp|w12a_rf00.bmp_42efa99dfef7c6c96a9e5de07b3cc2ca|w12a_rf00.bmp_e358545c7311bfe682e9fed94c33d271|w12b1_kage_01_ovl_alp.bmp|w14a_h_souti_c08.bmp|w14a_h_souti_e02.bmp|w14a_roof_e02.bmp|w15b_sk01bu.bmp|w16a_wclabel01.bmp|w19a_sdw01b_alp_ovl.bmp|w23a_sdw02_alp_ovl.bmp|w24a0_rflit00a_alp_add_ovl.bmp|w24a1_rflit00a_alp_add_ovl.bmp|w25a_sk01bu.bmp|w25c_pp00_alp_ovl.bmp|w31c_kurayami_alp_ovl_03.bmp|w32a_lad02a.bmp|w32a_lad02b.bmp|w32a_lad02c.bmp|w46a_line_03_moji02_02_alp_add_ovl.bmp|w46a_line_03_moji02_03_alp_add_ovl.bmp|w46a_line_03_moji02_04_alp_add_ovl.bmp|w46a_line_03_moji02_alp_add_ovl.bmp
Total Possible Matches: 50
--------------------------------------------
Filename: d14f0b4453a45bc6-26ad483fc64e764c-r48x8-00002a54.png
Path: d - substance\sp25a\d14f0b4453a45bc6-26ad483fc64e764c-r48x8-00002a54.png
SHA1: 0ff2c024fc55b09129a6ab0917e9e7d09d905639
Name Already In List of Possible Matches: No
Resolution: 48x8
"C:\Development\Git\MGS2-PS2-Textures\d - substance\sp25a\d14f0b4453a45bc6-26ad483fc64e764c-r48x8-00002a54.png"|<"mgs2/base textures/" /<006797ed|006797ed_78cb3fd6e3dcae58893fa3ca96da3211|ngl_f.bmp|sp25a_sdw_dan02_10_alp_ovl.bmp|sp25a_sdw_dan02_11_alp_ovl.bmp|sp25a_sdw_dan02_3_alp_ovl.bmp|sp25a_sdw_dan02_4_alp_ovl.bmp|sp25a_sdw_dan02_5_alp_ovl.bmp|sp25a_sdw_dan02_6_alp_ovl.bmp|sp25a_sdw_dan02_7_alp_ovl.bmp|sp25a_sdw_dan02_8_alp_ovl.bmp|sp25a_sdw_dan02_9_alp_ovl.bmp>.png>
Possible matching textures (not already found):
  - 006797ed
  - 006797ed_78cb3fd6e3dcae58893fa3ca96da3211
  - ngl_f.bmp
  - sp25a_sdw_dan02_10_alp_ovl.bmp
  - sp25a_sdw_dan02_11_alp_ovl.bmp
  - sp25a_sdw_dan02_3_alp_ovl.bmp
  - sp25a_sdw_dan02_4_alp_ovl.bmp
  - sp25a_sdw_dan02_5_alp_ovl.bmp
  - sp25a_sdw_dan02_6_alp_ovl.bmp
  - sp25a_sdw_dan02_7_alp_ovl.bmp
  - sp25a_sdw_dan02_8_alp_ovl.bmp
  - sp25a_sdw_dan02_9_alp_ovl.bmp
Possible matching textures (already identified): 002e7dde|002e7ddf|elvt_tes3_alp_ovl.bmp|gas_dai02c.bmp|hri2_kyuyu_pipe.bmp|otc_teeth_d2.bmp|otc_teeth_u1.bmp|otc_teeth_u2.bmp|otc_teeth_u3.bmp|rowashot.bmp|sp25a_sdw_dan02_1_alp_ovl.bmp|sp25a_sdw_dan02_2_alp_ovl.bmp|tv_05.bmp|vs08a_sdw02f_alp_ovl.bmp|w02_floor_side.bmp|w10c_sk01bu.bmp|w12a_rf00.bmp_42efa99dfef7c6c96a9e5de07b3cc2ca|w12a_rf00.bmp_e358545c7311bfe682e9fed94c33d271|w12b1_kage_01_ovl_alp.bmp|w14a_h_souti_c08.bmp|w14a_h_souti_e02.bmp|w14a_roof_e02.bmp|w15b_sk01bu.bmp|w16a_wclabel01.bmp|w19a_sdw01b_alp_ovl.bmp|w23a_sdw02_alp_ovl.bmp|w24a0_rflit00a_alp_add_ovl.bmp|w24a1_rflit00a_alp_add_ovl.bmp|w25a_sk01bu.bmp|w25c_pp00_alp_ovl.bmp|w31c_kurayami_alp_ovl_03.bmp|w32a_lad02a.bmp|w32a_lad02b.bmp|w32a_lad02c.bmp|w46a_line_03_moji02_02_alp_add_ovl.bmp|w46a_line_03_moji02_03_alp_add_ovl.bmp|w46a_line_03_moji02_04_alp_add_ovl.bmp|w46a_line_03_moji02_alp_add_ovl.bmp
Total Possible Matches: 50
--------------------------------------------
Filename: 4fca3d27289d7589-3585b5ac99b11777-r48x8-00002a54.png
Path: d - substance\sp25a\4fca3d27289d7589-3585b5ac99b11777-r48x8-00002a54.png
SHA1: 47e3eb1ca34f6fe75a2ccd29459e6f299155c371
Name Already In List of Possible Matches: No
Resolution: 48x8
"C:\Development\Git\MGS2-PS2-Textures\d - substance\sp25a\4fca3d27289d7589-3585b5ac99b11777-r48x8-00002a54.png"|<"mgs2/base textures/" /<006797ed|006797ed_78cb3fd6e3dcae58893fa3ca96da3211|ngl_f.bmp|sp25a_sdw_dan02_10_alp_ovl.bmp|sp25a_sdw_dan02_11_alp_ovl.bmp|sp25a_sdw_dan02_3_alp_ovl.bmp|sp25a_sdw_dan02_4_alp_ovl.bmp|sp25a_sdw_dan02_5_alp_ovl.bmp|sp25a_sdw_dan02_6_alp_ovl.bmp|sp25a_sdw_dan02_7_alp_ovl.bmp|sp25a_sdw_dan02_8_alp_ovl.bmp|sp25a_sdw_dan02_9_alp_ovl.bmp>.png>
Possible matching textures (not already found):
  - 006797ed
  - 006797ed_78cb3fd6e3dcae58893fa3ca96da3211
  - ngl_f.bmp
  - sp25a_sdw_dan02_10_alp_ovl.bmp
  - sp25a_sdw_dan02_11_alp_ovl.bmp
  - sp25a_sdw_dan02_3_alp_ovl.bmp
  - sp25a_sdw_dan02_4_alp_ovl.bmp
  - sp25a_sdw_dan02_5_alp_ovl.bmp
  - sp25a_sdw_dan02_6_alp_ovl.bmp
  - sp25a_sdw_dan02_7_alp_ovl.bmp
  - sp25a_sdw_dan02_8_alp_ovl.bmp
  - sp25a_sdw_dan02_9_alp_ovl.bmp
Possible matching textures (already identified): 002e7dde|002e7ddf|elvt_tes3_alp_ovl.bmp|gas_dai02c.bmp|hri2_kyuyu_pipe.bmp|otc_teeth_d2.bmp|otc_teeth_u1.bmp|otc_teeth_u2.bmp|otc_teeth_u3.bmp|rowashot.bmp|sp25a_sdw_dan02_1_alp_ovl.bmp|sp25a_sdw_dan02_2_alp_ovl.bmp|tv_05.bmp|vs08a_sdw02f_alp_ovl.bmp|w02_floor_side.bmp|w10c_sk01bu.bmp|w12a_rf00.bmp_42efa99dfef7c6c96a9e5de07b3cc2ca|w12a_rf00.bmp_e358545c7311bfe682e9fed94c33d271|w12b1_kage_01_ovl_alp.bmp|w14a_h_souti_c08.bmp|w14a_h_souti_e02.bmp|w14a_roof_e02.bmp|w15b_sk01bu.bmp|w16a_wclabel01.bmp|w19a_sdw01b_alp_ovl.bmp|w23a_sdw02_alp_ovl.bmp|w24a0_rflit00a_alp_add_ovl.bmp|w24a1_rflit00a_alp_add_ovl.bmp|w25a_sk01bu.bmp|w25c_pp00_alp_ovl.bmp|w31c_kurayami_alp_ovl_03.bmp|w32a_lad02a.bmp|w32a_lad02b.bmp|w32a_lad02c.bmp|w46a_line_03_moji02_02_alp_add_ovl.bmp|w46a_line_03_moji02_03_alp_add_ovl.bmp|w46a_line_03_moji02_04_alp_add_ovl.bmp|w46a_line_03_moji02_alp_add_ovl.bmp
Total Possible Matches: 50
--------------------------------------------
Filename: 72f7b30c535affa0-8810bd9cefbb230b-r48x8-00002a54.png
Path: d - substance\sp25a\72f7b30c535affa0-8810bd9cefbb230b-r48x8-00002a54.png
SHA1: 50d79858253464cfa3ea61d3e411cecf2bf3622a
Name Already In List of Possible Matches: No
Resolution: 48x8
"C:\Development\Git\MGS2-PS2-Textures\d - substance\sp25a\72f7b30c535affa0-8810bd9cefbb230b-r48x8-00002a54.png"|<"mgs2/base textures/" /<006797ed|006797ed_78cb3fd6e3dcae58893fa3ca96da3211|ngl_f.bmp|sp25a_sdw_dan02_10_alp_ovl.bmp|sp25a_sdw_dan02_11_alp_ovl.bmp|sp25a_sdw_dan02_3_alp_ovl.bmp|sp25a_sdw_dan02_4_alp_ovl.bmp|sp25a_sdw_dan02_5_alp_ovl.bmp|sp25a_sdw_dan02_6_alp_ovl.bmp|sp25a_sdw_dan02_7_alp_ovl.bmp|sp25a_sdw_dan02_8_alp_ovl.bmp|sp25a_sdw_dan02_9_alp_ovl.bmp>.png>
Possible matching textures (not already found):
  - 006797ed
  - 006797ed_78cb3fd6e3dcae58893fa3ca96da3211
  - ngl_f.bmp
  - sp25a_sdw_dan02_10_alp_ovl.bmp
  - sp25a_sdw_dan02_11_alp_ovl.bmp
  - sp25a_sdw_dan02_3_alp_ovl.bmp
  - sp25a_sdw_dan02_4_alp_ovl.bmp
  - sp25a_sdw_dan02_5_alp_ovl.bmp
  - sp25a_sdw_dan02_6_alp_ovl.bmp
  - sp25a_sdw_dan02_7_alp_ovl.bmp
  - sp25a_sdw_dan02_8_alp_ovl.bmp
  - sp25a_sdw_dan02_9_alp_ovl.bmp
Possible matching textures (already identified): 002e7dde|002e7ddf|elvt_tes3_alp_ovl.bmp|gas_dai02c.bmp|hri2_kyuyu_pipe.bmp|otc_teeth_d2.bmp|otc_teeth_u1.bmp|otc_teeth_u2.bmp|otc_teeth_u3.bmp|rowashot.bmp|sp25a_sdw_dan02_1_alp_ovl.bmp|sp25a_sdw_dan02_2_alp_ovl.bmp|tv_05.bmp|vs08a_sdw02f_alp_ovl.bmp|w02_floor_side.bmp|w10c_sk01bu.bmp|w12a_rf00.bmp_42efa99dfef7c6c96a9e5de07b3cc2ca|w12a_rf00.bmp_e358545c7311bfe682e9fed94c33d271|w12b1_kage_01_ovl_alp.bmp|w14a_h_souti_c08.bmp|w14a_h_souti_e02.bmp|w14a_roof_e02.bmp|w15b_sk01bu.bmp|w16a_wclabel01.bmp|w19a_sdw01b_alp_ovl.bmp|w23a_sdw02_alp_ovl.bmp|w24a0_rflit00a_alp_add_ovl.bmp|w24a1_rflit00a_alp_add_ovl.bmp|w25a_sk01bu.bmp|w25c_pp00_alp_ovl.bmp|w31c_kurayami_alp_ovl_03.bmp|w32a_lad02a.bmp|w32a_lad02b.bmp|w32a_lad02c.bmp|w46a_line_03_moji02_02_alp_add_ovl.bmp|w46a_line_03_moji02_03_alp_add_ovl.bmp|w46a_line_03_moji02_04_alp_add_ovl.bmp|w46a_line_03_moji02_alp_add_ovl.bmp
Total Possible Matches: 50
--------------------------------------------
Filename: 9842a92d555964cf-26ad483fc64e764c-r48x8-00002a54.png
Path: d - substance\sp25a\9842a92d555964cf-26ad483fc64e764c-r48x8-00002a54.png
SHA1: 56476330cb7487a6e6f2b89ca59013f9c0f75b3e
Name Already In List of Possible Matches: No
Resolution: 48x8
"C:\Development\Git\MGS2-PS2-Textures\d - substance\sp25a\9842a92d555964cf-26ad483fc64e764c-r48x8-00002a54.png"|<"mgs2/base textures/" /<006797ed|006797ed_78cb3fd6e3dcae58893fa3ca96da3211|ngl_f.bmp|sp25a_sdw_dan02_10_alp_ovl.bmp|sp25a_sdw_dan02_11_alp_ovl.bmp|sp25a_sdw_dan02_3_alp_ovl.bmp|sp25a_sdw_dan02_4_alp_ovl.bmp|sp25a_sdw_dan02_5_alp_ovl.bmp|sp25a_sdw_dan02_6_alp_ovl.bmp|sp25a_sdw_dan02_7_alp_ovl.bmp|sp25a_sdw_dan02_8_alp_ovl.bmp|sp25a_sdw_dan02_9_alp_ovl.bmp>.png>
Possible matching textures (not already found):
  - 006797ed
  - 006797ed_78cb3fd6e3dcae58893fa3ca96da3211
  - ngl_f.bmp
  - sp25a_sdw_dan02_10_alp_ovl.bmp
  - sp25a_sdw_dan02_11_alp_ovl.bmp
  - sp25a_sdw_dan02_3_alp_ovl.bmp
  - sp25a_sdw_dan02_4_alp_ovl.bmp
  - sp25a_sdw_dan02_5_alp_ovl.bmp
  - sp25a_sdw_dan02_6_alp_ovl.bmp
  - sp25a_sdw_dan02_7_alp_ovl.bmp
  - sp25a_sdw_dan02_8_alp_ovl.bmp
  - sp25a_sdw_dan02_9_alp_ovl.bmp
Possible matching textures (already identified): 002e7dde|002e7ddf|elvt_tes3_alp_ovl.bmp|gas_dai02c.bmp|hri2_kyuyu_pipe.bmp|otc_teeth_d2.bmp|otc_teeth_u1.bmp|otc_teeth_u2.bmp|otc_teeth_u3.bmp|rowashot.bmp|sp25a_sdw_dan02_1_alp_ovl.bmp|sp25a_sdw_dan02_2_alp_ovl.bmp|tv_05.bmp|vs08a_sdw02f_alp_ovl.bmp|w02_floor_side.bmp|w10c_sk01bu.bmp|w12a_rf00.bmp_42efa99dfef7c6c96a9e5de07b3cc2ca|w12a_rf00.bmp_e358545c7311bfe682e9fed94c33d271|w12b1_kage_01_ovl_alp.bmp|w14a_h_souti_c08.bmp|w14a_h_souti_e02.bmp|w14a_roof_e02.bmp|w15b_sk01bu.bmp|w16a_wclabel01.bmp|w19a_sdw01b_alp_ovl.bmp|w23a_sdw02_alp_ovl.bmp|w24a0_rflit00a_alp_add_ovl.bmp|w24a1_rflit00a_alp_add_ovl.bmp|w25a_sk01bu.bmp|w25c_pp00_alp_ovl.bmp|w31c_kurayami_alp_ovl_03.bmp|w32a_lad02a.bmp|w32a_lad02b.bmp|w32a_lad02c.bmp|w46a_line_03_moji02_02_alp_add_ovl.bmp|w46a_line_03_moji02_03_alp_add_ovl.bmp|w46a_line_03_moji02_04_alp_add_ovl.bmp|w46a_line_03_moji02_alp_add_ovl.bmp
Total Possible Matches: 50
--------------------------------------------
Filename: e2b41106ddc8c9c0-e3d69b5fb20a006a-r48x8-00001dd4.png
Path: d - substance\r_vr_r\e2b41106ddc8c9c0-e3d69b5fb20a006a-r48x8-00001dd4.png
SHA1: 7caab755d12deada9278797a36dec4b7a5eed2a1
Name Already In List of Possible Matches: No
Resolution: 48x8
"C:\Development\Git\MGS2-PS2-Textures\d - substance\r_vr_r\e2b41106ddc8c9c0-e3d69b5fb20a006a-r48x8-00001dd4.png"|<"mgs2/base textures/" /<006797ed|006797ed_78cb3fd6e3dcae58893fa3ca96da3211|ngl_f.bmp|sp25a_sdw_dan02_10_alp_ovl.bmp|sp25a_sdw_dan02_11_alp_ovl.bmp|sp25a_sdw_dan02_3_alp_ovl.bmp|sp25a_sdw_dan02_4_alp_ovl.bmp|sp25a_sdw_dan02_5_alp_ovl.bmp|sp25a_sdw_dan02_6_alp_ovl.bmp|sp25a_sdw_dan02_7_alp_ovl.bmp|sp25a_sdw_dan02_8_alp_ovl.bmp|sp25a_sdw_dan02_9_alp_ovl.bmp>.png>
Possible matching textures (not already found):
  - 006797ed
  - 006797ed_78cb3fd6e3dcae58893fa3ca96da3211
  - ngl_f.bmp
  - sp25a_sdw_dan02_10_alp_ovl.bmp
  - sp25a_sdw_dan02_11_alp_ovl.bmp
  - sp25a_sdw_dan02_3_alp_ovl.bmp
  - sp25a_sdw_dan02_4_alp_ovl.bmp
  - sp25a_sdw_dan02_5_alp_ovl.bmp
  - sp25a_sdw_dan02_6_alp_ovl.bmp
  - sp25a_sdw_dan02_7_alp_ovl.bmp
  - sp25a_sdw_dan02_8_alp_ovl.bmp
  - sp25a_sdw_dan02_9_alp_ovl.bmp
Possible matching textures (already identified): 002e7dde|002e7ddf|elvt_tes3_alp_ovl.bmp|gas_dai02c.bmp|hri2_kyuyu_pipe.bmp|otc_teeth_d2.bmp|otc_teeth_u1.bmp|otc_teeth_u2.bmp|otc_teeth_u3.bmp|rowashot.bmp|sp25a_sdw_dan02_1_alp_ovl.bmp|sp25a_sdw_dan02_2_alp_ovl.bmp|tv_05.bmp|vs08a_sdw02f_alp_ovl.bmp|w02_floor_side.bmp|w10c_sk01bu.bmp|w12a_rf00.bmp_42efa99dfef7c6c96a9e5de07b3cc2ca|w12a_rf00.bmp_e358545c7311bfe682e9fed94c33d271|w12b1_kage_01_ovl_alp.bmp|w14a_h_souti_c08.bmp|w14a_h_souti_e02.bmp|w14a_roof_e02.bmp|w15b_sk01bu.bmp|w16a_wclabel01.bmp|w19a_sdw01b_alp_ovl.bmp|w23a_sdw02_alp_ovl.bmp|w24a0_rflit00a_alp_add_ovl.bmp|w24a1_rflit00a_alp_add_ovl.bmp|w25a_sk01bu.bmp|w25c_pp00_alp_ovl.bmp|w31c_kurayami_alp_ovl_03.bmp|w32a_lad02a.bmp|w32a_lad02b.bmp|w32a_lad02c.bmp|w46a_line_03_moji02_02_alp_add_ovl.bmp|w46a_line_03_moji02_03_alp_add_ovl.bmp|w46a_line_03_moji02_04_alp_add_ovl.bmp|w46a_line_03_moji02_alp_add_ovl.bmp
Total Possible Matches: 50
--------------------------------------------
Filename: be0d6da105d77177-a9944d40e1d5683e-r48x8-00002a54.png
Path: d - substance\sp25a\be0d6da105d77177-a9944d40e1d5683e-r48x8-00002a54.png
SHA1: 85f2c11180f34728601eafb86337ccf4de2b3248
Name Already In List of Possible Matches: No
Resolution: 48x8
"C:\Development\Git\MGS2-PS2-Textures\d - substance\sp25a\be0d6da105d77177-a9944d40e1d5683e-r48x8-00002a54.png"|<"mgs2/base textures/" /<006797ed|006797ed_78cb3fd6e3dcae58893fa3ca96da3211|ngl_f.bmp|sp25a_sdw_dan02_10_alp_ovl.bmp|sp25a_sdw_dan02_11_alp_ovl.bmp|sp25a_sdw_dan02_3_alp_ovl.bmp|sp25a_sdw_dan02_4_alp_ovl.bmp|sp25a_sdw_dan02_5_alp_ovl.bmp|sp25a_sdw_dan02_6_alp_ovl.bmp|sp25a_sdw_dan02_7_alp_ovl.bmp|sp25a_sdw_dan02_8_alp_ovl.bmp|sp25a_sdw_dan02_9_alp_ovl.bmp>.png>
Possible matching textures (not already found):
  - 006797ed
  - 006797ed_78cb3fd6e3dcae58893fa3ca96da3211
  - ngl_f.bmp
  - sp25a_sdw_dan02_10_alp_ovl.bmp
  - sp25a_sdw_dan02_11_alp_ovl.bmp
  - sp25a_sdw_dan02_3_alp_ovl.bmp
  - sp25a_sdw_dan02_4_alp_ovl.bmp
  - sp25a_sdw_dan02_5_alp_ovl.bmp
  - sp25a_sdw_dan02_6_alp_ovl.bmp
  - sp25a_sdw_dan02_7_alp_ovl.bmp
  - sp25a_sdw_dan02_8_alp_ovl.bmp
  - sp25a_sdw_dan02_9_alp_ovl.bmp
Possible matching textures (already identified): 002e7dde|002e7ddf|elvt_tes3_alp_ovl.bmp|gas_dai02c.bmp|hri2_kyuyu_pipe.bmp|otc_teeth_d2.bmp|otc_teeth_u1.bmp|otc_teeth_u2.bmp|otc_teeth_u3.bmp|rowashot.bmp|sp25a_sdw_dan02_1_alp_ovl.bmp|sp25a_sdw_dan02_2_alp_ovl.bmp|tv_05.bmp|vs08a_sdw02f_alp_ovl.bmp|w02_floor_side.bmp|w10c_sk01bu.bmp|w12a_rf00.bmp_42efa99dfef7c6c96a9e5de07b3cc2ca|w12a_rf00.bmp_e358545c7311bfe682e9fed94c33d271|w12b1_kage_01_ovl_alp.bmp|w14a_h_souti_c08.bmp|w14a_h_souti_e02.bmp|w14a_roof_e02.bmp|w15b_sk01bu.bmp|w16a_wclabel01.bmp|w19a_sdw01b_alp_ovl.bmp|w23a_sdw02_alp_ovl.bmp|w24a0_rflit00a_alp_add_ovl.bmp|w24a1_rflit00a_alp_add_ovl.bmp|w25a_sk01bu.bmp|w25c_pp00_alp_ovl.bmp|w31c_kurayami_alp_ovl_03.bmp|w32a_lad02a.bmp|w32a_lad02b.bmp|w32a_lad02c.bmp|w46a_line_03_moji02_02_alp_add_ovl.bmp|w46a_line_03_moji02_03_alp_add_ovl.bmp|w46a_line_03_moji02_04_alp_add_ovl.bmp|w46a_line_03_moji02_alp_add_ovl.bmp
Total Possible Matches: 50
--------------------------------------------
Filename: c80e92a59ae700c-6d41792fdb1242f4-r48x8-00002a54.png
Path: d - substance\sp25a\c80e92a59ae700c-6d41792fdb1242f4-r48x8-00002a54.png
SHA1: c43f7b20412f4c14e7e38ec0bdb29db41d0e25fa
Name Already In List of Possible Matches: No
Resolution: 48x8
"C:\Development\Git\MGS2-PS2-Textures\d - substance\sp25a\c80e92a59ae700c-6d41792fdb1242f4-r48x8-00002a54.png"|<"mgs2/base textures/" /<006797ed|006797ed_78cb3fd6e3dcae58893fa3ca96da3211|ngl_f.bmp|sp25a_sdw_dan02_10_alp_ovl.bmp|sp25a_sdw_dan02_11_alp_ovl.bmp|sp25a_sdw_dan02_3_alp_ovl.bmp|sp25a_sdw_dan02_4_alp_ovl.bmp|sp25a_sdw_dan02_5_alp_ovl.bmp|sp25a_sdw_dan02_6_alp_ovl.bmp|sp25a_sdw_dan02_7_alp_ovl.bmp|sp25a_sdw_dan02_8_alp_ovl.bmp|sp25a_sdw_dan02_9_alp_ovl.bmp>.png>
Possible matching textures (not already found):
  - 006797ed
  - 006797ed_78cb3fd6e3dcae58893fa3ca96da3211
  - ngl_f.bmp
  - sp25a_sdw_dan02_10_alp_ovl.bmp
  - sp25a_sdw_dan02_11_alp_ovl.bmp
  - sp25a_sdw_dan02_3_alp_ovl.bmp
  - sp25a_sdw_dan02_4_alp_ovl.bmp
  - sp25a_sdw_dan02_5_alp_ovl.bmp
  - sp25a_sdw_dan02_6_alp_ovl.bmp
  - sp25a_sdw_dan02_7_alp_ovl.bmp
  - sp25a_sdw_dan02_8_alp_ovl.bmp
  - sp25a_sdw_dan02_9_alp_ovl.bmp
Possible matching textures (already identified): 002e7dde|002e7ddf|elvt_tes3_alp_ovl.bmp|gas_dai02c.bmp|hri2_kyuyu_pipe.bmp|otc_teeth_d2.bmp|otc_teeth_u1.bmp|otc_teeth_u2.bmp|otc_teeth_u3.bmp|rowashot.bmp|sp25a_sdw_dan02_1_alp_ovl.bmp|sp25a_sdw_dan02_2_alp_ovl.bmp|tv_05.bmp|vs08a_sdw02f_alp_ovl.bmp|w02_floor_side.bmp|w10c_sk01bu.bmp|w12a_rf00.bmp_42efa99dfef7c6c96a9e5de07b3cc2ca|w12a_rf00.bmp_e358545c7311bfe682e9fed94c33d271|w12b1_kage_01_ovl_alp.bmp|w14a_h_souti_c08.bmp|w14a_h_souti_e02.bmp|w14a_roof_e02.bmp|w15b_sk01bu.bmp|w16a_wclabel01.bmp|w19a_sdw01b_alp_ovl.bmp|w23a_sdw02_alp_ovl.bmp|w24a0_rflit00a_alp_add_ovl.bmp|w24a1_rflit00a_alp_add_ovl.bmp|w25a_sk01bu.bmp|w25c_pp00_alp_ovl.bmp|w31c_kurayami_alp_ovl_03.bmp|w32a_lad02a.bmp|w32a_lad02b.bmp|w32a_lad02c.bmp|w46a_line_03_moji02_02_alp_add_ovl.bmp|w46a_line_03_moji02_03_alp_add_ovl.bmp|w46a_line_03_moji02_04_alp_add_ovl.bmp|w46a_line_03_moji02_alp_add_ovl.bmp
Total Possible Matches: 50
--------------------------------------------
Filename: 3ba9c59dacb65986-6d41792fdb1242f4-r48x8-00002a54.png
Path: d - substance\sp25a\3ba9c59dacb65986-6d41792fdb1242f4-r48x8-00002a54.png
SHA1: dcbcea0dbe39146563b9aea9e876077d86912be6
Name Already In List of Possible Matches: No
Resolution: 48x8
"C:\Development\Git\MGS2-PS2-Textures\d - substance\sp25a\3ba9c59dacb65986-6d41792fdb1242f4-r48x8-00002a54.png"|<"mgs2/base textures/" /<006797ed|006797ed_78cb3fd6e3dcae58893fa3ca96da3211|ngl_f.bmp|sp25a_sdw_dan02_10_alp_ovl.bmp|sp25a_sdw_dan02_11_alp_ovl.bmp|sp25a_sdw_dan02_3_alp_ovl.bmp|sp25a_sdw_dan02_4_alp_ovl.bmp|sp25a_sdw_dan02_5_alp_ovl.bmp|sp25a_sdw_dan02_6_alp_ovl.bmp|sp25a_sdw_dan02_7_alp_ovl.bmp|sp25a_sdw_dan02_8_alp_ovl.bmp|sp25a_sdw_dan02_9_alp_ovl.bmp>.png>
Possible matching textures (not already found):
  - 006797ed
  - 006797ed_78cb3fd6e3dcae58893fa3ca96da3211
  - ngl_f.bmp
  - sp25a_sdw_dan02_10_alp_ovl.bmp
  - sp25a_sdw_dan02_11_alp_ovl.bmp
  - sp25a_sdw_dan02_3_alp_ovl.bmp
  - sp25a_sdw_dan02_4_alp_ovl.bmp
  - sp25a_sdw_dan02_5_alp_ovl.bmp
  - sp25a_sdw_dan02_6_alp_ovl.bmp
  - sp25a_sdw_dan02_7_alp_ovl.bmp
  - sp25a_sdw_dan02_8_alp_ovl.bmp
  - sp25a_sdw_dan02_9_alp_ovl.bmp
Possible matching textures (already identified): 002e7dde|002e7ddf|elvt_tes3_alp_ovl.bmp|gas_dai02c.bmp|hri2_kyuyu_pipe.bmp|otc_teeth_d2.bmp|otc_teeth_u1.bmp|otc_teeth_u2.bmp|otc_teeth_u3.bmp|rowashot.bmp|sp25a_sdw_dan02_1_alp_ovl.bmp|sp25a_sdw_dan02_2_alp_ovl.bmp|tv_05.bmp|vs08a_sdw02f_alp_ovl.bmp|w02_floor_side.bmp|w10c_sk01bu.bmp|w12a_rf00.bmp_42efa99dfef7c6c96a9e5de07b3cc2ca|w12a_rf00.bmp_e358545c7311bfe682e9fed94c33d271|w12b1_kage_01_ovl_alp.bmp|w14a_h_souti_c08.bmp|w14a_h_souti_e02.bmp|w14a_roof_e02.bmp|w15b_sk01bu.bmp|w16a_wclabel01.bmp|w19a_sdw01b_alp_ovl.bmp|w23a_sdw02_alp_ovl.bmp|w24a0_rflit00a_alp_add_ovl.bmp|w24a1_rflit00a_alp_add_ovl.bmp|w25a_sk01bu.bmp|w25c_pp00_alp_ovl.bmp|w31c_kurayami_alp_ovl_03.bmp|w32a_lad02a.bmp|w32a_lad02b.bmp|w32a_lad02c.bmp|w46a_line_03_moji02_02_alp_add_ovl.bmp|w46a_line_03_moji02_03_alp_add_ovl.bmp|w46a_line_03_moji02_04_alp_add_ovl.bmp|w46a_line_03_moji02_alp_add_ovl.bmp
Total Possible Matches: 50
--------------------------------------------
Filename: 786e03c9dd0dfeea-5eddb6e9ac110a6e-r48x8-00002a54.png
Path: d - substance\sp25a\786e03c9dd0dfeea-5eddb6e9ac110a6e-r48x8-00002a54.png
SHA1: e7cdb96e3fc0ec694f1234d543f3d1b846c1f310
Name Already In List of Possible Matches: No
Resolution: 48x8
"C:\Development\Git\MGS2-PS2-Textures\d - substance\sp25a\786e03c9dd0dfeea-5eddb6e9ac110a6e-r48x8-00002a54.png"|<"mgs2/base textures/" /<006797ed|006797ed_78cb3fd6e3dcae58893fa3ca96da3211|ngl_f.bmp|sp25a_sdw_dan02_10_alp_ovl.bmp|sp25a_sdw_dan02_11_alp_ovl.bmp|sp25a_sdw_dan02_3_alp_ovl.bmp|sp25a_sdw_dan02_4_alp_ovl.bmp|sp25a_sdw_dan02_5_alp_ovl.bmp|sp25a_sdw_dan02_6_alp_ovl.bmp|sp25a_sdw_dan02_7_alp_ovl.bmp|sp25a_sdw_dan02_8_alp_ovl.bmp|sp25a_sdw_dan02_9_alp_ovl.bmp>.png>
Possible matching textures (not already found):
  - 006797ed
  - 006797ed_78cb3fd6e3dcae58893fa3ca96da3211
  - ngl_f.bmp
  - sp25a_sdw_dan02_10_alp_ovl.bmp
  - sp25a_sdw_dan02_11_alp_ovl.bmp
  - sp25a_sdw_dan02_3_alp_ovl.bmp
  - sp25a_sdw_dan02_4_alp_ovl.bmp
  - sp25a_sdw_dan02_5_alp_ovl.bmp
  - sp25a_sdw_dan02_6_alp_ovl.bmp
  - sp25a_sdw_dan02_7_alp_ovl.bmp
  - sp25a_sdw_dan02_8_alp_ovl.bmp
  - sp25a_sdw_dan02_9_alp_ovl.bmp
Possible matching textures (already identified): 002e7dde|002e7ddf|elvt_tes3_alp_ovl.bmp|gas_dai02c.bmp|hri2_kyuyu_pipe.bmp|otc_teeth_d2.bmp|otc_teeth_u1.bmp|otc_teeth_u2.bmp|otc_teeth_u3.bmp|rowashot.bmp|sp25a_sdw_dan02_1_alp_ovl.bmp|sp25a_sdw_dan02_2_alp_ovl.bmp|tv_05.bmp|vs08a_sdw02f_alp_ovl.bmp|w02_floor_side.bmp|w10c_sk01bu.bmp|w12a_rf00.bmp_42efa99dfef7c6c96a9e5de07b3cc2ca|w12a_rf00.bmp_e358545c7311bfe682e9fed94c33d271|w12b1_kage_01_ovl_alp.bmp|w14a_h_souti_c08.bmp|w14a_h_souti_e02.bmp|w14a_roof_e02.bmp|w15b_sk01bu.bmp|w16a_wclabel01.bmp|w19a_sdw01b_alp_ovl.bmp|w23a_sdw02_alp_ovl.bmp|w24a0_rflit00a_alp_add_ovl.bmp|w24a1_rflit00a_alp_add_ovl.bmp|w25a_sk01bu.bmp|w25c_pp00_alp_ovl.bmp|w31c_kurayami_alp_ovl_03.bmp|w32a_lad02a.bmp|w32a_lad02b.bmp|w32a_lad02c.bmp|w46a_line_03_moji02_02_alp_add_ovl.bmp|w46a_line_03_moji02_03_alp_add_ovl.bmp|w46a_line_03_moji02_04_alp_add_ovl.bmp|w46a_line_03_moji02_alp_add_ovl.bmp
Total Possible Matches: 50
--------------------------------------------
Filename: 7847fe520611c022-b3e5e9a63dd8c5e1-r24x16-00002a14.png
Path: d - substance\wp62a\7847fe520611c022-b3e5e9a63dd8c5e1-r24x16-00002a14.png
SHA1: 2f48d0fad374a319c8c86d5c2014be04054a3b17
Name Already In List of Possible Matches: No
Resolution: 24x16
"C:\Development\Git\MGS2-PS2-Textures\d - substance\wp62a\7847fe520611c022-b3e5e9a63dd8c5e1-r24x16-00002a14.png"|<"mgs2/base textures/" /<m4a_scope.bmp|ws62a_sdw01_alp_ovl.bmp|ws62a_sdw13_alp_ovl.bmp>.png>
Possible matching textures (not already found):
  - m4a_scope.bmp
  - ws62a_sdw01_alp_ovl.bmp
  - ws62a_sdw13_alp_ovl.bmp
Possible matching textures (already identified): 0091a721|cam_kata_sml_dt.bmp|cam_kata_sml_dt_sub_alp_ovl.bmp|gbs_head_back.bmp|hiyoko_karada_stamp01.bmp|item_grass2.bmp|jam_hi_eye_dt01.bmp|jam_hi_eye_dt01_ovl_sub_alp.bmp|lifeboat_lift_arm_01.bmp|nkt_cam.bmp|nkt_grips.bmp|rai_finger_fix.bmp|rai_finger_fix_ovl_sub_alp.bmp|rai_hand_a.bmp|ric_hi_eye.bmp|sbm_wing_side_01.bmp|sna_hi_eye01dt.bmp|sna_hi_eye01dt.bmp_c0784f99238a539837ac94a145e6ffbf|sna_hi_eye_ovl_sub_alp.bmp|sol_hi_eye_dt01.bmp|svc_panel.bmp|tv_ovl_decal_mod2010.bmp|val_ra_mg.bmp|vs10a_sdw07e_alp_ovl.bmp|w01a_bart00a_add_ovl.bmp|w01b_rfa03.bmp|w01b_rfa03in.bmp|w01d1_h00c.bmp|w01d1_h00d.bmp|w12a_sdw03_alp_ovl.bmp|w12c_sdw07e_alp_ovl.bmp|w13a_sdw03_alp_ovl.bmp|w13b_sdw01_alp_ovl.bmp|w14a_h_souti_c05.bmp|w16a_ki31.bmp|w21a_sdw00a_alp_ovl.bmp|w21a_sdw00b_alp_ovl.bmp|w21a_sdw06_alp_ovl.bmp|w21b_sdw00a2_alp_ovl.bmp|w21b_sdw00b_alp_ovl.bmp|w22a_kanagu01.bmp|w22a_waku01.bmp|w24a0_sdw00_alp_ovl.bmp|w24a_pp03c.bmp|w24b0_ms03_alp_add_ovl.bmp|w24c1_rev_disp_maku_alp_add_ovl.bmp|w24c_sptlit00a.bmp|w31c_light_02.bmp|w31c_light_02_brk.bmp|w42a_white_line_alp_ovl.bmp|w43a_pipe_tome_01.bmp
Total Possible Matches: 54
--------------------------------------------
Filename: 9d41974d9ab6e77b-88c8671f72ff9842-r24x16-00002a14.png
Path: d - substance\wp62a\9d41974d9ab6e77b-88c8671f72ff9842-r24x16-00002a14.png
SHA1: d56942e1106330e5cdc706d322990618a764329a
Name Already In List of Possible Matches: No
Resolution: 24x16
"C:\Development\Git\MGS2-PS2-Textures\d - substance\wp62a\9d41974d9ab6e77b-88c8671f72ff9842-r24x16-00002a14.png"|<"mgs2/base textures/" /<m4a_scope.bmp|ws62a_sdw01_alp_ovl.bmp|ws62a_sdw13_alp_ovl.bmp>.png>
Possible matching textures (not already found):
  - m4a_scope.bmp
  - ws62a_sdw01_alp_ovl.bmp
  - ws62a_sdw13_alp_ovl.bmp
Possible matching textures (already identified): 0091a721|cam_kata_sml_dt.bmp|cam_kata_sml_dt_sub_alp_ovl.bmp|gbs_head_back.bmp|hiyoko_karada_stamp01.bmp|item_grass2.bmp|jam_hi_eye_dt01.bmp|jam_hi_eye_dt01_ovl_sub_alp.bmp|lifeboat_lift_arm_01.bmp|nkt_cam.bmp|nkt_grips.bmp|rai_finger_fix.bmp|rai_finger_fix_ovl_sub_alp.bmp|rai_hand_a.bmp|ric_hi_eye.bmp|sbm_wing_side_01.bmp|sna_hi_eye01dt.bmp|sna_hi_eye01dt.bmp_c0784f99238a539837ac94a145e6ffbf|sna_hi_eye_ovl_sub_alp.bmp|sol_hi_eye_dt01.bmp|svc_panel.bmp|tv_ovl_decal_mod2010.bmp|val_ra_mg.bmp|vs10a_sdw07e_alp_ovl.bmp|w01a_bart00a_add_ovl.bmp|w01b_rfa03.bmp|w01b_rfa03in.bmp|w01d1_h00c.bmp|w01d1_h00d.bmp|w12a_sdw03_alp_ovl.bmp|w12c_sdw07e_alp_ovl.bmp|w13a_sdw03_alp_ovl.bmp|w13b_sdw01_alp_ovl.bmp|w14a_h_souti_c05.bmp|w16a_ki31.bmp|w21a_sdw00a_alp_ovl.bmp|w21a_sdw00b_alp_ovl.bmp|w21a_sdw06_alp_ovl.bmp|w21b_sdw00a2_alp_ovl.bmp|w21b_sdw00b_alp_ovl.bmp|w22a_kanagu01.bmp|w22a_waku01.bmp|w24a0_sdw00_alp_ovl.bmp|w24a_pp03c.bmp|w24b0_ms03_alp_add_ovl.bmp|w24c1_rev_disp_maku_alp_add_ovl.bmp|w24c_sptlit00a.bmp|w31c_light_02.bmp|w31c_light_02_brk.bmp|w42a_white_line_alp_ovl.bmp|w43a_pipe_tome_01.bmp
Total Possible Matches: 54
--------------------------------------------
Filename: c4503f0bb780234d-4501dfdb370e1221-r96x32-00002a94.png
Path: d - substance\sp22a\c4503f0bb780234d-4501dfdb370e1221-r96x32-00002a94.png
SHA1: 4fb0144cb420d54038a7531b3c1c686fd8e3656e
Name Already In List of Possible Matches: No
Resolution: 96x32
"C:\Development\Git\MGS2-PS2-Textures\d - substance\sp22a\c4503f0bb780234d-4501dfdb370e1221-r96x32-00002a94.png"|<"mgs2/base textures/" /<mark_noise_alp.bmp|sp21a_sdw01e_alp_ovl.bmp|sp21a_sdw08a_alp_ovl.bmp>.png>
Possible matching textures (not already found):
  - mark_noise_alp.bmp
  - sp21a_sdw01e_alp_ovl.bmp
  - sp21a_sdw08a_alp_ovl.bmp
Possible matching textures (already identified): crd_ppb00.bmp|crd_ppb01.bmp|hri2_missilepod_s1.bmp|m3l_flo_medienter2_bld097_ovl.bmp|org_hatfront.bmp|orn_should_dt01.bmp|orn_should_dt01_sub_alp_ovl.bmp|p90_main_natsu.bmp|raycp_arm_s1.bmp|sna_oss_spad.bmp|sna_oss_spad_ovl_sub_alp.bmp|sp25a_sdw20_alp_ovl.bmp|vs07a_sdw11_alp_ovl.bmp|w01a0_wh01d.bmp|w01a0_wh01e.bmp|w01a1_wla08.bmp|w01b_hc02.bmp|w01b_hc02a.bmp|w01d1_rfb03.bmp|w01f_01b_mark_05.bmp|w01f_tvw06c_bld090_ovl.bmp|w11a2_floor_kage08_alp_ovl.bmp|w11a2_floor_kage09_alp_ovl.bmp|w12c_sdw01_alp_ovl.bmp|w14a0_kage_r01_alp_ovl.bmp|w17a_sdwpp01b_alp_ovl.bmp|w17a_sdwpp01c_alp_ovl.bmp|w17a_sdwpp01d_alp_ovl.bmp|w17a_sdwpp01e_alp_ovl.bmp|w17a_sdwpp02b_alp_ovl.bmp|w18a_tsr_bar1.bmp|w18a_tsr_bar1.bmp_1c58084ea3dd78ff8ba4a3fac8949888|w18a_tsr_bar1.bmp_ac7a53edf3f5e3a63de0dcb94389fe91|w22a0e_r_kage_alp_ovl_ns.bmp|w24a0_rflit06b_alp_add_ovl.bmp|w24a0_rflit06b_alp_add_ovl.bmp_b764ea0962ad1ceabb3574d4f2722858|w24b1_fl00.bmp|w24c0_entfl00a.bmp|w25c1_sdw02_alp_ovl.bmp|w25c_dkt00.bmp_6be787577bdfda8d6294775ee321c709|w25c_sdw02_alp_ovl.bmp|w25c_sdw02a_alp_ovl.bmp|w28an_tsr_bar1.bmp|w28an_tsr_bar1a.bmp|w31a_mark_add_alp_ovl_02.bmp|w42a_efct_1f_disp_alp_add_ovl.bmp|w43a_wall_door_07.bmp|w43a_wall_door_07_alp_ovl.bmp|w44a_efct_1f_disp_alp_add_ovl.bmp|ws04a_sdw04_alp_ovl.bmp|ws12a_sdw03b_alp_ovl.bmp|ws52a_sdw04d_alp_ovl.bmp|ws63a_shw11_alp_ovl.bmp|ws73a_sdw_31_alp_ovl.bmp
Total Possible Matches: 57
--------------------------------------------
Filename: 4d1c79b31980647c-81252a24faca705-r96x32-00002a94.png
Path: d - substance\sp22a\4d1c79b31980647c-81252a24faca705-r96x32-00002a94.png
SHA1: 725c8524077b6eae1680d716144ee73b5d107fb5
Name Already In List of Possible Matches: No
Resolution: 96x32
"C:\Development\Git\MGS2-PS2-Textures\d - substance\sp22a\4d1c79b31980647c-81252a24faca705-r96x32-00002a94.png"|<"mgs2/base textures/" /<mark_noise_alp.bmp|sp21a_sdw01e_alp_ovl.bmp|sp21a_sdw08a_alp_ovl.bmp>.png>
Possible matching textures (not already found):
  - mark_noise_alp.bmp
  - sp21a_sdw01e_alp_ovl.bmp
  - sp21a_sdw08a_alp_ovl.bmp
Possible matching textures (already identified): crd_ppb00.bmp|crd_ppb01.bmp|hri2_missilepod_s1.bmp|m3l_flo_medienter2_bld097_ovl.bmp|org_hatfront.bmp|orn_should_dt01.bmp|orn_should_dt01_sub_alp_ovl.bmp|p90_main_natsu.bmp|raycp_arm_s1.bmp|sna_oss_spad.bmp|sna_oss_spad_ovl_sub_alp.bmp|sp25a_sdw20_alp_ovl.bmp|vs07a_sdw11_alp_ovl.bmp|w01a0_wh01d.bmp|w01a0_wh01e.bmp|w01a1_wla08.bmp|w01b_hc02.bmp|w01b_hc02a.bmp|w01d1_rfb03.bmp|w01f_01b_mark_05.bmp|w01f_tvw06c_bld090_ovl.bmp|w11a2_floor_kage08_alp_ovl.bmp|w11a2_floor_kage09_alp_ovl.bmp|w12c_sdw01_alp_ovl.bmp|w14a0_kage_r01_alp_ovl.bmp|w17a_sdwpp01b_alp_ovl.bmp|w17a_sdwpp01c_alp_ovl.bmp|w17a_sdwpp01d_alp_ovl.bmp|w17a_sdwpp01e_alp_ovl.bmp|w17a_sdwpp02b_alp_ovl.bmp|w18a_tsr_bar1.bmp|w18a_tsr_bar1.bmp_1c58084ea3dd78ff8ba4a3fac8949888|w18a_tsr_bar1.bmp_ac7a53edf3f5e3a63de0dcb94389fe91|w22a0e_r_kage_alp_ovl_ns.bmp|w24a0_rflit06b_alp_add_ovl.bmp|w24a0_rflit06b_alp_add_ovl.bmp_b764ea0962ad1ceabb3574d4f2722858|w24b1_fl00.bmp|w24c0_entfl00a.bmp|w25c1_sdw02_alp_ovl.bmp|w25c_dkt00.bmp_6be787577bdfda8d6294775ee321c709|w25c_sdw02_alp_ovl.bmp|w25c_sdw02a_alp_ovl.bmp|w28an_tsr_bar1.bmp|w28an_tsr_bar1a.bmp|w31a_mark_add_alp_ovl_02.bmp|w42a_efct_1f_disp_alp_add_ovl.bmp|w43a_wall_door_07.bmp|w43a_wall_door_07_alp_ovl.bmp|w44a_efct_1f_disp_alp_add_ovl.bmp|ws04a_sdw04_alp_ovl.bmp|ws12a_sdw03b_alp_ovl.bmp|ws52a_sdw04d_alp_ovl.bmp|ws63a_shw11_alp_ovl.bmp|ws73a_sdw_31_alp_ovl.bmp
Total Possible Matches: 57
--------------------------------------------
Filename: 6fc27f2d14c58249-61e9a1c45eba153b-r96x8-00002a94.png
Path: d - substance\sp22a\6fc27f2d14c58249-61e9a1c45eba153b-r96x8-00002a94.png
SHA1: 19dc661c282c792b71f978d25721da154899e21a
Name Already In List of Possible Matches: No
Resolution: 96x8
"C:\Development\Git\MGS2-PS2-Textures\d - substance\sp22a\6fc27f2d14c58249-61e9a1c45eba153b-r96x8-00002a94.png"|<"mgs2/base textures/" /<sp21a_sdw00g_alp_ovl.bmp|sp21a_sdw00h_alp_ovl.bmp|sp21a_sdw00i_alp_ovl.bmp|sp21a_sdw06b_alp_ovl.bmp|sp21a_sdw06c_alp_ovl.bmp|sp21a_sdw06d_alp_ovl.bmp|sp21a_sdw07a_alp_ovl.bmp|sp21a_sdw07b_alp_ovl.bmp|sp21a_sdw07c_alp_ovl.bmp|sp21a_sdw08b_alp_ovl.bmp|sp21a_sdw08c_alp_ovl.bmp|sp21a_sdw08d_alp_ovl.bmp>.png>
Possible matching textures (not already found):
  - sp21a_sdw00g_alp_ovl.bmp
  - sp21a_sdw00h_alp_ovl.bmp
  - sp21a_sdw00i_alp_ovl.bmp
  - sp21a_sdw06b_alp_ovl.bmp
  - sp21a_sdw06c_alp_ovl.bmp
  - sp21a_sdw06d_alp_ovl.bmp
  - sp21a_sdw07a_alp_ovl.bmp
  - sp21a_sdw07b_alp_ovl.bmp
  - sp21a_sdw07c_alp_ovl.bmp
  - sp21a_sdw08b_alp_ovl.bmp
  - sp21a_sdw08c_alp_ovl.bmp
  - sp21a_sdw08d_alp_ovl.bmp
Possible matching textures (already identified): vs10a_sdw04a1_alp_ovl.bmp|vs10a_sdw04a2_alp_ovl.bmp|vs10a_sdw04a4_alp_ovl.bmp|vs10a_sdw04c0_alp_ovl.bmp|vs10a_sdw04c1_alp_ovl.bmp|vs10a_sdw04c2_alp_ovl.bmp|w01a0_rf07.bmp_ea80884f64793dde75381de817553e2d|w01d1_rf03.bmp|w10c_flu00b.bmp|w10c_flu00d.bmp|w10c_flu01.bmp|w10c_sk01au.bmp|w10c_w07a.bmp|w12a_w03a.bmp_8157a03cb9be3978ab56df2e7d8b16d8|w13a_pp01.bmp|w13a_pp02.bmp|w13a_w01h.bmp|w13a_w01k.bmp|w14a_h_pipe_a01.bmp|w14a_h_pipe_a05.bmp|w14a_h_souti_e18.bmp|w14a_hasira_a04.bmp|w15a_h08a.bmp|w15a_h08d.bmp|w15a_h08e.bmp|w15a_hbrk08a.bmp|w15a_hbrk08d.bmp|w17a_sk01au.bmp|w17a_sk01au2.bmp|w19a_stpw00.bmp|w21a_h01.bmp|w21a_h01a.bmp|w21a_h01b.bmp|w23b_ppobj01d.bmp|w24a0_litbase00a.bmp|w24a0_litbase00a.bmp_6af71df6ae1e7fa9ce7c11006fa9de93|w24c0_obj17f.bmp|w25a_boxu00.bmp|w25a_boxu00a.bmp|w25a_fls00.bmp|w25a_fls00a.bmp|w25a_fls00a2.bmp|w25a_fls00b.bmp|w25a_fls00b2.bmp|w25b_h08a.bmp|w25b_sk01au.bmp|w43a_rail_01.bmp|ws33a_shw06_alp_ovl.bmp
Total Possible Matches: 60
--------------------------------------------
Filename: cce2577a9b0bc27d-37e7a44aba6e7bf9-r96x8-00002a94.png
Path: d - substance\sp22a\cce2577a9b0bc27d-37e7a44aba6e7bf9-r96x8-00002a94.png
SHA1: 20a7111f1ea2ccacf8281f1a98dde7f47b49c07b
Name Already In List of Possible Matches: No
Resolution: 96x8
"C:\Development\Git\MGS2-PS2-Textures\d - substance\sp22a\cce2577a9b0bc27d-37e7a44aba6e7bf9-r96x8-00002a94.png"|<"mgs2/base textures/" /<sp21a_sdw00g_alp_ovl.bmp|sp21a_sdw00h_alp_ovl.bmp|sp21a_sdw00i_alp_ovl.bmp|sp21a_sdw06b_alp_ovl.bmp|sp21a_sdw06c_alp_ovl.bmp|sp21a_sdw06d_alp_ovl.bmp|sp21a_sdw07a_alp_ovl.bmp|sp21a_sdw07b_alp_ovl.bmp|sp21a_sdw07c_alp_ovl.bmp|sp21a_sdw08b_alp_ovl.bmp|sp21a_sdw08c_alp_ovl.bmp|sp21a_sdw08d_alp_ovl.bmp>.png>
Possible matching textures (not already found):
  - sp21a_sdw00g_alp_ovl.bmp
  - sp21a_sdw00h_alp_ovl.bmp
  - sp21a_sdw00i_alp_ovl.bmp
  - sp21a_sdw06b_alp_ovl.bmp
  - sp21a_sdw06c_alp_ovl.bmp
  - sp21a_sdw06d_alp_ovl.bmp
  - sp21a_sdw07a_alp_ovl.bmp
  - sp21a_sdw07b_alp_ovl.bmp
  - sp21a_sdw07c_alp_ovl.bmp
  - sp21a_sdw08b_alp_ovl.bmp
  - sp21a_sdw08c_alp_ovl.bmp
  - sp21a_sdw08d_alp_ovl.bmp
Possible matching textures (already identified): vs10a_sdw04a1_alp_ovl.bmp|vs10a_sdw04a2_alp_ovl.bmp|vs10a_sdw04a4_alp_ovl.bmp|vs10a_sdw04c0_alp_ovl.bmp|vs10a_sdw04c1_alp_ovl.bmp|vs10a_sdw04c2_alp_ovl.bmp|w01a0_rf07.bmp_ea80884f64793dde75381de817553e2d|w01d1_rf03.bmp|w10c_flu00b.bmp|w10c_flu00d.bmp|w10c_flu01.bmp|w10c_sk01au.bmp|w10c_w07a.bmp|w12a_w03a.bmp_8157a03cb9be3978ab56df2e7d8b16d8|w13a_pp01.bmp|w13a_pp02.bmp|w13a_w01h.bmp|w13a_w01k.bmp|w14a_h_pipe_a01.bmp|w14a_h_pipe_a05.bmp|w14a_h_souti_e18.bmp|w14a_hasira_a04.bmp|w15a_h08a.bmp|w15a_h08d.bmp|w15a_h08e.bmp|w15a_hbrk08a.bmp|w15a_hbrk08d.bmp|w17a_sk01au.bmp|w17a_sk01au2.bmp|w19a_stpw00.bmp|w21a_h01.bmp|w21a_h01a.bmp|w21a_h01b.bmp|w23b_ppobj01d.bmp|w24a0_litbase00a.bmp|w24a0_litbase00a.bmp_6af71df6ae1e7fa9ce7c11006fa9de93|w24c0_obj17f.bmp|w25a_boxu00.bmp|w25a_boxu00a.bmp|w25a_fls00.bmp|w25a_fls00a.bmp|w25a_fls00a2.bmp|w25a_fls00b.bmp|w25a_fls00b2.bmp|w25b_h08a.bmp|w25b_sk01au.bmp|w43a_rail_01.bmp|ws33a_shw06_alp_ovl.bmp
Total Possible Matches: 60
--------------------------------------------
Filename: c310a8e6c8bd532-340050961bc88ecd-r96x8-00002a94.png
Path: d - substance\sp22a\c310a8e6c8bd532-340050961bc88ecd-r96x8-00002a94.png
SHA1: 2e2fdb72313a08bce6fb1c047887fe62fac5b599
Name Already In List of Possible Matches: No
Resolution: 96x8
"C:\Development\Git\MGS2-PS2-Textures\d - substance\sp22a\c310a8e6c8bd532-340050961bc88ecd-r96x8-00002a94.png"|<"mgs2/base textures/" /<sp21a_sdw00g_alp_ovl.bmp|sp21a_sdw00h_alp_ovl.bmp|sp21a_sdw00i_alp_ovl.bmp|sp21a_sdw06b_alp_ovl.bmp|sp21a_sdw06c_alp_ovl.bmp|sp21a_sdw06d_alp_ovl.bmp|sp21a_sdw07a_alp_ovl.bmp|sp21a_sdw07b_alp_ovl.bmp|sp21a_sdw07c_alp_ovl.bmp|sp21a_sdw08b_alp_ovl.bmp|sp21a_sdw08c_alp_ovl.bmp|sp21a_sdw08d_alp_ovl.bmp>.png>
Possible matching textures (not already found):
  - sp21a_sdw00g_alp_ovl.bmp
  - sp21a_sdw00h_alp_ovl.bmp
  - sp21a_sdw00i_alp_ovl.bmp
  - sp21a_sdw06b_alp_ovl.bmp
  - sp21a_sdw06c_alp_ovl.bmp
  - sp21a_sdw06d_alp_ovl.bmp
  - sp21a_sdw07a_alp_ovl.bmp
  - sp21a_sdw07b_alp_ovl.bmp
  - sp21a_sdw07c_alp_ovl.bmp
  - sp21a_sdw08b_alp_ovl.bmp
  - sp21a_sdw08c_alp_ovl.bmp
  - sp21a_sdw08d_alp_ovl.bmp
Possible matching textures (already identified): vs10a_sdw04a1_alp_ovl.bmp|vs10a_sdw04a2_alp_ovl.bmp|vs10a_sdw04a4_alp_ovl.bmp|vs10a_sdw04c0_alp_ovl.bmp|vs10a_sdw04c1_alp_ovl.bmp|vs10a_sdw04c2_alp_ovl.bmp|w01a0_rf07.bmp_ea80884f64793dde75381de817553e2d|w01d1_rf03.bmp|w10c_flu00b.bmp|w10c_flu00d.bmp|w10c_flu01.bmp|w10c_sk01au.bmp|w10c_w07a.bmp|w12a_w03a.bmp_8157a03cb9be3978ab56df2e7d8b16d8|w13a_pp01.bmp|w13a_pp02.bmp|w13a_w01h.bmp|w13a_w01k.bmp|w14a_h_pipe_a01.bmp|w14a_h_pipe_a05.bmp|w14a_h_souti_e18.bmp|w14a_hasira_a04.bmp|w15a_h08a.bmp|w15a_h08d.bmp|w15a_h08e.bmp|w15a_hbrk08a.bmp|w15a_hbrk08d.bmp|w17a_sk01au.bmp|w17a_sk01au2.bmp|w19a_stpw00.bmp|w21a_h01.bmp|w21a_h01a.bmp|w21a_h01b.bmp|w23b_ppobj01d.bmp|w24a0_litbase00a.bmp|w24a0_litbase00a.bmp_6af71df6ae1e7fa9ce7c11006fa9de93|w24c0_obj17f.bmp|w25a_boxu00.bmp|w25a_boxu00a.bmp|w25a_fls00.bmp|w25a_fls00a.bmp|w25a_fls00a2.bmp|w25a_fls00b.bmp|w25a_fls00b2.bmp|w25b_h08a.bmp|w25b_sk01au.bmp|w43a_rail_01.bmp|ws33a_shw06_alp_ovl.bmp
Total Possible Matches: 60
--------------------------------------------
Filename: 527c1b57598c2e4e-30ea8c37ec3715ce-r96x8-00002a94.png
Path: d - substance\sp22a\527c1b57598c2e4e-30ea8c37ec3715ce-r96x8-00002a94.png
SHA1: 47628bb03132e60c41a201c266b669132b814719
Name Already In List of Possible Matches: No
Resolution: 96x8
"C:\Development\Git\MGS2-PS2-Textures\d - substance\sp22a\527c1b57598c2e4e-30ea8c37ec3715ce-r96x8-00002a94.png"|<"mgs2/base textures/" /<sp21a_sdw00g_alp_ovl.bmp|sp21a_sdw00h_alp_ovl.bmp|sp21a_sdw00i_alp_ovl.bmp|sp21a_sdw06b_alp_ovl.bmp|sp21a_sdw06c_alp_ovl.bmp|sp21a_sdw06d_alp_ovl.bmp|sp21a_sdw07a_alp_ovl.bmp|sp21a_sdw07b_alp_ovl.bmp|sp21a_sdw07c_alp_ovl.bmp|sp21a_sdw08b_alp_ovl.bmp|sp21a_sdw08c_alp_ovl.bmp|sp21a_sdw08d_alp_ovl.bmp>.png>
Possible matching textures (not already found):
  - sp21a_sdw00g_alp_ovl.bmp
  - sp21a_sdw00h_alp_ovl.bmp
  - sp21a_sdw00i_alp_ovl.bmp
  - sp21a_sdw06b_alp_ovl.bmp
  - sp21a_sdw06c_alp_ovl.bmp
  - sp21a_sdw06d_alp_ovl.bmp
  - sp21a_sdw07a_alp_ovl.bmp
  - sp21a_sdw07b_alp_ovl.bmp
  - sp21a_sdw07c_alp_ovl.bmp
  - sp21a_sdw08b_alp_ovl.bmp
  - sp21a_sdw08c_alp_ovl.bmp
  - sp21a_sdw08d_alp_ovl.bmp
Possible matching textures (already identified): vs10a_sdw04a1_alp_ovl.bmp|vs10a_sdw04a2_alp_ovl.bmp|vs10a_sdw04a4_alp_ovl.bmp|vs10a_sdw04c0_alp_ovl.bmp|vs10a_sdw04c1_alp_ovl.bmp|vs10a_sdw04c2_alp_ovl.bmp|w01a0_rf07.bmp_ea80884f64793dde75381de817553e2d|w01d1_rf03.bmp|w10c_flu00b.bmp|w10c_flu00d.bmp|w10c_flu01.bmp|w10c_sk01au.bmp|w10c_w07a.bmp|w12a_w03a.bmp_8157a03cb9be3978ab56df2e7d8b16d8|w13a_pp01.bmp|w13a_pp02.bmp|w13a_w01h.bmp|w13a_w01k.bmp|w14a_h_pipe_a01.bmp|w14a_h_pipe_a05.bmp|w14a_h_souti_e18.bmp|w14a_hasira_a04.bmp|w15a_h08a.bmp|w15a_h08d.bmp|w15a_h08e.bmp|w15a_hbrk08a.bmp|w15a_hbrk08d.bmp|w17a_sk01au.bmp|w17a_sk01au2.bmp|w19a_stpw00.bmp|w21a_h01.bmp|w21a_h01a.bmp|w21a_h01b.bmp|w23b_ppobj01d.bmp|w24a0_litbase00a.bmp|w24a0_litbase00a.bmp_6af71df6ae1e7fa9ce7c11006fa9de93|w24c0_obj17f.bmp|w25a_boxu00.bmp|w25a_boxu00a.bmp|w25a_fls00.bmp|w25a_fls00a.bmp|w25a_fls00a2.bmp|w25a_fls00b.bmp|w25a_fls00b2.bmp|w25b_h08a.bmp|w25b_sk01au.bmp|w43a_rail_01.bmp|ws33a_shw06_alp_ovl.bmp
Total Possible Matches: 60
--------------------------------------------
Filename: e39c5de69b312c8b-366b1caca5f5526a-r96x8-00002a94.png
Path: d - substance\sp22a\e39c5de69b312c8b-366b1caca5f5526a-r96x8-00002a94.png
SHA1: 476cd5ed6f89cb9bd1365114283f2a120fc2ec8a
Name Already In List of Possible Matches: No
Resolution: 96x8
"C:\Development\Git\MGS2-PS2-Textures\d - substance\sp22a\e39c5de69b312c8b-366b1caca5f5526a-r96x8-00002a94.png"|<"mgs2/base textures/" /<sp21a_sdw00g_alp_ovl.bmp|sp21a_sdw00h_alp_ovl.bmp|sp21a_sdw00i_alp_ovl.bmp|sp21a_sdw06b_alp_ovl.bmp|sp21a_sdw06c_alp_ovl.bmp|sp21a_sdw06d_alp_ovl.bmp|sp21a_sdw07a_alp_ovl.bmp|sp21a_sdw07b_alp_ovl.bmp|sp21a_sdw07c_alp_ovl.bmp|sp21a_sdw08b_alp_ovl.bmp|sp21a_sdw08c_alp_ovl.bmp|sp21a_sdw08d_alp_ovl.bmp>.png>
Possible matching textures (not already found):
  - sp21a_sdw00g_alp_ovl.bmp
  - sp21a_sdw00h_alp_ovl.bmp
  - sp21a_sdw00i_alp_ovl.bmp
  - sp21a_sdw06b_alp_ovl.bmp
  - sp21a_sdw06c_alp_ovl.bmp
  - sp21a_sdw06d_alp_ovl.bmp
  - sp21a_sdw07a_alp_ovl.bmp
  - sp21a_sdw07b_alp_ovl.bmp
  - sp21a_sdw07c_alp_ovl.bmp
  - sp21a_sdw08b_alp_ovl.bmp
  - sp21a_sdw08c_alp_ovl.bmp
  - sp21a_sdw08d_alp_ovl.bmp
Possible matching textures (already identified): vs10a_sdw04a1_alp_ovl.bmp|vs10a_sdw04a2_alp_ovl.bmp|vs10a_sdw04a4_alp_ovl.bmp|vs10a_sdw04c0_alp_ovl.bmp|vs10a_sdw04c1_alp_ovl.bmp|vs10a_sdw04c2_alp_ovl.bmp|w01a0_rf07.bmp_ea80884f64793dde75381de817553e2d|w01d1_rf03.bmp|w10c_flu00b.bmp|w10c_flu00d.bmp|w10c_flu01.bmp|w10c_sk01au.bmp|w10c_w07a.bmp|w12a_w03a.bmp_8157a03cb9be3978ab56df2e7d8b16d8|w13a_pp01.bmp|w13a_pp02.bmp|w13a_w01h.bmp|w13a_w01k.bmp|w14a_h_pipe_a01.bmp|w14a_h_pipe_a05.bmp|w14a_h_souti_e18.bmp|w14a_hasira_a04.bmp|w15a_h08a.bmp|w15a_h08d.bmp|w15a_h08e.bmp|w15a_hbrk08a.bmp|w15a_hbrk08d.bmp|w17a_sk01au.bmp|w17a_sk01au2.bmp|w19a_stpw00.bmp|w21a_h01.bmp|w21a_h01a.bmp|w21a_h01b.bmp|w23b_ppobj01d.bmp|w24a0_litbase00a.bmp|w24a0_litbase00a.bmp_6af71df6ae1e7fa9ce7c11006fa9de93|w24c0_obj17f.bmp|w25a_boxu00.bmp|w25a_boxu00a.bmp|w25a_fls00.bmp|w25a_fls00a.bmp|w25a_fls00a2.bmp|w25a_fls00b.bmp|w25a_fls00b2.bmp|w25b_h08a.bmp|w25b_sk01au.bmp|w43a_rail_01.bmp|ws33a_shw06_alp_ovl.bmp
Total Possible Matches: 60
--------------------------------------------
Filename: db456db0db7e7063-4c1ee2e29a148c05-r96x8-00002a94.png
Path: d - substance\sp22a\db456db0db7e7063-4c1ee2e29a148c05-r96x8-00002a94.png
SHA1: 626c125e28507fd01b659459043e780b4f31917e
Name Already In List of Possible Matches: No
Resolution: 96x8
"C:\Development\Git\MGS2-PS2-Textures\d - substance\sp22a\db456db0db7e7063-4c1ee2e29a148c05-r96x8-00002a94.png"|<"mgs2/base textures/" /<sp21a_sdw00g_alp_ovl.bmp|sp21a_sdw00h_alp_ovl.bmp|sp21a_sdw00i_alp_ovl.bmp|sp21a_sdw06b_alp_ovl.bmp|sp21a_sdw06c_alp_ovl.bmp|sp21a_sdw06d_alp_ovl.bmp|sp21a_sdw07a_alp_ovl.bmp|sp21a_sdw07b_alp_ovl.bmp|sp21a_sdw07c_alp_ovl.bmp|sp21a_sdw08b_alp_ovl.bmp|sp21a_sdw08c_alp_ovl.bmp|sp21a_sdw08d_alp_ovl.bmp>.png>
Possible matching textures (not already found):
  - sp21a_sdw00g_alp_ovl.bmp
  - sp21a_sdw00h_alp_ovl.bmp
  - sp21a_sdw00i_alp_ovl.bmp
  - sp21a_sdw06b_alp_ovl.bmp
  - sp21a_sdw06c_alp_ovl.bmp
  - sp21a_sdw06d_alp_ovl.bmp
  - sp21a_sdw07a_alp_ovl.bmp
  - sp21a_sdw07b_alp_ovl.bmp
  - sp21a_sdw07c_alp_ovl.bmp
  - sp21a_sdw08b_alp_ovl.bmp
  - sp21a_sdw08c_alp_ovl.bmp
  - sp21a_sdw08d_alp_ovl.bmp
Possible matching textures (already identified): vs10a_sdw04a1_alp_ovl.bmp|vs10a_sdw04a2_alp_ovl.bmp|vs10a_sdw04a4_alp_ovl.bmp|vs10a_sdw04c0_alp_ovl.bmp|vs10a_sdw04c1_alp_ovl.bmp|vs10a_sdw04c2_alp_ovl.bmp|w01a0_rf07.bmp_ea80884f64793dde75381de817553e2d|w01d1_rf03.bmp|w10c_flu00b.bmp|w10c_flu00d.bmp|w10c_flu01.bmp|w10c_sk01au.bmp|w10c_w07a.bmp|w12a_w03a.bmp_8157a03cb9be3978ab56df2e7d8b16d8|w13a_pp01.bmp|w13a_pp02.bmp|w13a_w01h.bmp|w13a_w01k.bmp|w14a_h_pipe_a01.bmp|w14a_h_pipe_a05.bmp|w14a_h_souti_e18.bmp|w14a_hasira_a04.bmp|w15a_h08a.bmp|w15a_h08d.bmp|w15a_h08e.bmp|w15a_hbrk08a.bmp|w15a_hbrk08d.bmp|w17a_sk01au.bmp|w17a_sk01au2.bmp|w19a_stpw00.bmp|w21a_h01.bmp|w21a_h01a.bmp|w21a_h01b.bmp|w23b_ppobj01d.bmp|w24a0_litbase00a.bmp|w24a0_litbase00a.bmp_6af71df6ae1e7fa9ce7c11006fa9de93|w24c0_obj17f.bmp|w25a_boxu00.bmp|w25a_boxu00a.bmp|w25a_fls00.bmp|w25a_fls00a.bmp|w25a_fls00a2.bmp|w25a_fls00b.bmp|w25a_fls00b2.bmp|w25b_h08a.bmp|w25b_sk01au.bmp|w43a_rail_01.bmp|ws33a_shw06_alp_ovl.bmp
Total Possible Matches: 60
--------------------------------------------
Filename: 61a6e6fb48bb491a-4afc5ef7cb71d23c-r96x8-00002a94.png
Path: d - substance\sp22a\61a6e6fb48bb491a-4afc5ef7cb71d23c-r96x8-00002a94.png
SHA1: 725bcdf0265da549c0c4ce686014e497509913e0
Name Already In List of Possible Matches: No
Resolution: 96x8
"C:\Development\Git\MGS2-PS2-Textures\d - substance\sp22a\61a6e6fb48bb491a-4afc5ef7cb71d23c-r96x8-00002a94.png"|<"mgs2/base textures/" /<sp21a_sdw00g_alp_ovl.bmp|sp21a_sdw00h_alp_ovl.bmp|sp21a_sdw00i_alp_ovl.bmp|sp21a_sdw06b_alp_ovl.bmp|sp21a_sdw06c_alp_ovl.bmp|sp21a_sdw06d_alp_ovl.bmp|sp21a_sdw07a_alp_ovl.bmp|sp21a_sdw07b_alp_ovl.bmp|sp21a_sdw07c_alp_ovl.bmp|sp21a_sdw08b_alp_ovl.bmp|sp21a_sdw08c_alp_ovl.bmp|sp21a_sdw08d_alp_ovl.bmp>.png>
Possible matching textures (not already found):
  - sp21a_sdw00g_alp_ovl.bmp
  - sp21a_sdw00h_alp_ovl.bmp
  - sp21a_sdw00i_alp_ovl.bmp
  - sp21a_sdw06b_alp_ovl.bmp
  - sp21a_sdw06c_alp_ovl.bmp
  - sp21a_sdw06d_alp_ovl.bmp
  - sp21a_sdw07a_alp_ovl.bmp
  - sp21a_sdw07b_alp_ovl.bmp
  - sp21a_sdw07c_alp_ovl.bmp
  - sp21a_sdw08b_alp_ovl.bmp
  - sp21a_sdw08c_alp_ovl.bmp
  - sp21a_sdw08d_alp_ovl.bmp
Possible matching textures (already identified): vs10a_sdw04a1_alp_ovl.bmp|vs10a_sdw04a2_alp_ovl.bmp|vs10a_sdw04a4_alp_ovl.bmp|vs10a_sdw04c0_alp_ovl.bmp|vs10a_sdw04c1_alp_ovl.bmp|vs10a_sdw04c2_alp_ovl.bmp|w01a0_rf07.bmp_ea80884f64793dde75381de817553e2d|w01d1_rf03.bmp|w10c_flu00b.bmp|w10c_flu00d.bmp|w10c_flu01.bmp|w10c_sk01au.bmp|w10c_w07a.bmp|w12a_w03a.bmp_8157a03cb9be3978ab56df2e7d8b16d8|w13a_pp01.bmp|w13a_pp02.bmp|w13a_w01h.bmp|w13a_w01k.bmp|w14a_h_pipe_a01.bmp|w14a_h_pipe_a05.bmp|w14a_h_souti_e18.bmp|w14a_hasira_a04.bmp|w15a_h08a.bmp|w15a_h08d.bmp|w15a_h08e.bmp|w15a_hbrk08a.bmp|w15a_hbrk08d.bmp|w17a_sk01au.bmp|w17a_sk01au2.bmp|w19a_stpw00.bmp|w21a_h01.bmp|w21a_h01a.bmp|w21a_h01b.bmp|w23b_ppobj01d.bmp|w24a0_litbase00a.bmp|w24a0_litbase00a.bmp_6af71df6ae1e7fa9ce7c11006fa9de93|w24c0_obj17f.bmp|w25a_boxu00.bmp|w25a_boxu00a.bmp|w25a_fls00.bmp|w25a_fls00a.bmp|w25a_fls00a2.bmp|w25a_fls00b.bmp|w25a_fls00b2.bmp|w25b_h08a.bmp|w25b_sk01au.bmp|w43a_rail_01.bmp|ws33a_shw06_alp_ovl.bmp
Total Possible Matches: 60
--------------------------------------------
Filename: c3c0e0b487b5754d-78197d32627645f2-r96x8-00002a94.png
Path: d - substance\sp22a\c3c0e0b487b5754d-78197d32627645f2-r96x8-00002a94.png
SHA1: baceb3dabfb35506f9fbb1847fbea74150a04d63
Name Already In List of Possible Matches: No
Resolution: 96x8
"C:\Development\Git\MGS2-PS2-Textures\d - substance\sp22a\c3c0e0b487b5754d-78197d32627645f2-r96x8-00002a94.png"|<"mgs2/base textures/" /<sp21a_sdw00g_alp_ovl.bmp|sp21a_sdw00h_alp_ovl.bmp|sp21a_sdw00i_alp_ovl.bmp|sp21a_sdw06b_alp_ovl.bmp|sp21a_sdw06c_alp_ovl.bmp|sp21a_sdw06d_alp_ovl.bmp|sp21a_sdw07a_alp_ovl.bmp|sp21a_sdw07b_alp_ovl.bmp|sp21a_sdw07c_alp_ovl.bmp|sp21a_sdw08b_alp_ovl.bmp|sp21a_sdw08c_alp_ovl.bmp|sp21a_sdw08d_alp_ovl.bmp>.png>
Possible matching textures (not already found):
  - sp21a_sdw00g_alp_ovl.bmp
  - sp21a_sdw00h_alp_ovl.bmp
  - sp21a_sdw00i_alp_ovl.bmp
  - sp21a_sdw06b_alp_ovl.bmp
  - sp21a_sdw06c_alp_ovl.bmp
  - sp21a_sdw06d_alp_ovl.bmp
  - sp21a_sdw07a_alp_ovl.bmp
  - sp21a_sdw07b_alp_ovl.bmp
  - sp21a_sdw07c_alp_ovl.bmp
  - sp21a_sdw08b_alp_ovl.bmp
  - sp21a_sdw08c_alp_ovl.bmp
  - sp21a_sdw08d_alp_ovl.bmp
Possible matching textures (already identified): vs10a_sdw04a1_alp_ovl.bmp|vs10a_sdw04a2_alp_ovl.bmp|vs10a_sdw04a4_alp_ovl.bmp|vs10a_sdw04c0_alp_ovl.bmp|vs10a_sdw04c1_alp_ovl.bmp|vs10a_sdw04c2_alp_ovl.bmp|w01a0_rf07.bmp_ea80884f64793dde75381de817553e2d|w01d1_rf03.bmp|w10c_flu00b.bmp|w10c_flu00d.bmp|w10c_flu01.bmp|w10c_sk01au.bmp|w10c_w07a.bmp|w12a_w03a.bmp_8157a03cb9be3978ab56df2e7d8b16d8|w13a_pp01.bmp|w13a_pp02.bmp|w13a_w01h.bmp|w13a_w01k.bmp|w14a_h_pipe_a01.bmp|w14a_h_pipe_a05.bmp|w14a_h_souti_e18.bmp|w14a_hasira_a04.bmp|w15a_h08a.bmp|w15a_h08d.bmp|w15a_h08e.bmp|w15a_hbrk08a.bmp|w15a_hbrk08d.bmp|w17a_sk01au.bmp|w17a_sk01au2.bmp|w19a_stpw00.bmp|w21a_h01.bmp|w21a_h01a.bmp|w21a_h01b.bmp|w23b_ppobj01d.bmp|w24a0_litbase00a.bmp|w24a0_litbase00a.bmp_6af71df6ae1e7fa9ce7c11006fa9de93|w24c0_obj17f.bmp|w25a_boxu00.bmp|w25a_boxu00a.bmp|w25a_fls00.bmp|w25a_fls00a.bmp|w25a_fls00a2.bmp|w25a_fls00b.bmp|w25a_fls00b2.bmp|w25b_h08a.bmp|w25b_sk01au.bmp|w43a_rail_01.bmp|ws33a_shw06_alp_ovl.bmp
Total Possible Matches: 60
--------------------------------------------
Filename: 61995a5b201a9f28-1ca31ca9b7ce639d-r96x8-00002a94.png
Path: d - substance\sp22a\61995a5b201a9f28-1ca31ca9b7ce639d-r96x8-00002a94.png
SHA1: c182e2dbcbdaacdda499f0d0a4b095da13ac1e5b
Name Already In List of Possible Matches: No
Resolution: 96x8
"C:\Development\Git\MGS2-PS2-Textures\d - substance\sp22a\61995a5b201a9f28-1ca31ca9b7ce639d-r96x8-00002a94.png"|<"mgs2/base textures/" /<sp21a_sdw00g_alp_ovl.bmp|sp21a_sdw00h_alp_ovl.bmp|sp21a_sdw00i_alp_ovl.bmp|sp21a_sdw06b_alp_ovl.bmp|sp21a_sdw06c_alp_ovl.bmp|sp21a_sdw06d_alp_ovl.bmp|sp21a_sdw07a_alp_ovl.bmp|sp21a_sdw07b_alp_ovl.bmp|sp21a_sdw07c_alp_ovl.bmp|sp21a_sdw08b_alp_ovl.bmp|sp21a_sdw08c_alp_ovl.bmp|sp21a_sdw08d_alp_ovl.bmp>.png>
Possible matching textures (not already found):
  - sp21a_sdw00g_alp_ovl.bmp
  - sp21a_sdw00h_alp_ovl.bmp
  - sp21a_sdw00i_alp_ovl.bmp
  - sp21a_sdw06b_alp_ovl.bmp
  - sp21a_sdw06c_alp_ovl.bmp
  - sp21a_sdw06d_alp_ovl.bmp
  - sp21a_sdw07a_alp_ovl.bmp
  - sp21a_sdw07b_alp_ovl.bmp
  - sp21a_sdw07c_alp_ovl.bmp
  - sp21a_sdw08b_alp_ovl.bmp
  - sp21a_sdw08c_alp_ovl.bmp
  - sp21a_sdw08d_alp_ovl.bmp
Possible matching textures (already identified): vs10a_sdw04a1_alp_ovl.bmp|vs10a_sdw04a2_alp_ovl.bmp|vs10a_sdw04a4_alp_ovl.bmp|vs10a_sdw04c0_alp_ovl.bmp|vs10a_sdw04c1_alp_ovl.bmp|vs10a_sdw04c2_alp_ovl.bmp|w01a0_rf07.bmp_ea80884f64793dde75381de817553e2d|w01d1_rf03.bmp|w10c_flu00b.bmp|w10c_flu00d.bmp|w10c_flu01.bmp|w10c_sk01au.bmp|w10c_w07a.bmp|w12a_w03a.bmp_8157a03cb9be3978ab56df2e7d8b16d8|w13a_pp01.bmp|w13a_pp02.bmp|w13a_w01h.bmp|w13a_w01k.bmp|w14a_h_pipe_a01.bmp|w14a_h_pipe_a05.bmp|w14a_h_souti_e18.bmp|w14a_hasira_a04.bmp|w15a_h08a.bmp|w15a_h08d.bmp|w15a_h08e.bmp|w15a_hbrk08a.bmp|w15a_hbrk08d.bmp|w17a_sk01au.bmp|w17a_sk01au2.bmp|w19a_stpw00.bmp|w21a_h01.bmp|w21a_h01a.bmp|w21a_h01b.bmp|w23b_ppobj01d.bmp|w24a0_litbase00a.bmp|w24a0_litbase00a.bmp_6af71df6ae1e7fa9ce7c11006fa9de93|w24c0_obj17f.bmp|w25a_boxu00.bmp|w25a_boxu00a.bmp|w25a_fls00.bmp|w25a_fls00a.bmp|w25a_fls00a2.bmp|w25a_fls00b.bmp|w25a_fls00b2.bmp|w25b_h08a.bmp|w25b_sk01au.bmp|w43a_rail_01.bmp|ws33a_shw06_alp_ovl.bmp
Total Possible Matches: 60
--------------------------------------------
Filename: 440bd008f2bd1556-29c6192573acafa6-r96x8-00002a94.png
Path: d - substance\sp22a\440bd008f2bd1556-29c6192573acafa6-r96x8-00002a94.png
SHA1: d296fffd5cf545f51d9249af33bd7026532f9a1e
Name Already In List of Possible Matches: No
Resolution: 96x8
"C:\Development\Git\MGS2-PS2-Textures\d - substance\sp22a\440bd008f2bd1556-29c6192573acafa6-r96x8-00002a94.png"|<"mgs2/base textures/" /<sp21a_sdw00g_alp_ovl.bmp|sp21a_sdw00h_alp_ovl.bmp|sp21a_sdw00i_alp_ovl.bmp|sp21a_sdw06b_alp_ovl.bmp|sp21a_sdw06c_alp_ovl.bmp|sp21a_sdw06d_alp_ovl.bmp|sp21a_sdw07a_alp_ovl.bmp|sp21a_sdw07b_alp_ovl.bmp|sp21a_sdw07c_alp_ovl.bmp|sp21a_sdw08b_alp_ovl.bmp|sp21a_sdw08c_alp_ovl.bmp|sp21a_sdw08d_alp_ovl.bmp>.png>
Possible matching textures (not already found):
  - sp21a_sdw00g_alp_ovl.bmp
  - sp21a_sdw00h_alp_ovl.bmp
  - sp21a_sdw00i_alp_ovl.bmp
  - sp21a_sdw06b_alp_ovl.bmp
  - sp21a_sdw06c_alp_ovl.bmp
  - sp21a_sdw06d_alp_ovl.bmp
  - sp21a_sdw07a_alp_ovl.bmp
  - sp21a_sdw07b_alp_ovl.bmp
  - sp21a_sdw07c_alp_ovl.bmp
  - sp21a_sdw08b_alp_ovl.bmp
  - sp21a_sdw08c_alp_ovl.bmp
  - sp21a_sdw08d_alp_ovl.bmp
Possible matching textures (already identified): vs10a_sdw04a1_alp_ovl.bmp|vs10a_sdw04a2_alp_ovl.bmp|vs10a_sdw04a4_alp_ovl.bmp|vs10a_sdw04c0_alp_ovl.bmp|vs10a_sdw04c1_alp_ovl.bmp|vs10a_sdw04c2_alp_ovl.bmp|w01a0_rf07.bmp_ea80884f64793dde75381de817553e2d|w01d1_rf03.bmp|w10c_flu00b.bmp|w10c_flu00d.bmp|w10c_flu01.bmp|w10c_sk01au.bmp|w10c_w07a.bmp|w12a_w03a.bmp_8157a03cb9be3978ab56df2e7d8b16d8|w13a_pp01.bmp|w13a_pp02.bmp|w13a_w01h.bmp|w13a_w01k.bmp|w14a_h_pipe_a01.bmp|w14a_h_pipe_a05.bmp|w14a_h_souti_e18.bmp|w14a_hasira_a04.bmp|w15a_h08a.bmp|w15a_h08d.bmp|w15a_h08e.bmp|w15a_hbrk08a.bmp|w15a_hbrk08d.bmp|w17a_sk01au.bmp|w17a_sk01au2.bmp|w19a_stpw00.bmp|w21a_h01.bmp|w21a_h01a.bmp|w21a_h01b.bmp|w23b_ppobj01d.bmp|w24a0_litbase00a.bmp|w24a0_litbase00a.bmp_6af71df6ae1e7fa9ce7c11006fa9de93|w24c0_obj17f.bmp|w25a_boxu00.bmp|w25a_boxu00a.bmp|w25a_fls00.bmp|w25a_fls00a.bmp|w25a_fls00a2.bmp|w25a_fls00b.bmp|w25a_fls00b2.bmp|w25b_h08a.bmp|w25b_sk01au.bmp|w43a_rail_01.bmp|ws33a_shw06_alp_ovl.bmp
Total Possible Matches: 60
--------------------------------------------
Filename: 64b31d7d80b2a93b-2ed9e61620089e2d-r96x8-00002a94.png
Path: d - substance\sp22a\64b31d7d80b2a93b-2ed9e61620089e2d-r96x8-00002a94.png
SHA1: e1a7cf2c7803bbbc274aaeab95da9f77904bd2d6
Name Already In List of Possible Matches: No
Resolution: 96x8
"C:\Development\Git\MGS2-PS2-Textures\d - substance\sp22a\64b31d7d80b2a93b-2ed9e61620089e2d-r96x8-00002a94.png"|<"mgs2/base textures/" /<sp21a_sdw00g_alp_ovl.bmp|sp21a_sdw00h_alp_ovl.bmp|sp21a_sdw00i_alp_ovl.bmp|sp21a_sdw06b_alp_ovl.bmp|sp21a_sdw06c_alp_ovl.bmp|sp21a_sdw06d_alp_ovl.bmp|sp21a_sdw07a_alp_ovl.bmp|sp21a_sdw07b_alp_ovl.bmp|sp21a_sdw07c_alp_ovl.bmp|sp21a_sdw08b_alp_ovl.bmp|sp21a_sdw08c_alp_ovl.bmp|sp21a_sdw08d_alp_ovl.bmp>.png>
Possible matching textures (not already found):
  - sp21a_sdw00g_alp_ovl.bmp
  - sp21a_sdw00h_alp_ovl.bmp
  - sp21a_sdw00i_alp_ovl.bmp
  - sp21a_sdw06b_alp_ovl.bmp
  - sp21a_sdw06c_alp_ovl.bmp
  - sp21a_sdw06d_alp_ovl.bmp
  - sp21a_sdw07a_alp_ovl.bmp
  - sp21a_sdw07b_alp_ovl.bmp
  - sp21a_sdw07c_alp_ovl.bmp
  - sp21a_sdw08b_alp_ovl.bmp
  - sp21a_sdw08c_alp_ovl.bmp
  - sp21a_sdw08d_alp_ovl.bmp
Possible matching textures (already identified): vs10a_sdw04a1_alp_ovl.bmp|vs10a_sdw04a2_alp_ovl.bmp|vs10a_sdw04a4_alp_ovl.bmp|vs10a_sdw04c0_alp_ovl.bmp|vs10a_sdw04c1_alp_ovl.bmp|vs10a_sdw04c2_alp_ovl.bmp|w01a0_rf07.bmp_ea80884f64793dde75381de817553e2d|w01d1_rf03.bmp|w10c_flu00b.bmp|w10c_flu00d.bmp|w10c_flu01.bmp|w10c_sk01au.bmp|w10c_w07a.bmp|w12a_w03a.bmp_8157a03cb9be3978ab56df2e7d8b16d8|w13a_pp01.bmp|w13a_pp02.bmp|w13a_w01h.bmp|w13a_w01k.bmp|w14a_h_pipe_a01.bmp|w14a_h_pipe_a05.bmp|w14a_h_souti_e18.bmp|w14a_hasira_a04.bmp|w15a_h08a.bmp|w15a_h08d.bmp|w15a_h08e.bmp|w15a_hbrk08a.bmp|w15a_hbrk08d.bmp|w17a_sk01au.bmp|w17a_sk01au2.bmp|w19a_stpw00.bmp|w21a_h01.bmp|w21a_h01a.bmp|w21a_h01b.bmp|w23b_ppobj01d.bmp|w24a0_litbase00a.bmp|w24a0_litbase00a.bmp_6af71df6ae1e7fa9ce7c11006fa9de93|w24c0_obj17f.bmp|w25a_boxu00.bmp|w25a_boxu00a.bmp|w25a_fls00.bmp|w25a_fls00a.bmp|w25a_fls00a2.bmp|w25a_fls00b.bmp|w25a_fls00b2.bmp|w25b_h08a.bmp|w25b_sk01au.bmp|w43a_rail_01.bmp|ws33a_shw06_alp_ovl.bmp
Total Possible Matches: 60
--------------------------------------------
Filename: 4cc1116c92de935c-4afc5ef7cb71d23c-r96x8-00002a94.png
Path: d - substance\sp22a\4cc1116c92de935c-4afc5ef7cb71d23c-r96x8-00002a94.png
SHA1: e4eda56293839fab4c47b0b8235b88b484101bb4
Name Already In List of Possible Matches: No
Resolution: 96x8
"C:\Development\Git\MGS2-PS2-Textures\d - substance\sp22a\4cc1116c92de935c-4afc5ef7cb71d23c-r96x8-00002a94.png"|<"mgs2/base textures/" /<sp21a_sdw00g_alp_ovl.bmp|sp21a_sdw00h_alp_ovl.bmp|sp21a_sdw00i_alp_ovl.bmp|sp21a_sdw06b_alp_ovl.bmp|sp21a_sdw06c_alp_ovl.bmp|sp21a_sdw06d_alp_ovl.bmp|sp21a_sdw07a_alp_ovl.bmp|sp21a_sdw07b_alp_ovl.bmp|sp21a_sdw07c_alp_ovl.bmp|sp21a_sdw08b_alp_ovl.bmp|sp21a_sdw08c_alp_ovl.bmp|sp21a_sdw08d_alp_ovl.bmp>.png>
Possible matching textures (not already found):
  - sp21a_sdw00g_alp_ovl.bmp
  - sp21a_sdw00h_alp_ovl.bmp
  - sp21a_sdw00i_alp_ovl.bmp
  - sp21a_sdw06b_alp_ovl.bmp
  - sp21a_sdw06c_alp_ovl.bmp
  - sp21a_sdw06d_alp_ovl.bmp
  - sp21a_sdw07a_alp_ovl.bmp
  - sp21a_sdw07b_alp_ovl.bmp
  - sp21a_sdw07c_alp_ovl.bmp
  - sp21a_sdw08b_alp_ovl.bmp
  - sp21a_sdw08c_alp_ovl.bmp
  - sp21a_sdw08d_alp_ovl.bmp
Possible matching textures (already identified): vs10a_sdw04a1_alp_ovl.bmp|vs10a_sdw04a2_alp_ovl.bmp|vs10a_sdw04a4_alp_ovl.bmp|vs10a_sdw04c0_alp_ovl.bmp|vs10a_sdw04c1_alp_ovl.bmp|vs10a_sdw04c2_alp_ovl.bmp|w01a0_rf07.bmp_ea80884f64793dde75381de817553e2d|w01d1_rf03.bmp|w10c_flu00b.bmp|w10c_flu00d.bmp|w10c_flu01.bmp|w10c_sk01au.bmp|w10c_w07a.bmp|w12a_w03a.bmp_8157a03cb9be3978ab56df2e7d8b16d8|w13a_pp01.bmp|w13a_pp02.bmp|w13a_w01h.bmp|w13a_w01k.bmp|w14a_h_pipe_a01.bmp|w14a_h_pipe_a05.bmp|w14a_h_souti_e18.bmp|w14a_hasira_a04.bmp|w15a_h08a.bmp|w15a_h08d.bmp|w15a_h08e.bmp|w15a_hbrk08a.bmp|w15a_hbrk08d.bmp|w17a_sk01au.bmp|w17a_sk01au2.bmp|w19a_stpw00.bmp|w21a_h01.bmp|w21a_h01a.bmp|w21a_h01b.bmp|w23b_ppobj01d.bmp|w24a0_litbase00a.bmp|w24a0_litbase00a.bmp_6af71df6ae1e7fa9ce7c11006fa9de93|w24c0_obj17f.bmp|w25a_boxu00.bmp|w25a_boxu00a.bmp|w25a_fls00.bmp|w25a_fls00a.bmp|w25a_fls00a2.bmp|w25a_fls00b.bmp|w25a_fls00b2.bmp|w25b_h08a.bmp|w25b_sk01au.bmp|w43a_rail_01.bmp|ws33a_shw06_alp_ovl.bmp
Total Possible Matches: 60
--------------------------------------------
Filename: 21624ead2b872962-78457134fca4c6f8-r128x64-00002a14.png
Path: d - substance\n_title\21624ead2b872962-78457134fca4c6f8-r128x64-00002a14.png
SHA1: 2d23d4f02fafd7ddd2992cdc4d31df6b34b5a842
Name Already In List of Possible Matches: No
Resolution: 128x64
"C:\Development\Git\MGS2-PS2-Textures\d - substance\n_title\21624ead2b872962-78457134fca4c6f8-r128x64-00002a14.png"|<"mgs2/base textures/" /<e_sky_cld_sun_01_alp.bmp|sna_txd_hi_hand1.bmp|w60a_sky_b01_alp_ovl.bmp>.png>
Possible matching textures (not already found):
  - e_sky_cld_sun_01_alp.bmp
  - sna_txd_hi_hand1.bmp
  - w60a_sky_b01_alp_ovl.bmp
Possible matching textures (already identified): aks_sb_s.bmp|aks_sb_s.bmp_73f39fdb33d46a0ad4126ed3d411da41|bombsphere01_alp.bmp|bsn3.bmp|d00a_sdw_cu01_sub_alp_ovl.bmp|di_wall1_da.bmp|ema_reback_hair_ovl_alp.bmp|h6h_f_window_sub_alp_ovl.bmp|h6h_front_window.bmp|h6h_tank1_s1.bmp|m4a_sb_s1.bmp|pdray_eye_noise_alp.bmp|rai_mask_c.bmp|rev_coat_shoulder01dt.bmp|ric_hair03_alp_ovl.bmp|saa_all_kimu.bmp|vr_wall_01.bmp|vr_wall_02.bmp|vr_wall_irr03.bmp|vs09a_sdw08_alp_ovl.bmp|vs10a_sdw05_alp_ovl.bmp|w00_ldk_u1.bmp|w00_ldk_u2.bmp|w00_wng_u1.bmp|w00_wng_u1.bmp_3f957df1c534fa76d26519cb029cce76|w00_wng_u2.bmp|w00_wng_u2.bmp_273e2424025b59f7f77541d55438dda8|w00_wng_u3.bmp|w00_wng_u3.bmp_ecc7f93dfb421763e79aa897bc1bca51|w00a_dck_at11.bmp|w00a_dck_at11_mk.bmp|w00ak_sf1.bmp|w01b_wc13a.bmp|w01b_winc02.bmp|w01c_rf03.bmp|w01e_com02_f.bmp|w01e_comp3_f.bmp|w01e_deck_t2_alp_ovl.bmp|w02_y_light_f1a1.bmp|w03e_box_mog1.bmp|w04_eisha3_back.bmp|w04_eisha3_side.bmp|w10b_gurade_01_alp.bmp|w11a_t_tana2_d.bmp|w11b2_ironbox_sf.bmp|w12a_boxsdw00.bmp|w12a_boxsdw01.bmp|w12a_boxsdw01a.bmp|w12a_boxsdw01b.bmp|w12a_boxsdw01d.bmp|w12a_ironbox_sf.bmp|w12c_boxsdw01a.bmp|w12c_boxsdw01b.bmp|w20a4n_floor_oku_02a.bmp|w20b_rack1_shd_alp_ovl.bmp|w24c0_gate_head.bmp|w24c0_gate_head.bmp_4cce7bb0e02990b6b0413ee36563c4e8|w28an_floor_oku_02a.bmp|w61a_step1.bmp|w61a_tank1_s1.bmp|w62a_bill_b01.bmp|w62a_bill_b02.bmp|w62a_bill_e01.bmp|w62a_bill_e03.bmp|w62a_car_01_2.bmp|w62a_car_s2.bmp|ws35a_sdw11_alp_ovl.bmp|ws55a_sdw12_alp_ovl.bmp
Total Possible Matches: 71
--------------------------------------------
Filename: 3c96aa1f3ec0d736-2ffb6918c12c256e-r128x64-00002a14.png
Path: d - substance\n_title\3c96aa1f3ec0d736-2ffb6918c12c256e-r128x64-00002a14.png
SHA1: 3c9f40ed9bb4b58ba346a12f2da0341d52b06397
Name Already In List of Possible Matches: No
Resolution: 128x64
"C:\Development\Git\MGS2-PS2-Textures\d - substance\n_title\3c96aa1f3ec0d736-2ffb6918c12c256e-r128x64-00002a14.png"|<"mgs2/base textures/" /<e_sky_cld_sun_01_alp.bmp|sna_txd_hi_hand1.bmp|w60a_sky_b01_alp_ovl.bmp>.png>
Possible matching textures (not already found):
  - e_sky_cld_sun_01_alp.bmp
  - sna_txd_hi_hand1.bmp
  - w60a_sky_b01_alp_ovl.bmp
Possible matching textures (already identified): aks_sb_s.bmp|aks_sb_s.bmp_73f39fdb33d46a0ad4126ed3d411da41|bombsphere01_alp.bmp|bsn3.bmp|d00a_sdw_cu01_sub_alp_ovl.bmp|di_wall1_da.bmp|ema_reback_hair_ovl_alp.bmp|h6h_f_window_sub_alp_ovl.bmp|h6h_front_window.bmp|h6h_tank1_s1.bmp|m4a_sb_s1.bmp|pdray_eye_noise_alp.bmp|rai_mask_c.bmp|rev_coat_shoulder01dt.bmp|ric_hair03_alp_ovl.bmp|saa_all_kimu.bmp|vr_wall_01.bmp|vr_wall_02.bmp|vr_wall_irr03.bmp|vs09a_sdw08_alp_ovl.bmp|vs10a_sdw05_alp_ovl.bmp|w00_ldk_u1.bmp|w00_ldk_u2.bmp|w00_wng_u1.bmp|w00_wng_u1.bmp_3f957df1c534fa76d26519cb029cce76|w00_wng_u2.bmp|w00_wng_u2.bmp_273e2424025b59f7f77541d55438dda8|w00_wng_u3.bmp|w00_wng_u3.bmp_ecc7f93dfb421763e79aa897bc1bca51|w00a_dck_at11.bmp|w00a_dck_at11_mk.bmp|w00ak_sf1.bmp|w01b_wc13a.bmp|w01b_winc02.bmp|w01c_rf03.bmp|w01e_com02_f.bmp|w01e_comp3_f.bmp|w01e_deck_t2_alp_ovl.bmp|w02_y_light_f1a1.bmp|w03e_box_mog1.bmp|w04_eisha3_back.bmp|w04_eisha3_side.bmp|w10b_gurade_01_alp.bmp|w11a_t_tana2_d.bmp|w11b2_ironbox_sf.bmp|w12a_boxsdw00.bmp|w12a_boxsdw01.bmp|w12a_boxsdw01a.bmp|w12a_boxsdw01b.bmp|w12a_boxsdw01d.bmp|w12a_ironbox_sf.bmp|w12c_boxsdw01a.bmp|w12c_boxsdw01b.bmp|w20a4n_floor_oku_02a.bmp|w20b_rack1_shd_alp_ovl.bmp|w24c0_gate_head.bmp|w24c0_gate_head.bmp_4cce7bb0e02990b6b0413ee36563c4e8|w28an_floor_oku_02a.bmp|w61a_step1.bmp|w61a_tank1_s1.bmp|w62a_bill_b01.bmp|w62a_bill_b02.bmp|w62a_bill_e01.bmp|w62a_bill_e03.bmp|w62a_car_01_2.bmp|w62a_car_s2.bmp|ws35a_sdw11_alp_ovl.bmp|ws55a_sdw12_alp_ovl.bmp
Total Possible Matches: 71
--------------------------------------------
Filename: 5b8fbe463992fbec-dc050162eb67a64e-r48x16-00001dd4.png
Path: d - substance\r_vr_r\5b8fbe463992fbec-dc050162eb67a64e-r48x16-00001dd4.png
SHA1: 7a3a53bd9216e5a96570649565621c5af0e18e26
Name Already In List of Possible Matches: No
Resolution: 48x16
"C:\Development\Git\MGS2-PS2-Textures\d - substance\r_vr_r\5b8fbe463992fbec-dc050162eb67a64e-r48x16-00001dd4.png"|<"mgs2/base textures/" /<006897ed|006897ed_b5a6bb72c760a236a2c84a220920037b|006997ed|tnc_gost_body_c_ovl_alp.bmp>.png>
Possible matching textures (not already found):
  - 006897ed
  - 006897ed_b5a6bb72c760a236a2c84a220920037b
  - 006997ed
  - tnc_gost_body_c_ovl_alp.bmp
Possible matching textures (already identified): 0009f66f|002e7de5|0066a618|0066a618_476d380161520ae923d8f74ede9a2e8d|006997ed_b20d65f1089467ce6fec4d3a8c8134c8|006af2bb|bel_lig02_alp_add_ovl.bmp|c4_a_beruto2_msk.bmp|c4_a_beruto3_msk.bmp|co2_04a.bmp|drlit_01_alp_add_ovl.bmp|drlit_02_alp_add_ovl.bmp|exit_alp_add_ovl.bmp|hri2_tail_s1.bmp|lnr_rail1.bmp|mark_hall_alp_ovl.bmp|mark_hall_u.bmp|org_hatfront_sub_alp_ovl.bmp|p90_amo.bmp|pdray_face_b1.bmp|pdray_face_b1_sub_alp_ovl.bmp|rai_hand_c.bmp|rai_hand_c_fix_ovl_sub_alp.bmp|rai_hand_d.bmp|rai_hand_d_fix_ovl_sub_alp.bmp|rai_nin_hand_c.bmp|rai_nin_hand_c_fix_ovl_sub_alp.bmp|rai_rist_dt01_ovl_sub_alp.bmp|rai_rist_fix.bmp|rai_rist_fix_ovl_sub_alp.bmp|rai_rist_ovl_sub_alp.bmp|rai_watch_dt02.bmp|rai_watch_dt02_ovl_sub_alp.bmp|ray_face_b1.bmp|sol_hri_neck01.bmp|tnc_eri.bmp|tnc_eri2.bmp|tnc_eri_bd.bmp|vr2_gpa_mark07_alp_ovl.bmp|w00a_rtn0.bmp|w00ak_wnc_t1.bmp|w00c_shd4_sub.bmp|w00m_mush_huta_back.bmp|w00m_mush_huta_face.bmp|w01a0_dr03b.bmp|w01a0_rfbox00a.bmp|w01a0_rfbox00b.bmp|w01a0_wh00c.bmp|w01a_bart00_add_ovl.bmp|w01b_rfb01b.bmp|w01c_wb01c.bmp|w01d1_stp00.bmp|w01f_01b_fl03.bmp|w03b_dr03a.bmp|w03b_dr03b.bmp|w03b_dr03b.bmp_691886d350b578958d69b962e07bff9f|w11a1_ceillit_kkt.bmp|w11a2_evt_hori_pillar1.bmp_39d9cbb8866566787cb83ddee21fc3c3|w12a_pp03m.bmp|w13b_sdw01a_alp_ovl.bmp|w14a0_gate_p02.bmp_1b65861b8ffd0b026918a226523b8276|w14a0_pipeobj_01.bmp|w14a_h_souti_e06.bmp|w15a_sdw12e_alp_ovl.bmp|w16a0_hun01.bmp|w20a_bel08.bmp|w24a0_box02c.bmp|w24a0_rfbox00a.bmp|w24a0_rflit05_alp_add_ovl.bmp|w24a0_wlit02_alp_add_ovl.bmp|w24b0_box00c.bmp|w24b0_cart00.bmp|w24b0_ms02.bmp|w24b0_ms02_brk.bmp|w24c0_sh3_alp_ovl.bmp|w24c0_wlit02_alp_add_ovl.bmp|w24d0_wh00a.bmp|w25a1_sdw00_alp_ovl.bmp|w25c_dkt00.bmp|w25c_obj02b.bmp|w28an_exit_alp_ovl.bmp|w31c_box_02.bmp|w45a_efct_caution_alp_add_ovl.bmp|ws01a_sdw_wall11_alp_ovl.bmp|ws65a_sdw29_alp_ovl.bmp
Total Possible Matches: 89
--------------------------------------------
Filename: 367898bbf6687aaa-3a8c4e3e07279008-r32x48-00002a14.png
Path: d - substance\wp62a\367898bbf6687aaa-3a8c4e3e07279008-r32x48-00002a14.png
SHA1: 16c17c76d61bb13adf152fd02055a177f188d826
Name Already In List of Possible Matches: No
Resolution: 32x48
"C:\Development\Git\MGS2-PS2-Textures\d - substance\wp62a\367898bbf6687aaa-3a8c4e3e07279008-r32x48-00002a14.png"|<"mgs2/base textures/" /<baketu_04.bmp|sco_boots2.bmp_c25a19e9d29d7dec36db77d1571f0dfb|taisa_msx_alp_ovl.bmp|w031b_light_add_alp.bmp|ws62a_sdw08a_alp_ovl.bmp|ws62a_sdw13g_alp_ovl.bmp|ws62a_sdw13o_alp_ovl.bmp>.png>
Possible matching textures (not already found):
  - baketu_04.bmp
  - sco_boots2.bmp_c25a19e9d29d7dec36db77d1571f0dfb
  - taisa_msx_alp_ovl.bmp
  - w031b_light_add_alp.bmp
  - ws62a_sdw08a_alp_ovl.bmp
  - ws62a_sdw13g_alp_ovl.bmp
  - ws62a_sdw13o_alp_ovl.bmp
Possible matching textures (already identified): baketu_07.bmp|csgr_sb_body_t.bmp|elvt_fi_alarm_alp_ovl.bmp|for_sox_ovl_sub_alp.bmp|gpa_radio.bmp|hri2_body_duct_s1.bmp|hri2_body_duct_s1_brk.bmp|hri2_body_duct_s1_r_brk.bmp|htc_porch_uc.bmp|htc_under_pad_uc.bmp|iro_bag1.bmp|jim_rusty_back_01.bmp|kanban_00.bmp|kanban_01.bmp|m3l_libo_box.bmp|olp_boot_alp_ovl_mod1120_emap.bmp|orp_m_ovl_mod1120_alp_emap.bmp|pdray_canopy.bmp|pdray_canopy_sub_ovl_alp.bmp|pit_shoese_000.bmp|pit_shoese_ovl_sub_alp.bmp_d0b4473d7c9af32a64c29f76cbe1d996|raycp_touchpanel_f1.bmp|raycp_touchpanel_u1.bmp|sco_boots2.bmp|sel_bag1blood.bmp|so_lig4_add_alp.bmp|ticsh_alp_ovl.bmp|vmp_naked_udewa.bmp|w00_roll8.bmp|w00a_sn3.bmp|w00a_wd_p1_msk.bmp|w00a_wd_p2_msk.bmp|w00a_wd_p3_msk.bmp|w00a_wd_p4_msk.bmp|w00brk_window_add_alp_ovl.bmp|w01a0_box07.bmp|w01a0_rf05a.bmp_4727247c5f06f873e9bd04143080916e|w01c_firekg00_alp_ovl.bmp|w01d1_rf02.bmp|w01e_ref_wall02.bmp|w01e_rfw_lit01_add_ovl.bmp|w01e_speaker01.bmp|w01f_01b_pnl00.bmp|w01f_speaker02.bmp|w01f_tvw06a.bmp|w02_eng_base_side4.bmp|w04a_light2_add_alp.bmp|w04a_light2_add_alp.bmp_8e76bbab3eb06b4e8dde3339ae136c9e|w04b3_light2_add.bmp|w10c_cntobj01.bmp|w11_drum_iner_brk2.bmp|w11a0_pilshad1_sub_alp_ovl.bmp|w12a_fl04b.bmp|w12a_sdw01j_alp_ovl.bmp|w12a_w03.bmp_3e1e7de72d911531c9c2075cf19b2794|w12a_w031.bmp|w12c_sdw06d_alp_ovl.bmp|w13a_sdw01_alp_ovl.bmp|w13b_sdw02a_alp_ovl.bmp|w13b_sdwpp02b_alp_ovl.bmp|w13b_sdwpp02c_alp_ovl.bmp|w15a_sdw11d_alp_ovl.bmp|w16a0_ref11.bmp|w16a_wa_to01a.bmp|w18a_hatch_elebox1.bmp|w18a_wlshd2_alp_ovl.bmp|w20a0_obj08.bmp|w23a_sdw00c_alp_ovl.bmp|w23b_sdwpp00_alp_ovl.bmp|w23b_sdwpp00b_alp_ovl.bmp|w23b_sdwpp00c_alp_ovl.bmp|w23b_sdwpp00d_alp_ovl.bmp|w24c0_obj06.bmp|w24c0_obj14.bmp|w24d1bn_sdw00_alp_ovl.bmp|w24d2n_sdw00_alp_ovl.bmp|w25a_sdw05e_alp_ovl.bmp|w32a_pp02.bmp|w62a_gaitou_a03_alp.bmp|ws01a_sdw_roof04_alp_ovl.bmp|ws01a_sdw_wall22_alp_ovl.bmp|ws04a_sdw06_alp_ovl.bmp|ws62a_sdw04b_alp_ovl.bmp|ws62a_sdw08_alp_ovl.bmp|ws62a_sdw08b_alp_ovl.bmp|ws62a_sdw10c_alp_ovl.bmp|ws62a_sdw11a_alp_ovl.bmp|ws62a_sdw11c_alp_ovl.bmp|ws62a_sdw12b_alp_ovl.bmp|ws62a_sdw13f_alp_ovl.bmp|ws62a_sdw13l_alp_ovl.bmp|ws62a_sdw13m_alp_ovl.bmp|ws62a_sdw13n_alp_ovl.bmp|ws62a_sdw14b_alp_ovl.bmp|ws62a_sdw15d_alp_ovl.bmp|ws62a_sdw16_alp_ovl.bmp|ws62a_sdw16a_alp_ovl.bmp|ws62a_sdw16b_alp_ovl.bmp|ws62a_sdw16d_alp_ovl.bmp|ws62a_sdw16e_alp_ovl.bmp|ws63a_shw01_alp_ovl.bmp|ws_13a_sdw05_alp_ovl.bmp
Total Possible Matches: 109
--------------------------------------------
Filename: 3a96aa874753e098-aa242d7879f8ca37-r32x48-00002a14.png
Path: d - substance\wp62a\3a96aa874753e098-aa242d7879f8ca37-r32x48-00002a14.png
SHA1: 6bcbd7412b788311b619748f0dd47dbd8c2cb8e8
Name Already In List of Possible Matches: No
Resolution: 32x48
"C:\Development\Git\MGS2-PS2-Textures\d - substance\wp62a\3a96aa874753e098-aa242d7879f8ca37-r32x48-00002a14.png"|<"mgs2/base textures/" /<baketu_04.bmp|sco_boots2.bmp_c25a19e9d29d7dec36db77d1571f0dfb|taisa_msx_alp_ovl.bmp|w031b_light_add_alp.bmp|ws62a_sdw08a_alp_ovl.bmp|ws62a_sdw13g_alp_ovl.bmp|ws62a_sdw13o_alp_ovl.bmp>.png>
Possible matching textures (not already found):
  - baketu_04.bmp
  - sco_boots2.bmp_c25a19e9d29d7dec36db77d1571f0dfb
  - taisa_msx_alp_ovl.bmp
  - w031b_light_add_alp.bmp
  - ws62a_sdw08a_alp_ovl.bmp
  - ws62a_sdw13g_alp_ovl.bmp
  - ws62a_sdw13o_alp_ovl.bmp
Possible matching textures (already identified): baketu_07.bmp|csgr_sb_body_t.bmp|elvt_fi_alarm_alp_ovl.bmp|for_sox_ovl_sub_alp.bmp|gpa_radio.bmp|hri2_body_duct_s1.bmp|hri2_body_duct_s1_brk.bmp|hri2_body_duct_s1_r_brk.bmp|htc_porch_uc.bmp|htc_under_pad_uc.bmp|iro_bag1.bmp|jim_rusty_back_01.bmp|kanban_00.bmp|kanban_01.bmp|m3l_libo_box.bmp|olp_boot_alp_ovl_mod1120_emap.bmp|orp_m_ovl_mod1120_alp_emap.bmp|pdray_canopy.bmp|pdray_canopy_sub_ovl_alp.bmp|pit_shoese_000.bmp|pit_shoese_ovl_sub_alp.bmp_d0b4473d7c9af32a64c29f76cbe1d996|raycp_touchpanel_f1.bmp|raycp_touchpanel_u1.bmp|sco_boots2.bmp|sel_bag1blood.bmp|so_lig4_add_alp.bmp|ticsh_alp_ovl.bmp|vmp_naked_udewa.bmp|w00_roll8.bmp|w00a_sn3.bmp|w00a_wd_p1_msk.bmp|w00a_wd_p2_msk.bmp|w00a_wd_p3_msk.bmp|w00a_wd_p4_msk.bmp|w00brk_window_add_alp_ovl.bmp|w01a0_box07.bmp|w01a0_rf05a.bmp_4727247c5f06f873e9bd04143080916e|w01c_firekg00_alp_ovl.bmp|w01d1_rf02.bmp|w01e_ref_wall02.bmp|w01e_rfw_lit01_add_ovl.bmp|w01e_speaker01.bmp|w01f_01b_pnl00.bmp|w01f_speaker02.bmp|w01f_tvw06a.bmp|w02_eng_base_side4.bmp|w04a_light2_add_alp.bmp|w04a_light2_add_alp.bmp_8e76bbab3eb06b4e8dde3339ae136c9e|w04b3_light2_add.bmp|w10c_cntobj01.bmp|w11_drum_iner_brk2.bmp|w11a0_pilshad1_sub_alp_ovl.bmp|w12a_fl04b.bmp|w12a_sdw01j_alp_ovl.bmp|w12a_w03.bmp_3e1e7de72d911531c9c2075cf19b2794|w12a_w031.bmp|w12c_sdw06d_alp_ovl.bmp|w13a_sdw01_alp_ovl.bmp|w13b_sdw02a_alp_ovl.bmp|w13b_sdwpp02b_alp_ovl.bmp|w13b_sdwpp02c_alp_ovl.bmp|w15a_sdw11d_alp_ovl.bmp|w16a0_ref11.bmp|w16a_wa_to01a.bmp|w18a_hatch_elebox1.bmp|w18a_wlshd2_alp_ovl.bmp|w20a0_obj08.bmp|w23a_sdw00c_alp_ovl.bmp|w23b_sdwpp00_alp_ovl.bmp|w23b_sdwpp00b_alp_ovl.bmp|w23b_sdwpp00c_alp_ovl.bmp|w23b_sdwpp00d_alp_ovl.bmp|w24c0_obj06.bmp|w24c0_obj14.bmp|w24d1bn_sdw00_alp_ovl.bmp|w24d2n_sdw00_alp_ovl.bmp|w25a_sdw05e_alp_ovl.bmp|w32a_pp02.bmp|w62a_gaitou_a03_alp.bmp|ws01a_sdw_roof04_alp_ovl.bmp|ws01a_sdw_wall22_alp_ovl.bmp|ws04a_sdw06_alp_ovl.bmp|ws62a_sdw04b_alp_ovl.bmp|ws62a_sdw08_alp_ovl.bmp|ws62a_sdw08b_alp_ovl.bmp|ws62a_sdw10c_alp_ovl.bmp|ws62a_sdw11a_alp_ovl.bmp|ws62a_sdw11c_alp_ovl.bmp|ws62a_sdw12b_alp_ovl.bmp|ws62a_sdw13f_alp_ovl.bmp|ws62a_sdw13l_alp_ovl.bmp|ws62a_sdw13m_alp_ovl.bmp|ws62a_sdw13n_alp_ovl.bmp|ws62a_sdw14b_alp_ovl.bmp|ws62a_sdw15d_alp_ovl.bmp|ws62a_sdw16_alp_ovl.bmp|ws62a_sdw16a_alp_ovl.bmp|ws62a_sdw16b_alp_ovl.bmp|ws62a_sdw16d_alp_ovl.bmp|ws62a_sdw16e_alp_ovl.bmp|ws63a_shw01_alp_ovl.bmp|ws_13a_sdw05_alp_ovl.bmp
Total Possible Matches: 109
--------------------------------------------
Filename: 5ea61df4c5d6e61b-18b952562e1721c8-r32x48-00002a14.png
Path: d - substance\wp62a\5ea61df4c5d6e61b-18b952562e1721c8-r32x48-00002a14.png
SHA1: 8cd4d4019a86956db99e6b862ad32bd4697df8ea
Name Already In List of Possible Matches: No
Resolution: 32x48
"C:\Development\Git\MGS2-PS2-Textures\d - substance\wp62a\5ea61df4c5d6e61b-18b952562e1721c8-r32x48-00002a14.png"|<"mgs2/base textures/" /<baketu_04.bmp|sco_boots2.bmp_c25a19e9d29d7dec36db77d1571f0dfb|taisa_msx_alp_ovl.bmp|w031b_light_add_alp.bmp|ws62a_sdw08a_alp_ovl.bmp|ws62a_sdw13g_alp_ovl.bmp|ws62a_sdw13o_alp_ovl.bmp>.png>
Possible matching textures (not already found):
  - baketu_04.bmp
  - sco_boots2.bmp_c25a19e9d29d7dec36db77d1571f0dfb
  - taisa_msx_alp_ovl.bmp
  - w031b_light_add_alp.bmp
  - ws62a_sdw08a_alp_ovl.bmp
  - ws62a_sdw13g_alp_ovl.bmp
  - ws62a_sdw13o_alp_ovl.bmp
Possible matching textures (already identified): baketu_07.bmp|csgr_sb_body_t.bmp|elvt_fi_alarm_alp_ovl.bmp|for_sox_ovl_sub_alp.bmp|gpa_radio.bmp|hri2_body_duct_s1.bmp|hri2_body_duct_s1_brk.bmp|hri2_body_duct_s1_r_brk.bmp|htc_porch_uc.bmp|htc_under_pad_uc.bmp|iro_bag1.bmp|jim_rusty_back_01.bmp|kanban_00.bmp|kanban_01.bmp|m3l_libo_box.bmp|olp_boot_alp_ovl_mod1120_emap.bmp|orp_m_ovl_mod1120_alp_emap.bmp|pdray_canopy.bmp|pdray_canopy_sub_ovl_alp.bmp|pit_shoese_000.bmp|pit_shoese_ovl_sub_alp.bmp_d0b4473d7c9af32a64c29f76cbe1d996|raycp_touchpanel_f1.bmp|raycp_touchpanel_u1.bmp|sco_boots2.bmp|sel_bag1blood.bmp|so_lig4_add_alp.bmp|ticsh_alp_ovl.bmp|vmp_naked_udewa.bmp|w00_roll8.bmp|w00a_sn3.bmp|w00a_wd_p1_msk.bmp|w00a_wd_p2_msk.bmp|w00a_wd_p3_msk.bmp|w00a_wd_p4_msk.bmp|w00brk_window_add_alp_ovl.bmp|w01a0_box07.bmp|w01a0_rf05a.bmp_4727247c5f06f873e9bd04143080916e|w01c_firekg00_alp_ovl.bmp|w01d1_rf02.bmp|w01e_ref_wall02.bmp|w01e_rfw_lit01_add_ovl.bmp|w01e_speaker01.bmp|w01f_01b_pnl00.bmp|w01f_speaker02.bmp|w01f_tvw06a.bmp|w02_eng_base_side4.bmp|w04a_light2_add_alp.bmp|w04a_light2_add_alp.bmp_8e76bbab3eb06b4e8dde3339ae136c9e|w04b3_light2_add.bmp|w10c_cntobj01.bmp|w11_drum_iner_brk2.bmp|w11a0_pilshad1_sub_alp_ovl.bmp|w12a_fl04b.bmp|w12a_sdw01j_alp_ovl.bmp|w12a_w03.bmp_3e1e7de72d911531c9c2075cf19b2794|w12a_w031.bmp|w12c_sdw06d_alp_ovl.bmp|w13a_sdw01_alp_ovl.bmp|w13b_sdw02a_alp_ovl.bmp|w13b_sdwpp02b_alp_ovl.bmp|w13b_sdwpp02c_alp_ovl.bmp|w15a_sdw11d_alp_ovl.bmp|w16a0_ref11.bmp|w16a_wa_to01a.bmp|w18a_hatch_elebox1.bmp|w18a_wlshd2_alp_ovl.bmp|w20a0_obj08.bmp|w23a_sdw00c_alp_ovl.bmp|w23b_sdwpp00_alp_ovl.bmp|w23b_sdwpp00b_alp_ovl.bmp|w23b_sdwpp00c_alp_ovl.bmp|w23b_sdwpp00d_alp_ovl.bmp|w24c0_obj06.bmp|w24c0_obj14.bmp|w24d1bn_sdw00_alp_ovl.bmp|w24d2n_sdw00_alp_ovl.bmp|w25a_sdw05e_alp_ovl.bmp|w32a_pp02.bmp|w62a_gaitou_a03_alp.bmp|ws01a_sdw_roof04_alp_ovl.bmp|ws01a_sdw_wall22_alp_ovl.bmp|ws04a_sdw06_alp_ovl.bmp|ws62a_sdw04b_alp_ovl.bmp|ws62a_sdw08_alp_ovl.bmp|ws62a_sdw08b_alp_ovl.bmp|ws62a_sdw10c_alp_ovl.bmp|ws62a_sdw11a_alp_ovl.bmp|ws62a_sdw11c_alp_ovl.bmp|ws62a_sdw12b_alp_ovl.bmp|ws62a_sdw13f_alp_ovl.bmp|ws62a_sdw13l_alp_ovl.bmp|ws62a_sdw13m_alp_ovl.bmp|ws62a_sdw13n_alp_ovl.bmp|ws62a_sdw14b_alp_ovl.bmp|ws62a_sdw15d_alp_ovl.bmp|ws62a_sdw16_alp_ovl.bmp|ws62a_sdw16a_alp_ovl.bmp|ws62a_sdw16b_alp_ovl.bmp|ws62a_sdw16d_alp_ovl.bmp|ws62a_sdw16e_alp_ovl.bmp|ws63a_shw01_alp_ovl.bmp|ws_13a_sdw05_alp_ovl.bmp
Total Possible Matches: 109
--------------------------------------------

[Summary]
Checked: 48
Renamed (wrong dims): 0
Alpha >128: 0
Suggestions logged: 48
No-match files: 0
Log file saved at: C:\Development\Git\MGS2-PS2-Textures\final_verification_nov22_2025\External PNG Status Checks.log
