

============================================
[MC_Pass] Verification Log
============================================

[Duplicate Check] Scanning for duplicate filenames...
[Duplicate Check] 13 conflicts found.
  C:\Development\Git\MGS2-PS2-Textures\b - sons of liberty\0009bc34.png <-> C:\Development\Git\MGS2-PS2-Textures\final_verification_nov22_2025\0009bc34.png
  C:\Development\Git\MGS2-PS2-Textures\b - sons of liberty\m9_alp_ovl.bmp.png <-> C:\Development\Git\MGS2-PS2-Textures\final_verification_nov22_2025\m9_alp_ovl.bmp.png
  C:\Development\Git\MGS2-PS2-Textures\b - sons of liberty\sel_arm_rblood.bmp.png <-> C:\Development\Git\MGS2-PS2-Textures\final_verification_nov22_2025\sel_arm_rblood.bmp.png
  C:\Development\Git\MGS2-PS2-Textures\b - sons of liberty\sel_bag2blood.bmp.png <-> C:\Development\Git\MGS2-PS2-Textures\final_verification_nov22_2025\sel_bag2blood.bmp.png
  C:\Development\Git\MGS2-PS2-Textures\b - sons of liberty\sel_bodyblood.bmp.png <-> C:\Development\Git\MGS2-PS2-Textures\final_verification_nov22_2025\sel_bodyblood.bmp.png
  C:\Development\Git\MGS2-PS2-Textures\b - sons of liberty\tnc_eri_bd.bmp.png <-> C:\Development\Git\MGS2-PS2-Textures\final_verification_nov22_2025\tnc_eri_bd.bmp.png
  C:\Development\Git\MGS2-PS2-Textures\b - sons of liberty\tnc_re_body_bd.bmp.png <-> C:\Development\Git\MGS2-PS2-Textures\final_verification_nov22_2025\tnc_re_body_bd.bmp.png
  C:\Development\Git\MGS2-PS2-Textures\b - sons of liberty\tnc_re_faceneck.bmp.png <-> C:\Development\Git\MGS2-PS2-Textures\final_verification_nov22_2025\tnc_re_faceneck.bmp.png
  C:\Development\Git\MGS2-PS2-Textures\b - sons of liberty\tnc_re_faceneck_dead.bmp_0e551a799467218ab1818640b8ee2d96.png <-> C:\Development\Git\MGS2-PS2-Textures\final_verification_nov22_2025\tnc_re_faceneck_dead.bmp_0e551a799467218ab1818640b8ee2d96.png
  C:\Development\Git\MGS2-PS2-Textures\b - sons of liberty\tnc_shatsu_bd.bmp.png <-> C:\Development\Git\MGS2-PS2-Textures\final_verification_nov22_2025\tnc_shatsu_bd.bmp.png
  C:\Development\Git\MGS2-PS2-Textures\b - sons of liberty\tnr_leg_rain.bmp.png <-> C:\Development\Git\MGS2-PS2-Textures\final_verification_nov22_2025\tnr_leg_rain.bmp.png
  C:\Development\Git\MGS2-PS2-Textures\b - sons of liberty\tnr_shoese_re_ovl_sub_alp.bmp.png <-> C:\Development\Git\MGS2-PS2-Textures\final_verification_nov22_2025\tnr_shoese_re_ovl_sub_alp.bmp.png
  C:\Development\Git\MGS2-PS2-Textures\b - sons of liberty\w00_blc_u1.bmp.png <-> C:\Development\Git\MGS2-PS2-Textures\final_verification_nov22_2025\w00_blc_u1.bmp.png

[Hash Verification] Checking coverage...
[Hash Verification] All verified hashes known.
[Verification] Missing 1318 textures:
  - 00006739
  - 0000c4dd_d0bf2476e36b7e6db64e892154845abf
  - 000385a3
  - 0003c3de_59747dd0818a4f3d78cd7938115b9093
  - 000897ee
  - 000ccd6b
  - 000f0073
  - 000fe672
  - 000fe6f2
  - 000fe772
  - 0014b79b
  - 0014c79b
  - 0015d707
  - 0015d707_cd82fa959c0f81d19f22c0b0fdf8d230
  - 0016cb7f
  - 00180189
  - 001a8739
  - 0020c7c1
  - 00232162
  - 002387da
  - 00238df3
  - 00248df3
  - 00265522
  - 002ca269_3ad823d6b15d2e0656bc022f9ae4d1ed
  - 002db10a
  - 002ee672
  - 002ee6f2
  - 002ee772
  - 002fc581
  - 00304bad
  - 00310ae2
  - 003155d8
  - 00351bd0
  - 003587ad
  - 003954fa
  - 003a8d29
  - 004579c8
  - 00470ccd
  - 00470d4d
  - 00470dcd
  - 004827bc
  - 0048283c
  - 004828bc
  - 0048293c
  - 004829bc
  - 00482abc
  - 00482b3c
  - 004836bc
  - 0048373c
  - 00487b63
  - 00497b63
  - 004a7b63
  - 004b7b63
  - 004cb10a
  - 004dd2d1
  - 004e93c9
  - 0050bfc5
  - 0051a133
  - 0051b133
  - 0053d14e
  - 0053d891
  - 0055b270
  - 005d4f23
  - 005ff82e_177b36c205877f0112c491da63538970
  - 005ff82e_f97787dc7fe63e42e80355f33d14a0d4
  - 0060f82e_0264bded5e12e838c3912158a2f4d769
  - 0060f82e_374e8e111c7b80fe71fb8546dc332f00
  - 0061f82e_56a2e72ba853ea67570ccd655ca9d447
  - 0061f82e_ca18611ab4a038674f959c4e94e7aede
  - 00626739
  - 0062f82e_3db2c3061fabc2281c2dd6b4130eedb9
  - 0062f82e_ca73d55a3d70d5450a3ed37eb948cb64
  - 0063f82e_0d434fbe975ba169dfc89ffe2f3f2a27
  - 0063f82e_52b985aaa92b3207cd49053dffbf523d
  - 0064f82e_923078466946a3acdea05dbf22e0f6e7
  - 0064f82e_db973ad91fc30e3c42f866a3eb7d4d74
  - 0065f82e
  - 0065f82e_599e1a822c915823a768daf1f6ee7174
  - 00667ab6
  - 00667ab6_ef3811ba64502191909b0210b17b8b02
  - 0066f82e
  - 0066f82e_e37d08b66c98c80f675d8c6d9a2cebdb
  - 006797ed
  - 006797ed_78cb3fd6e3dcae58893fa3ca96da3211
  - 006893ec
  - 006897ed
  - 006897ed_b5a6bb72c760a236a2c84a220920037b
  - 006997ed
  - 006baeb5
  - 006bf7fe
  - 006d97ed
  - 007155d8
  - 0071852b
  - 007255d8
  - 00750ccd
  - 00750d4d
  - 00750dcd
  - 007627bc
  - 0076283c
  - 007628bc
  - 0076293c
  - 007629bc
  - 00762abc
  - 00762b3c
  - 007636bc
  - 0076373c
  - 007655d8
  - 0076ad61_791fdad64710d9802f4adcf5d0f3db51
  - 0079852b
  - 007995dc
  - 007a0189
  - 00814bac
  - 008387e2
  - 00857db6
  - 00885728
  - 0089a618
  - 008a2128
  - 008ae623
  - 008ae623_fad237f35f44f84013d072b01d34bfc0
  - 008c21a4
  - 008c4aba
  - 008cbb54
  - 0090e672
  - 0090e772
  - 00925410
  - 0092ec26
  - 00940ccd
  - 00940d4d
  - 00940dcd
  - 0094b8a4
  - 009527bc
  - 0095283c
  - 009528bc
  - 0095293c
  - 009529bc
  - 00952abc
  - 00952b3c
  - 009536bc
  - 0095373c
  - 0096b7c2
  - 0096c7c2
  - 0096e12a
  - 009720e7
  - 0099b8a4
  - 009cc0bf
  - 009dbc16
  - 009e0995
  - 009ebc16
  - 009f0995
  - 009fbc16
  - 00a0bc16
  - 00a1bc16
  - 00a415a4
  - 00a4b8a4
  - 00aa83e6
  - 00adb42a
  - 00aeb10a
  - 00af4bac
  - 00afab44
  - 00afb274
  - 00b15410
  - 00b44ad1
  - 00b7b270
  - 00b8cb7a
  - 00bb5e27
  - 00bc9205
  - 00c10972
  - 00c4c778
  - 00c687d4
  - 00ca1816
  - 00cda6c1
  - 00ce4bac
  - 00cf1e6a
  - 00d47f22
  - 00d5b0e4
  - 00d5b792
  - 00d5c792
  - 00d6b78e
  - 00d6c78e
  - 00d7a5d6_543420bb4ab393b8a988314352eaca9c
  - 00d97e9d
  - 00da6b5a
  - 00dbc1dd
  - 00e1e671
  - 00e1e6f1
  - 00e1e771
  - 00e8533f
  - 00e9c58b
  - 00ec6105
  - 00ec6151
  - 00ec628d
  - 00ec677d
  - 00ed6105
  - 00ed6151
  - 00ed628d
  - 00ed677d
  - 00edb9fc
  - 00eebfc4
  - 00f520eb
  - 00f60ccd
  - 00f60dcd
  - 00f727bc
  - 00f7283c
  - 00f728bc
  - 00f7293c
  - 00f729bc
  - 00f72abc
  - 00f72b3c
  - 00f736bc
  - 00f7373c
  - 00fa15d7
  - 00fb5e0d
  - 00fb5e0d_3a2f9c020f2b36a95c909e29cb3e4aae
  - 00ffb109
  - 1_chuou_b1_shukai_alp_ovl.bmp
  - 1wallsh_alp_ovl.bmp
  - 1wallsh_alp_ovl.bmp_0632d8b69677918c5ecab5a7bf5e3589
  - 2_chuou_b1_roka_02_alp_ovl.bmp
  - 31_hashira_01.bmp
  - 31_hashira_02.bmp
  - 31_wall_03.bmp
  - 31_wall_04.bmp
  - 31_wall_05.bmp
  - a24d2_pane03_alp.bmp
  - a24d2_pane04_alp.bmp
  - a41a_pos01.bmp
  - a_bg.bmp
  - a_p_sensor_alp.bmp
  - a_p_sensor_case.bmp
  - a_p_sensor_case2.bmp
  - act_telop1_alp_ovl.bmp
  - act_telop7_alp_ovl.bmp
  - ag_ileum_alp_ovl.bmp
  - ag_rectum_alp_ovl.bmp
  - ag_sigmoid_alp_ovl.bmp
  - angle_alp_ovl.bmp
  - animal_alp_ovl.bmp
  - apple_alp.bmp
  - b_bg.bmp
  - b_mark.bmp
  - b_mark_msk.bmp
  - baketu_04.bmp
  - baku_g07_msk.bmp
  - bam_alp_ovl.bmp
  - blood_1e_msk.bmp
  - bnd_alp_ovl.bmp
  - bombgas5_alp.bmp
  - bottle010.bmp
  - bottle011.bmp
  - bottle012.bmp
  - bottle013.bmp
  - bottle014.bmp
  - bottle_008.bmp
  - bottle_009.bmp
  - brack_01_01_01.bmp
  - btl_piece00_add_ovl.bmp
  - bw_mark.bmp
  - c_bg.bmp
  - cabaged.bmp
  - cabbagenew.bmp
  - cabbagetop.bmp
  - cabbagey.bmp
  - call_alp_ovl.bmp
  - cam_face_dt_skl_alp_ovl.bmp
  - cam_hi_teeth_d1_skl.bmp
  - cam_hi_teeth_d2_skl.bmp
  - cam_hi_teeth_d3_skl.bmp
  - cam_hi_teeth_d4_skl.bmp
  - cam_hi_teeth_u1_skl.bmp
  - cam_hi_teeth_u2_skl.bmp
  - cam_hi_teeth_u3_skl.bmp
  - cam_hi_teeth_u4_skl.bmp
  - cam_skl.bmp
  - cam_skl2.bmp
  - cam_skl3.bmp
  - cap_arm_l_blood.bmp
  - cap_arm_r_blood.bmp
  - cap_arm_wrist.bmp
  - cap_body_blood.bmp
  - cap_face_blood.bmp
  - cap_hair_blood.bmp
  - cap_leg_blood.bmp
  - case_test_top.bmp
  - caust00_alp_add_ovl.bmp
  - cbox_dry_alp_ovl.bmp
  - cbox_wet_alp_ovl.bmp
  - cbx_c_alp_ovl.bmp
  - cbx_c_mk.bmp
  - cd_err_alp_ovl.bmp
  - cigarette_tx.bmp
  - cigarette_tx_alp.bmp
  - cit_male_bag02.bmp
  - cit_male_bag06.bmp
  - clm_sb_b.bmp
  - clm_sb_st.bmp
  - clm_sb_temp.bmp
  - clr_font_alp_ovl.bmp
  - col_brwn00.bmp
  - col_grey1.bmp
  - col_grn00.bmp
  - col_gry104.bmp
  - col_gry144.bmp
  - col_orange1.bmp
  - col_red00.bmp_198c482b135a2c3a90bec693fc0969b1
  - col_yellow1.bmp
  - crd_wa00.bmp
  - cre_cre_alp_ovl.bmp
  - cre_dish00_alp_ovl.bmp
  - cre_fuk_alp_ovl.bmp
  - cre_g2_alp_ovl.bmp
  - cre_g_alp_ovl.bmp
  - cre_met_alp_ovl.bmp
  - cre_ric_alp_ovl.bmp
  - cre_sup.bmp
  - cti_shirts1.bmp
  - d00a_wire_alp_ovl.bmp
  - d_bg.bmp
  - d_sky_hasira_alp.bmp
  - d_sky_top_01_alp.bmp_8f57f7dc8141fdfd06af182d04249af3
  - dammydoll_alp.bmp
  - dbx_gls1.bmp
  - debug_font_alp_ovl.bmp
  - demo_usp_supressor.bmp
  - densou_font_alp_ovl.bmp
  - dgtg_bmap.bmp
  - di_lig_add_ovl.bmp
  - dish_tx_alp.bmp
  - dnjv_f1.bmp
  - dog_tag.bmp
  - dogtag_chain_black_msk.bmp
  - dogtag_tx_alp.bmp
  - door_test_mogy.bmp
  - dr_00.bmp
  - dr_01.bmp
  - dr_02.bmp
  - dr_03.bmp
  - dse_side1.bmp
  - e_bg.bmp
  - e_shuhai_alp_ovl.bmp
  - e_sky_cld_sun_01_alp.bmp
  - e_sky_cld_sun_02_alp.bmp
  - e_sky_cld_sun_03_alp.bmp
  - e_sky_cld_sun_04_alp.bmp
  - e_sky_top_01_alp.bmp
  - elvt_nwall3pb_alp.bmp
  - elvt_pane_down_alp.bmp
  - elvt_pane_lr_alp.bmp
  - elvt_pane_up_alp.bmp
  - ema_died_alp_ovl.bmp
  - ema_face_ovl_mod1120_alp_emap.bmp
  - ema_glassf_alp_ovl.bmp
  - ema_leg_sub_alp_ovl.bmp_59cf833a559696b26388f9f9abed5184
  - ema_ooze_blood00_alp_ovl.bmp
  - ema_tag2.bmp
  - f_souko_1f_alp_ovl.bmp
  - fake_cont_alp_ovl.bmp
  - fake_exit_alp_ovl.bmp
  - fake_failed_alp_ovl.bmp
  - fat_eptes.bmp
  - fat_eye.bmp
  - fat_face.bmp
  - fat_face_re.bmp_a65902de0116b1a4ce6a1647e832d293
  - fat_hand.bmp
  - fat_larm_belt.bmp
  - fat_ooze_blood00_alp_ovl.bmp
  - fat_pias_alp_ovl.bmp_49150a74dd0fd7cd13ca0f60cd40eca7
  - fat_poket00.bmp
  - fat_poket01.bmp_fdadb254bd6a0857d5c232a10b14c8ff
  - fat_strow.bmp
  - fat_strow_col_alp.bmp
  - fat_suits.bmp
  - fat_suitstes.bmp
  - fat_tang.bmp
  - fat_teeth_u3.bmp
  - federal_alp_ovl.bmp
  - fire4_msk.bmp
  - fire5_msk.bmp
  - flare1_msk.bmp
  - flare2_msk.bmp
  - flare3_msk.bmp
  - flare4_msk.bmp
  - flare_ri_msk.bmp
  - floor.bmp
  - floor_normal.bmp
  - fms_alp_ovl.bmp
  - fms_alp_ovl.bmp_afd64baad5879a54d69dceeb416e0963
  - fms_ibox.bmp
  - fms_sb_s.bmp
  - fms_sb_temptex.bmp
  - fog_alp.bmp
  - font_alp_ovl.bmp
  - font_mini_alp_ovl.bmp
  - foot_shadow2_sub_ovl.bmp
  - for_blood_face_ovl_alp.bmp
  - for_col1.bmp
  - for_kizu_body_ovl_alp.bmp
  - frost02_alp.bmp
  - funa_alp_ovl.bmp
  - fur_g00_add.bmp
  - fur_g01_add.bmp
  - fur_g02_add.bmp
  - fur_g03_add.bmp
  - fur_s00_add.bmp
  - fur_s01_add.bmp
  - fur_s02_add.bmp
  - fur_s03_add.bmp
  - fur_s04_add.bmp
  - g20.bmp
  - g30.bmp
  - gasmask_alp.bmp
  - gen_arm.bmp
  - gen_bag_bl.bmp
  - gen_bag_br.bmp
  - gen_bag_fl.bmp
  - gen_bag_fr.bmp
  - gen_body.bmp
  - gen_boot_heel.bmp
  - gen_boot_hunder.bmp
  - gen_boot_toe.bmp
  - gen_boot_tunder.bmp
  - gen_eri_omote_fix.bmp
  - gen_eri_ura.bmp
  - gen_eye_fix.bmp
  - gen_eye_red.bmp
  - gen_hand.bmp
  - gen_hand_u.bmp
  - gen_head.bmp
  - gen_leg_fix.bmp
  - gen_meca_lite.bmp
  - gen_mecaarm_fix.bmp
  - gen_mecaarm_sub_ovl_alp.bmp
  - gen_mecabody.bmp
  - gen_mecabody_sub_ovl_alp.bmp
  - gen_mecahead_fix.bmp
  - gen_mecahead_sub_ovl_alp.bmp
  - gen_mecaleg_fix.bmp
  - gen_mecaleg_sub_ovl_alp.bmp
  - gen_mecaskirt_fix.bmp
  - gen_mecaskirt_sub_ovl_alp.bmp
  - gen_mod1120_ovl_emap.bmp
  - gen_nezi.bmp
  - gen_nezi_botom.bmp
  - gen_skirt_fix.bmp
  - gen_wrist.bmp
  - geno_alp_ovl.bmp
  - geno_e_alp_ovl.bmp
  - gno_neckin.bmp
  - gno_para_himo_ovl_alp.bmp
  - gno_para_nuno.bmp
  - gobot.bmp
  - gobou.bmp
  - gogle_ibox.bmp
  - gogle_rabel_alp_ovl.bmp
  - goki.bmp
  - gol_t_ovl_mod1120_alp_emap.bmp
  - gol_tarai.bmp
  - gol_tarai_botom.bmp
  - gol_tarai_ovl_sub_alp.bmp
  - gradation_alp_ovl.bmp
  - gray_128_128_add_alp.bmp
  - gray_128_192_alp_ovl.bmp
  - gry090.bmp
  - gun_ibox.bmp
  - guncamera_hahen01_alp_ovl.bmp
  - guncamera_hahen02_alp_ovl.bmp
  - gur_alp_ovl.bmp
  - hazard.bmp
  - heart.bmp
  - heart_alp.bmp
  - heart_msk.bmp
  - hos_arm.bmp
  - hos_body_back.bmp
  - hos_body_front.bmp
  - hos_face_round.bmp
  - hos_leg.bmp
  - hos_pink2.bmp
  - hos_red.bmp
  - hos_shoes.bmp
  - hos_tie_brown.bmp
  - hos_tie_green.bmp
  - hos_white.bmp
  - hosi.bmp
  - hri2_piron1_s_r_brk.bmp
  - hri_ef_alp_add_ovl.bmp
  - ibox_all1.bmp_31a66cf74cfe6ea8bc58c6a995ea8c33
  - ibox_all2.bmp
  - ibox_tx_all_alp_ovl.bmp
  - iro_glass_frame.bmp
  - jpnw_news_genora.bmp
  - jpnw_news_gollgon.bmp
  - kama.bmp
  - kantoku_alp_01.bmp
  - ketchap_g.bmp
  - kictjagu.bmp
  - kictkabe2.bmp
  - kictme.bmp
  - kictobun.bmp
  - kictobunt.bmp
  - kictpa1s.bmp
  - kictpa1s2.bmp
  - kirari.bmp
  - kit_fl_ent.bmp
  - kit_na_f.bmp
  - kitabasi.bmp
  - kitabup2a.bmp
  - kitabup3.bmp
  - kitabup4.bmp
  - kitbenf.bmp
  - kitdaif.bmp
  - kitdaif2.bmp
  - kitdaif2a.bmp
  - kitdaifu.bmp
  - kitdaikama.bmp
  - kitdais.bmp
  - kitgast.bmp
  - kitkabf.bmp
  - kitroof.bmp
  - kittanaf.bmp
  - kmo_droppings01_alp.bmp
  - kmo_droppings04_alp.bmp
  - kmo_low_body.bmp
  - kwtmst_hl_alp_ovl.bmp
  - launch_box_top.bmp
  - launch_rabel_alp_ovl.bmp
  - launcher_ammo_side.bmp
  - launcher_ibox.bmp
  - lg_renraku_alp_ovl.bmp
  - lig_add_ovl.bmp
  - ligbody_bro_u.bmp
  - ligbodyf.bmp_133cf39aecc6f3edc2f8fe29b1c55f9d
  - ligbodyf_bro.bmp
  - ligbodys.bmp_af30507d0cffb6c7b4d61e89baa6daff
  - ligbodys_bro.bmp
  - ligbodyu.bmp_42053b83be344f36504388230b8d59f9
  - list1_alp_ovl.bmp
  - list2_alp_ovl.bmp
  - list3_alp_ovl.bmp
  - lnr_dankon_hibi1_alp.bmp
  - lnr_dankon_hibi2_alp.bmp
  - lnr_dankon_hibi3_alp.bmp
  - m4a_light.bmp_5758ef839d43e13183cf3678664d0e6e
  - m4a_scope.bmp
  - mark_noise_alp.bmp
  - mecgeno1_alp_ovl.bmp
  - mecgeno1_e_alp_ovl.bmp
  - medicine_box.bmp
  - medicine_rabel_alp_ovl.bmp
  - menu_fnt_alp_ovl.bmp
  - met_ovl_mod1120_alp_emap.bmp
  - mgs2_arrow_l_00
  - mgs2_arrow_l_01
  - mgs2_arrow_l_02
  - mgs2_arrow_r_00
  - mgs2_arrow_r_01
  - mgs2_arrow_r_02
  - mgs2_ctrlset_btn_base_00
  - mgs2_ctrlset_btn_base_01
  - mgs2_ctrlset_btn_base_02
  - mgs2_ctrlset_cursor00
  - mgs2_keyass_btn_base_00
  - mgs2_keyass_btn_base_01
  - mgs2_keyass_btn_base_02
  - mgs2_keyass_btn_base_03
  - mgs2_keyass_btn_base_switch_00_en
  - mgs2_keyass_btn_base_switch_00_fr
  - mgs2_keyass_btn_base_switch_00_gr
  - mgs2_keyass_btn_base_switch_00_it
  - mgs2_keyass_btn_base_switch_00_jp
  - mgs2_keyass_btn_base_switch_00_sp
  - mgs2_keyass_btn_base_switch_01_en
  - mgs2_keyass_btn_base_switch_01_fr
  - mgs2_keyass_btn_base_switch_01_gr
  - mgs2_keyass_btn_base_switch_01_it
  - mgs2_keyass_btn_base_switch_01_jp
  - mgs2_keyass_btn_base_switch_01_sp
  - mgs2_keyass_btn_base_switch_03_en
  - mgs2_keyass_btn_base_switch_03_fr
  - mgs2_keyass_btn_base_switch_03_gr
  - mgs2_keyass_btn_base_switch_03_it
  - mgs2_keyass_btn_base_switch_03_jp
  - mgs2_keyass_btn_base_switch_03_sp
  - mgs2_keyass_cursor_00
  - mgs2_keyass_cursor_01
  - mgs2_keyass_line_00
  - mgs2_keyass_line_01
  - mgs2_keyass_page_00
  - mgs2_keyass_page_01
  - mode_alp_ovl.bmp
  - mrl_belt.bmp
  - mrl_boot_t_0006.bmp
  - mrl_chest007.bmp
  - mrl_face001.bmp
  - mrl_face_sub_ovl_alp.bmp
  - mrl_leg_tes02_r.bmp
  - mrl_leg_tes04.bmp
  - mrl_p_ovl_mod1120_alp_emap.bmp
  - museum_de_alp_ovl.bmp
  - museum_es_alp_ovl.bmp
  - museum_fr_alp_ovl.bmp
  - museum_it_alp_ovl.bmp
  - museum_j_alp_ovl.bmp
  - nametag_gbs1_def_add_alp.bmp
  - nametag_wall_def_add_alp.bmp
  - ngl2.bmp
  - ngl_alp_ovl.bmp
  - ngl_f.bmp
  - ngl_r.bmp
  - nkt_msl_body.bmp
  - node_areaname_alp_ovl.bmp
  - nom_alp_ovl.bmp
  - nypo_ovl_mod1210_alp.bmp
  - oce_arm1.bmp
  - oce_arm2.bmp
  - oce_arm3.bmp
  - oce_arm4.bmp
  - oce_arm5.bmp
  - oce_arm6.bmp
  - oce_arm7.bmp
  - oce_boot.bmp
  - oce_chest1.bmp
  - oce_chest2.bmp
  - oce_chest3.bmp
  - oce_chest4.bmp
  - oce_chest5.bmp
  - oce_collar1msk.bmp
  - oce_collar2msk.bmp
  - oce_collar3.bmp
  - oce_face1.bmp
  - oce_face2.bmp
  - oce_hand1.bmp
  - oce_hand2.bmp
  - oce_hand3.bmp
  - oce_hand4.bmp
  - oce_hand5.bmp
  - oce_hear1.bmp
  - oce_hip1.bmp
  - oce_hip2.bmp
  - oce_hip3.bmp
  - oce_hip4.bmp
  - oce_leg1.bmp
  - oce_leg2.bmp
  - oce_leg3.bmp
  - oce_leg4.bmp
  - oce_neck1.bmp
  - oce_neck2.bmp
  - oce_neck3.bmp
  - oce_skirt1.bmp
  - oce_skirt2.bmp
  - oce_skirt3.bmp
  - oce_skirt4.bmp
  - oce_skirt5.bmp
  - oce_skirt6msk.bmp
  - oce_skirt7.bmp
  - odai_a01a_ldr00.bmp
  - odai_a01a_ldr00a.bmp
  - odai_a01a_ldr01.bmp
  - odai_a01a_ldr01a.bmp
  - odai_a01a_ldr02.bmp
  - odai_a01a_ldr02a.bmp
  - odai_a01a_ldr03.bmp
  - odai_a01a_ldr03a.bmp
  - odai_a01a_ldr04.bmp
  - odai_a01a_ldr04a.bmp
  - odai_a24a_ldr00.bmp
  - odai_a24a_ldr01.bmp
  - odai_a24a_ldr02.bmp
  - odai_a24d2_pane03.bmp
  - odai_a24d2_pane04.bmp
  - odai_bikkuri.bmp
  - odai_erobook.bmp
  - odai_ghost.bmp
  - odai_meryl.bmp
  - odai_moai.bmp
  - oil_00.bmp
  - orn_head_met.bmp
  - orn_head_met_sub_alp_ovl.bmp
  - orp_face_dd.bmp
  - orp_hair_alp_ovl_dd.bmp
  - p_br_seacolor_01_alp_ovl.bmp
  - pausemenu_arrow_l
  - pausemenu_arrow_r
  - pausemenu_btn_00
  - pausemenu_btn_01
  - pausemenu_dialog_00
  - pausemenu_head_line
  - pausemenu_head_subitem
  - pausemenu_icon_mute
  - pausemenu_icon_volume
  - pausemenu_line_00
  - pausemenu_volume_00
  - pausemenu_volume_01
  - pausemenu_volume_cursor
  - pdray_color_dmm.bmp
  - pdray_eye_hl_alp.bmp
  - pdray_eye_noise_alp.bmp
  - pdray_eye_pera.bmp_bb9309c5e4ad36e8efa8e622b2d90de3
  - pdray_marines_alp_ovl.bmp
  - pdray_number_a02_alp_ovl.bmp
  - pdray_number_a03_alp_ovl.bmp
  - pdray_number_a04_alp_ovl.bmp
  - pdray_number_a05_alp_ovl.bmp
  - pdray_number_b01_alp_ovl.bmp
  - pdray_number_b02_alp_ovl.bmp
  - pdray_number_b03_alp_ovl.bmp
  - pdray_number_b04_alp_ovl.bmp
  - pdray_number_b05_alp_ovl.bmp
  - pdray_number_c01_alp_ovl.bmp
  - pdray_number_c02_alp_ovl.bmp
  - pdray_number_c03_alp_ovl.bmp
  - pdray_number_c04_alp_ovl.bmp
  - pdray_number_c05_alp_ovl.bmp
  - pdray_number_d01_alp_ovl.bmp
  - pdray_number_d02_alp_ovl.bmp
  - pdray_number_d03_alp_ovl.bmp
  - pdray_number_d04_alp_ovl.bmp
  - pdray_number_d05_alp_ovl.bmp
  - pdray_number_e01_alp_ovl.bmp
  - pdray_number_e02_alp_ovl.bmp
  - pdray_number_e03_alp_ovl.bmp
  - pdray_number_e04_alp_ovl.bmp
  - pdray_number_e05_alp_ovl.bmp
  - pdray_seal_n32_wht_alp_ovl.bmp
  - pgn_body.bmp
  - pgn_foot.bmp
  - pgn_head.bmp
  - pgn_legs.bmp
  - pgn_tail.bmp
  - pgn_wingd_ovl_alp.bmp
  - pgn_wingu_ovl_alp.bmp
  - pipe_02.bmp
  - pipe_hold_02.bmp
  - pipe_shadow2_sub_ovl.bmp
  - pipe_shadow3_sub_ovl.bmp
  - pipe_shadow_sub_ovl.bmp
  - pit_arm.bmp
  - pit_arm_markl.bmp
  - pit_arm_markr.bmp
  - pit_arm_ovl_alp_sub.bmp
  - pit_armark_l_alp_ovl_sub.bmp
  - pit_armark_r_alp_ovl_sub.bmp
  - pit_body3_ovl_alp_sub.bmp
  - pit_face2_ovl_sub_alp.bmp_6db9591385198a710491f1b539611f0b
  - pit_face_ovl_alp_emap_mod1120.bmp_dbec3efa27e6d1b17c555db5e581bceb
  - pit_food_c.bmp_34cbc68775c7cff51c1749b7d1398731
  - pit_food_c_sub_ovl_alp.bmp_440f8c1ac67431ba6eae47fab033aa6f
  - pit_food_s.bmp_c5532a65e21a91fcf9dcfee4619c7e9a
  - pit_food_s_sub_ovl_alp.bmp_344b20080ef3f6e16f931b639532c245
  - pit_jaket2_ovl_alp_emap_mod1120.bmp_48f8785725b7c608d1452433646e3b71
  - pit_legl.bmp
  - pit_shoese.bmp
  - pit_shoese_ovl_sub_alp.bmp
  - plt_cont_f.bmp
  - plt_cont_s.bmp
  - pos_abe_01.bmp
  - pos_ishida_02.bmp
  - pos_ishida_03.bmp
  - pos_kazuki_01.bmp
  - pos_kazuki_02.bmp
  - pos_nakagawa_02.bmp
  - pos_nakagawa_03.bmp
  - pos_yasuda_03.bmp
  - potato_00.bmp
  - powder_ex.bmp
  - powder_ex_logo_alp.bmp
  - powfog03_add.bmp
  - ptr_face03.bmp_b289bdfbbb58e30a73b2a6a2b3ba988b
  - ptr_hand.bmp
  - ptr_hand_sub_alp_ovl.bmp
  - ptr_jaket_nypd.bmp
  - ptr_mtg_alp_ovl.bmp_1dee7c33f8c04c57c9230facad52d73e
  - pump02_alp.bmp
  - pumppowder_msk.bmp
  - q_mark.bmp
  - q_mark_msk.bmp
  - qt_bleak_alp.bmp
  - qw_mark.bmp
  - r_bg.bmp
  - rabel_alp_ovl.bmp
  - rah_naked_finger2.bmp
  - rai_ba_ami_ovl_alp.bmp
  - rai_ba_belt.bmp
  - rai_ba_ovl_mod1120_alp_emap.bmp
  - rai_ba_ovl_sub_alp.bmp
  - rai_bodyarmor_ss2.bmp
  - rai_eye_hlf_ovl.bmp
  - raiden_gogle_sev_alp.bmp
  - rar_narut_alp_ovl.bmp
  - rar_negi2_alp_ovl.bmp
  - rar_nori.bmp
  - rar_otemoto.bmp
  - rar_shina_alp_ovl.bmp
  - rar_tuyu.bmp
  - rar_wan.bmp
  - rar_wan_out.bmp
  - rar_wari.bmp
  - rar_yakib_alp_ovl.bmp
  - ration_box.bmp
  - ray_add_alp.bmp
  - ray_debug_alp.bmp
  - ray_eye_blur_alp.bmp_517d03bda499e745cec9fdeb2a4a1f63
  - rcm_l.bmp
  - rdr_yaji_alp_ovl.bmp
  - refre_left_alp_ovl.bmp
  - rifle_ammo_rabel_alp_ovl.bmp
  - rifle_ammo_side.bmp
  - rifle_ammo_top.bmp
  - ringo_04.bmp
  - roofpi1yoko1.bmp
  - roofpi1yoko2.bmp
  - saya.bmp
  - sco_body_kubi.bmp_70cbeeac4ae8ba4567a52a83c9b9926d
  - sco_boots.bmp_9abb99c14789bfd99879b434af4f2e1b
  - sco_boots2.bmp_c25a19e9d29d7dec36db77d1571f0dfb
  - sco_hand_i_ovl_sub_alp.bmp
  - sco_hand_in.bmp_f6498f65164dc03021279787e2dee468
  - sco_hand_o_ovl_sub_alp.bmp
  - sco_hand_out.bmp_ad41d81d897d17742e9523c34d61dadf
  - sco_ude_ovl_sub_alp.bmp
  - sco_ude_under.bmp
  - scot_hiface3.bmp
  - scp.bmp
  - sel_eye_a1.bmp
  - sel_eye_b0.bmp
  - sel_eye_b1.bmp
  - sel_eye_d0.bmp
  - sel_eye_d1.bmp
  - sensou_01_alp_ovl.bmp
  - shadow_rev_alp.bmp
  - shaker_cup.bmp
  - shdw.bmp
  - shl_chi1_sub.bmp
  - shl_chi3_sub.bmp
  - shl_lit1_f2.bmp
  - sky_1_alp.bmp
  - sky_n3_alp.bmp
  - sky_sun_n_alp.bmp
  - smoke_lp4_alp.bmp
  - sna_arm1.bmp
  - sna_arm2.bmp
  - sna_boot.bmp
  - sna_chest1.bmp
  - sna_chest2.bmp
  - sna_chest3.bmp
  - sna_chest4.bmp
  - sna_collar1.bmp
  - sna_collar2.bmp
  - sna_ear1.bmp
  - sna_ear2.bmp
  - sna_fin.bmp
  - sna_fin2.bmp
  - sna_fin3.bmp
  - sna_g2_ovl_mod1120_alp_emap.bmp
  - sna_g4_ovl_mod1120_alp_emap.bmp
  - sna_glass_bld080_ovl_alp.bmp
  - sna_glass_flame2.bmp
  - sna_glass_sub_ovl_alp.bmp
  - sna_hand.bmp
  - sna_hand2.bmp_3cff2f25731c2da05cc48c9b10151e46
  - sna_hed.bmp
  - sna_hip1.bmp
  - sna_hip2.bmp
  - sna_leg1.bmp
  - sna_leg2.bmp
  - sna_leg3.bmp
  - sna_leg4.bmp
  - sna_mf1.bmp
  - sna_mf2.bmp
  - sna_mf3.bmp
  - sna_neck.bmp
  - sna_neck2.bmp
  - sna_os_ovl_mod1120_alp_emap.bmp
  - sna_oss_apad.bmp
  - sna_oss_arm_ovl_sub_alp.bmp
  - sna_oss_arm_ss.bmp
  - sna_oss_body.bmp
  - sna_oss_body_ovl_sub_alp.bmp
  - sna_oss_eri.bmp
  - sna_oss_eri_ovl_sub_alp.bmp
  - sna_oss_hip.bmp
  - sna_oss_hip_ovl_sub_alp.bmp
  - sna_oss_hlst_back.bmp
  - sna_oss_hlst_fro.bmp
  - sna_oss_hlst_side.bmp
  - sna_oss_leg_ovl_sub_alp.bmp
  - sna_oss_leg_ss.bmp
  - sna_oss_lpad.bmp
  - sna_oss_neck.bmp
  - sna_oss_oshould_ovl_sub_alp.bmp
  - sna_oss_outshould.bmp
  - sna_oss_rthigh.bmp
  - sna_oss_rthigh_ovl_sub_alp.bmp
  - sna_oss_should.bmp
  - sna_oss_spad.bmp
  - sna_oss_spad_ovl_sub_alp.bmp
  - sna_oss_vbelt.bmp
  - sna_oss_weast.bmp
  - sna_oss_weast_ovl_sub_alp.bmp
  - sna_txd_arm.bmp
  - sna_txd_arm_fix.bmp
  - sna_txd_arm_ovl_sub_alp.bmp
  - sna_txd_collar.bmp
  - sna_txd_collar_ovl_sub_alp.bmp
  - sna_txd_hand.bmp
  - sna_txd_hi_hand1.bmp
  - sna_txd_hi_hand2.bmp
  - sna_txd_hi_hand3.bmp
  - sna_txd_jacket.bmp
  - sna_txd_jacket_fix.bmp
  - sna_txd_jacket_ovl_sub_alp.bmp
  - sna_txd_leg_fix2.bmp
  - sna_txd_leg_ovl_sub_alp.bmp
  - sna_txd_nuno_ovl_alp_mod1120_emap.bmp
  - sna_txd_ovl_mod1120_alp_emap.bmp
  - sna_txd_shirt.bmp
  - sna_txd_shoe.bmp
  - sna_txd_shoe_ovl_sub_alp.bmp
  - sna_txd_vest.bmp
  - snake_tales_ltitlea_alp_ovl.bmp
  - snake_tales_ltitleb_alp_ovl.bmp
  - snake_tales_ltitlec_alp_ovl.bmp
  - snake_tales_ltitled_alp_ovl.bmp
  - snake_tales_ltitlee_alp_ovl.bmp
  - socom_alp_ovl.bmp
  - sokoflo.bmp
  - sol_ami.bmp
  - sol_ami_ovl_sub_alp.bmp
  - sol_arm1_nn.bmp
  - sol_arm1_nn_ovl_sub_alp.bmp
  - sol_arm_bane_ovl_sub_alp.bmp
  - sol_arm_y_ovl_sub_alp.bmp
  - sol_belt.bmp
  - sol_body_color.bmp
  - sol_body_n_1_ovl_sub_alp.bmp
  - sol_body_n_2.bmp
  - sol_body_n_2_ovl_sub_alp.bmp
  - sol_body_nn_1.bmp
  - sol_eri_n.bmp
  - sol_eri_n_ovl_sub_alp.bmp
  - sol_hand_y_ovl_sub_alp.bmp
  - sol_hi_face01_ovl_sub_alp.bmp
  - sol_hi_face01_tmp.bmp
  - sol_hi_face02_ovl_sub_alp.bmp
  - sol_hi_face02_tmp.bmp
  - sol_hige_alp_ovl.bmp
  - sol_leg_2_n.bmp
  - sol_leg_2_n_ovl_sub_alp.bmp
  - sol_leg_n_1.bmp
  - sol_leg_n_1_ovl_sub_alp.bmp
  - sol_leg_pad_n.bmp
  - sol_leg_pad_n_ovl_sub_alp.bmp
  - sol_leg_sune_n.bmp
  - sol_leg_sune_n_ovl_sub_alp.bmp
  - sol_leg_y_ovl_sub_alp.bmp
  - sol_mayu_alp_ovl.bmp
  - sol_sa_ovl_mod1120_alp_emap.bmp
  - sol_sarm_bane.bmp
  - sol_sarm_chest.bmp
  - sol_sarm_chest_moji_ovl_alp.bmp
  - sol_sarm_chest_ovl_sub_alp.bmp
  - sol_sarm_top.bmp
  - sol_sarm_tube1.bmp
  - sol_sarm_tube1_ovl_sub_alp.bmp
  - sol_sarm_tube2.bmp
  - sol_sarm_tube2_ovl_sub_alp.bmp
  - sol_sarm_tube3.bmp
  - sol_sarm_tube3_ovl_sub_alp.bmp
  - sol_sarm_tube4.bmp
  - sol_sarm_tube4_ovl_sub_alp.bmp
  - sol_sarm_tume.bmp
  - sol_shoes1_n.bmp
  - sol_shoes1_n_ovl_sub_alp.bmp
  - sol_shoes2_n.bmp
  - sol_shoes2_n_ovl_sub_alp.bmp
  - sol_shoulder_n_1.bmp
  - sol_shoulder_n_ovl_sub_alp.bmp
  - sp03a4_shd03_alp_ovl.bmp
  - sp07a_shw25_alp_ovl.bmp
  - sp21a_sdw00g_alp_ovl.bmp
  - sp21a_sdw00h_alp_ovl.bmp
  - sp21a_sdw00i_alp_ovl.bmp
  - sp21a_sdw01e_alp_ovl.bmp
  - sp21a_sdw03h_alp_ovl.bmp
  - sp21a_sdw03i_alp_ovl.bmp
  - sp21a_sdw03j_alp_ovl.bmp
  - sp21a_sdw05b_alp_ovl.bmp
  - sp21a_sdw05c_alp_ovl.bmp
  - sp21a_sdw05d_alp_ovl.bmp
  - sp21a_sdw06b_alp_ovl.bmp
  - sp21a_sdw06c_alp_ovl.bmp
  - sp21a_sdw06d_alp_ovl.bmp
  - sp21a_sdw07a_alp_ovl.bmp
  - sp21a_sdw07b_alp_ovl.bmp
  - sp21a_sdw07c_alp_ovl.bmp
  - sp21a_sdw08a_alp_ovl.bmp
  - sp21a_sdw08b_alp_ovl.bmp
  - sp21a_sdw08c_alp_ovl.bmp
  - sp21a_sdw08d_alp_ovl.bmp
  - sp25a_sdw64_alp_ovl.bmp
  - sp25a_sdw_dan02_10_alp_ovl.bmp
  - sp25a_sdw_dan02_11_alp_ovl.bmp
  - sp25a_sdw_dan02_3_alp_ovl.bmp
  - sp25a_sdw_dan02_4_alp_ovl.bmp
  - sp25a_sdw_dan02_5_alp_ovl.bmp
  - sp25a_sdw_dan02_6_alp_ovl.bmp
  - sp25a_sdw_dan02_7_alp_ovl.bmp
  - sp25a_sdw_dan02_8_alp_ovl.bmp
  - sp25a_sdw_dan02_9_alp_ovl.bmp
  - splash03.bmp
  - sr00j_alp_ovl.bmp
  - sr01e_alp_ovl.bmp
  - sr01j_alp_ovl.bmp
  - sr02e_alp_ovl.bmp
  - sr02j_alp_ovl.bmp
  - sr03e_alp_ovl.bmp
  - sr03j_alp_ovl.bmp
  - sr04j_alp_ovl.bmp
  - sr05j_alp_ovl.bmp
  - sr06j_alp_ovl.bmp
  - sr07j_alp_ovl.bmp
  - sr08j_alp_ovl.bmp
  - sr09j_alp_ovl.bmp
  - sr10j_alp_ovl.bmp
  - sr11j_alp_ovl.bmp
  - sr12j_alp_ovl.bmp
  - sr13j_alp_ovl.bmp
  - sr14j_alp_ovl.bmp
  - sr16j_alp_ovl.bmp
  - sr17j_alp_ovl.bmp
  - sr18j_alp_ovl.bmp
  - sr19j_alp_ovl.bmp
  - sr20j_alp_ovl.bmp
  - sr21j_alp_ovl.bmp
  - sr22j_alp_ovl.bmp
  - sr23j_alp_ovl.bmp
  - sr24j_alp_ovl.bmp
  - sr25j_alp_ovl.bmp
  - stg00_alp_ovl.bmp
  - stg_rabel_alp_ovl.bmp
  - svc_bonbori_alp.bmp
  - svc_bonbori_g.bmp
  - svc_wall_brk.bmp
  - svo_hi_face_new.bmp
  - tabcasey.bmp_427b54c7ebd80e565cfad6a211d94952
  - tag1_alp_ovl.bmp
  - tag2_alp_ovl.bmp
  - tag3_alp_ovl.bmp
  - taisa_gb_alp_ovl.bmp
  - taisa_mgs1_alp_ovl.bmp
  - taisa_msx_alp_ovl.bmp
  - test_bgray.bmp
  - test_cloth.bmp
  - test_danbo-ru.bmp
  - test_fence_mini_alp.bmp
  - test_gray.bmp
  - test_gray_yellow.bmp
  - test_lit0_alp_add.bmp
  - test_rabel_alp_ovl.bmp
  - test_roof1.bmp
  - test_sea_add.bmp
  - test_shatter.bmp
  - test_teppan2.bmp
  - test_w_gray.bmp
  - test_wall.bmp
  - test_window_alp.bmp
  - test_y_gray.bmp
  - testiron.bmp
  - testshaket.bmp
  - title_logo_mono_alp_ovl.bmp
  - tnc_gost_arm_ovl_alp.bmp
  - tnc_gost_body_b_ovl_alp.bmp
  - tnc_gost_body_c_ovl_alp.bmp
  - tnc_gost_body_ovl_alp.bmp
  - tnc_gost_face_b_ovl_alp.bmp
  - tnc_gost_face_ovl_alp.bmp
  - tnc_gost_foot_b_ovl_alp.bmp
  - tnc_gost_foot_c_ovl_alp.bmp
  - tnc_gost_foot_ovl_alp.bmp
  - tnc_gost_hair_ovl_alp.bmp
  - tnc_gost_hand_a_ovl_alp.bmp
  - tnc_gost_hand_b_ovl_alp.bmp
  - tnc_r_faceneck02dt.bmp
  - tsubo_00.bmp
  - tsubo_01.bmp
  - tsubo_02.bmp
  - tv_00.bmp
  - tv_00c_ovl.bmp
  - tv_black_sub.bmp
  - usa_ashi.bmp
  - usa_belt.bmp
  - usa_belt_back.bmp
  - usa_boots.bmp
  - usa_cap.bmp
  - usa_face_bk.bmp
  - usa_helmet.bmp
  - usa_met_ovl_sub_alp.bmp
  - usa_ude_all.bmp
  - usa_ude_makuri.bmp
  - usm_chest_back_belt.bmp
  - usm_chest_belt.bmp
  - usm_eri_inside2.bmp
  - usp_sp2_alp_ovl.bmp
  - usp_sp_alp_ovl.bmp
  - vamp_col1.bmp
  - vmp_aaa.bmp
  - vmp_eri_belt.bmp_6e4be7e6df81f272c20b7a5649956fd8
  - vmp_ton_b.bmp
  - vmp_ton_u.bmp
  - volume_setting_01
  - vr2_dmm_sub_alp_ovl.bmp
  - vr2_noise_a0_alp.bmp
  - vr2_noise_a1_alp.bmp
  - vr2_noise_a2_alp.bmp
  - vr2_noise_b0_alp.bmp
  - vr2_noise_b1_alp.bmp
  - vr2_noise_b2_alp.bmp
  - vr2_pitfall_a0_add_alp.bmp
  - vs05a_sdw05d_alp_ovl.bmp
  - vs10a_sdw09d_alp_ovl.bmp
  - vs10a_sdw09e_alp_ovl.bmp
  - vs10a_sdw09f_alp_ovl.bmp
  - w002_door.bmp
  - w00_fog_alp.bmp
  - w00a_wdf3_add.bmp
  - w00a_wdf3_alp.bmp
  - w00ak_crps_saku_msk.bmp_50b2d5d61891091657d01c88babeca5b
  - w00ak_crps_tsr1.bmp_3d24cf44976efdff0e00afe3cfe81bd3
  - w00ak_crps_tsr2.bmp_d1a68e5584d236c2d3f9882383c6e348
  - w00c_sky2_add.bmp
  - w01a0lc_loc2.bmp_dcda85c146eb919009467414b587976e
  - w01b_drb00.bmp
  - w01d_soko_flour_new_bro.bmp
  - w01d_soko_flour_tama.bmp
  - w01d_sokol_flour_1.bmp
  - w01d_sokol_flour_2.bmp
  - w02_sr_panel4.bmp
  - w031b_light_add_alp.bmp
  - w04_demo_scr_haen_cnt_alp.bmp
  - w04_demo_scr_haen_left_alp.bmp
  - w04_demo_scr_haen_right_alp.bmp
  - w04a3_bou_debug_alp.bmp
  - w04a_mecha_02.bmp
  - w04a_mecha_03.bmp
  - w04a_mecha_ami_alp.bmp
  - w04a_mecha_ashi.bmp_a0d0335bdbfa6e0ae5adb911c284a59b
  - w10a_demo_eda01.bmp
  - w10a_demo_reef05_mk_alp.bmp
  - w10a_demo_reef06_mk_alp.bmp
  - w10a_demo_reef07_mk_alp.bmp
  - w10a_demo_reef08_mk_alp.bmp
  - w10a_demo_reef09_mk_alp.bmp
  - w10a_fogsky_01.bmp
  - w10a_sky_b02_alp_ovl.bmp
  - w10a_sky_b03_alp_ovl.bmp
  - w10a_sky_c00_1.bmp
  - w10a_sky_c00_2.bmp
  - w10a_sky_c00_3.bmp
  - w10a_sky_c00_4.bmp
  - w10a_sky_hasira.bmp
  - w10a_sky_test_01.bmp
  - w10c_flu00a2x.bmp
  - w10c_oil_sea_128_alp_ovl.bmp
  - w10c_oil_sea_32_alp_ovl.bmp
  - w10c_oil_sea_64_alp_ovl.bmp
  - w11_col1.bmp
  - w11a_walllit_brk.bmp
  - w11a_walllit_iner_brk.bmp
  - w11b2_ironbox_dankon_f1_alp.bmp
  - w11b2_ironbox_dankon_s1_alp.bmp
  - w11c2_fire1_alp.bmp
  - w11c2_fire1_alp_grey.bmp
  - w11c2_fire2_alp.bmp
  - w11c2_fire2_alp_grey.bmp
  - w11c2_fire3c_alp.bmp
  - w11c2_smoke2_alp.bmp
  - w16a0_ref09.bmp
  - w18a_lowlit_brk.bmp
  - w20a0_lig05bro.bmp
  - w20a3_ob07a.bmp
  - w20a_bel_b01.bmp
  - w20a_hako_c_ak.bmp
  - w20a_hako_c_bk.bmp
  - w20a_hako_c_ek.bmp
  - w20a_walllit_fance1bro_alp_ovl.bmp
  - w20a_yuka01.bmp
  - w22a_floor_01.bmp
  - w22a_floor_02.bmp
  - w22a_room_wall1.bmp
  - w22a_room_wall11.bmp
  - w22a_wall2.bmp
  - w22a_wall3.bmp
  - w22a_wall4.bmp
  - w22a_wall5.bmp
  - w22a_wall6.bmp
  - w22a_wall7.bmp
  - w22a_wall9.bmp
  - w24c_lit1_00.bmp
  - w24c_lit1_01_alp_ovl.bmp
  - w24c_lit2_00.bmp
  - w24c_over_mrs_alp_ovl.bmp
  - w24c_over_oba_alp_ovl.bmp
  - w24c_overguy_alp_ovl.bmp
  - w24d2_glass1_bro_alp.bmp
  - w24d2_glass3_bro_alp.bmp
  - w24d2_paper.bmp
  - w24d2_paper_side.bmp
  - w28a_ana_light_koware_alp_add_ovl.bmp
  - w28a_ana_light_tome_t_koware.bmp
  - w31b_ref_water_alp_ovl_01.bmp_7b39660909c4df45b9f1df4aea837cc0
  - w31b_yogore_alp_01.bmp
  - w31c0_renz_alp.bmp
  - w31c_poster_alp_ovl_01.bmp
  - w32a_board.bmp_185026771e1a979ddad28900dd050ae8
  - w32a_board04a.bmp
  - w32a_board04b.bmp
  - w42a_1f_hung_01.bmp
  - w42a_bridge_side_01.bmp
  - w42a_step_boad.bmp
  - w51a_seacolor_01.bmp
  - w51a_seacolor_04_alp_ovl.bmp
  - w51a_sky_botom_01_alp_ovl.bmp
  - w51a_sky_n1_alp_ovl.bmp
  - w51a_sky_n2_alp_ovl.bmp
  - w51a_sky_n4_alp_ovl.bmp
  - w60a_anntenasaki.bmp
  - w60a_bill_a02.bmp
  - w60a_bill_a03.bmp
  - w60a_bill_a04.bmp
  - w60a_bill_a05.bmp
  - w60a_bill_a09.bmp
  - w60a_bill_a16.bmp
  - w60a_bill_a18.bmp
  - w60a_bill_a19.bmp
  - w60a_bill_a37.bmp
  - w60a_obj_a01.bmp
  - w60a_seacolor_b01.bmp
  - w60a_seacolor_b02_alp_ovl.bmp
  - w60a_seacolor_b03.bmp
  - w60a_sky_b01_alp_ovl.bmp
  - w60a_sky_b02_alp_ovl.bmp
  - w60a_sky_b03_alp_ovl.bmp
  - w60a_sky_b04_alp_ovl.bmp
  - w60a_sky_d01_alp_ovl.bmp
  - w61a_flag.bmp
  - w61a_window_brk.bmp
  - w61a_window_brk2.bmp
  - w61a_window_brk3.bmp
  - wa_pi.bmp
  - wa_pi_ha.bmp
  - wall_normal.bmp
  - water_reflection_alp_01.bmp
  - water_reflection_alp_02.bmp
  - waterflow03_alp.bmp
  - wave07.bmp
  - web01_alp_ovl.bmp
  - web02_alp_ovl.bmp
  - web_fall0_alp_ovl.bmp
  - web_fall1_alp_ovl.bmp
  - web_fall2alp_ovl.bmp
  - web_fall3_alp_ovl.bmp
  - web_fall4_alp_ovl.bmp
  - web_olg_alp_ovl.bmp
  - web_syouko0_alp_ovl.bmp
  - web_syouko1_alp_ovl.bmp
  - web_tank0_alp_ovl.bmp
  - wind01.bmp
  - wine_liq_5half.bmp
  - wrain02_add_alp_ovl.bmp
  - wrain03_add_alp_ovl.bmp
  - wrain05_add_alp_ovl.bmp
  - ws01a_sdw_wall13_alp_ovl.bmp
  - ws01a_sdw_wall17_alp_ovl.bmp
  - ws02a_sdw_alp_ovl_07.bmp
  - ws03a_sdw14_alp_ovl.bmp
  - ws03a_sdw15a_alp_ovl.bmp
  - ws03a_sdw16_alp_ovl.bmp
  - ws04a_sdw17_alp_ovl.bmp
  - ws04a_sdw18_alp_ovl.bmp
  - ws12a_sdw02b_alp_ovl.bmp
  - ws14a_sdw06_alp_ovl.bmp
  - ws14a_sdw13_alp_ovl.bmp
  - ws21a_sdw02_alp_ovl.bmp
  - ws23a_sdw10_alp_ovl.bmp
  - ws31a_sdw0001n_alp_ovl.bmp
  - ws31a_sdw004n_alp_ovl.bmp
  - ws32a_sdw05_alp_ovl.bmp
  - ws32a_sdw06_alp_ovl.bmp
  - ws35a_sdw12_alp_ovl.bmp
  - ws41a_shw03_alp_ovl.bmp
  - ws41a_shw08_alp_ovl.bmp
  - ws52a_sdw00b_alp_ovl.bmp
  - ws52a_sdw01b_alp_ovl.bmp
  - ws52a_sdw01c_alp_ovl.bmp
  - ws52a_sdw04a_alp_ovl.bmp
  - ws52a_sdw04e_alp_ovl.bmp
  - ws52a_sdw04f_alp_ovl.bmp
  - ws52a_sdw04h_alp_ovl.bmp
  - ws52a_sdw04i_alp_ovl.bmp
  - ws53a_sdw002_alp_ovl.bmp
  - ws53a_sdw007_alp_ovl.bmp
  - ws53a_sdw07_alp_ovl.bmp
  - ws54a_wshw07_alp_ovl.bmp
  - ws62a_sdw01_alp_ovl.bmp
  - ws62a_sdw06b_alp_ovl.bmp
  - ws62a_sdw08a_alp_ovl.bmp
  - ws62a_sdw12a_alp_ovl.bmp
  - ws62a_sdw13_alp_ovl.bmp
  - ws62a_sdw13b_alp_ovl.bmp
  - ws62a_sdw13g_alp_ovl.bmp
  - ws62a_sdw13h_alp_ovl.bmp
  - ws62a_sdw13o_alp_ovl.bmp
  - ws71a_sdw_12_alp_ovl.bmp
  - ws73a_sdw_00_alp_ovl.bmp
  - ws73a_sdw_02_alp_ovl.bmp
  - xlit24a_alp.bmp
  - xlit24b_alp.bmp
  - yukaki.bmp
  - zoom_alp_ovl.bmp
  - zzz.bmp

[Reverification] Ensuring all mapped outputs exist...
[Reverification] All verified OK.

[Summary] MC_Pass: Moved 0/76 textures.


============================================
[TRI_Pass] Verification Log
============================================

[Skipped Alpha=0 Entries]
sha1=72a9c4c5455787870ac40dd30801f01d482208ad, texture=rai_eye_hlf_ovl.bmp
sha1=effdcd035c2a91cd70278e347ebd4f22aa2a2a2e, texture=w01f_sdwbox00c2_alp_ovl.bmp
sha1=effdcd035c2a91cd70278e347ebd4f22aa2a2a2e, texture=w11a2_hako_kage05_alp_ovl.bmp
sha1=effdcd035c2a91cd70278e347ebd4f22aa2a2a2e, texture=w11a2_wall_line_kage_alp_ovl.bmp
sha1=effdcd035c2a91cd70278e347ebd4f22aa2a2a2e, texture=w11a_kage_alp.bmp
sha1=effdcd035c2a91cd70278e347ebd4f22aa2a2a2e, texture=w11b_box_backclip_alp_ovl.bmp
sha1=3c9f40ed9bb4b58ba346a12f2da0341d52b06397, texture=w20b_rack1_shd_alp_ovl.bmp
sha1=effdcd035c2a91cd70278e347ebd4f22aa2a2a2e, texture=w22a_naka_kage_alp_ovl.bmp
sha1=effdcd035c2a91cd70278e347ebd4f22aa2a2a2e, texture=w24c0_kage_alp.bmp
sha1=effdcd035c2a91cd70278e347ebd4f22aa2a2a2e, texture=w24d1n_sdw00_alp_ovl.bmp
sha1=effdcd035c2a91cd70278e347ebd4f22aa2a2a2e, texture=w25a_sdw_alp_ovl.bmp
sha1=effdcd035c2a91cd70278e347ebd4f22aa2a2a2e, texture=w28a_oku_pipekage_bld035.bmp

[Reverification] Ensuring all mapped outputs exist...
[Reverification] All verified OK.

[Summary] TRI_Pass: Moved 0/76 textures.


============================================
[Manual_Pass] Verification Log
============================================

[Reverification] Ensuring all mapped outputs exist...
[Reverification] All verified OK.

[Summary] Manual_Pass: Moved 0/76 textures.
