Detected repo root: C:/Development/Git/MGS2-PS2-Textures
Texture map CSV: C:/Development/Git/MGS2-PS2-Textures\u - dumped from substance\mgs2_texture_map.csv
PS2 dimensions CSV: C:/Development/Git/MGS2-PS2-Textures\u - dumped from substance\mgs2_ps2_dimensions.csv
Scanning directories:
  - C:\Development\Git\MGS2-PS2-Textures\final_verification_nov22_2025
  - C:/Development/Git/MGS2-PS2-Textures\u - dumped from substance\dump\Final Rebuilt\half_alpha
  - C:/Development/Git/MGS2-PS2-Textures\u - dumped from substance\dump\Final Rebuilt\opaque

Loaded 15142 valid PS2 texture names.


=== STAGE ALIAS VERIFICATION ===
20 stages in STAGE_ALIASES not found in CSV:
a04a	[Alternate | Hold No.1 (Alternate)]
a04b	[Alternate | Hold No.2 (Alternate)]
a04c	[Alternate | Hold No.3 (Alternate)]
a11a	[Alternate | Strut A - Dock (Snake Tales)]
a11b	[Alternate | Strut A - Dock (Bomb) (Snake Tales)]
a11c	[Alternate | Strut A - Dock (Fortune) (Snake Tales)]
a12c	[Alternate | Strut A Roof (Bomb) (Snake Tales)]
a16b	[Alternate | Dining Hall (Post Stillman) (Snake Tales)]
a20d	[Alternate | Heliport (Post Ninja) (Snake Tales)]
a25b	[Alternate | Shell Connecting Bridge (Destroyed) (Snake Tales)]
a25c	[Alternate | Strut L Perimeter (Snake Tales)]
a31d	[Alternate | Shell 2 Core (With Emma) (Snake Tales)]
a32a	[Alternate | Oil Fence (Snake Tales)]
a32b	[Alternate | Oil Fence (Vamp Fight) (Snake Tales)]
a44a	[Alternate | GW - Ileum (Snake Tales)]
a51a	[Alternate | Arsenal Gear (Snake Tales)]
select	[Menu | Main Menu]
sp04a	[VR: Variety | Level 4]
sp05a	[VR: Variety | Level 5]
sp23a	[VR: First-Person | Level 3]

87 stages found in CSV not defined in STAGE_ALIASES:
a02b
a13c
a14b
a20e
a21b
a22b
a23a
a24f
a24g
a41b
capture
f00a
f01a
f01b
f01c
f01d
f01e
f01f
f02a
f03a
f03b
f04a
f04b
f04c
f04d
f04e
f05a
f06a
init
mobile
node
photo
r_plt0
r_plt1
r_plt10
r_plt11
r_plt12
r_plt13
r_plt2
r_plt3
r_plt4
r_plt5
r_plt6
r_plt7
r_plt8
r_plt9
r_plt_s
r_rai_b
r_sna_b
r_tnk0
r_tnk_r
r_vr_1
r_vr_b
r_vr_p
r_vr_r
r_vr_rp
r_vr_s
r_vr_sp
r_vr_t
r_vr_x
sselect
st05a
ta00a
ta01a
ta01b
ta01c
ta01d
ta01e
ta01f
ta02a
ta12a
ta20a
ta22a
ta24a
ta31a
ta42a
tsp03a
tvs03a
tvs05a
tvs06a
tvs08a
twp03a
twp34a
twp43a
w24e
w31f
wmovie
Found 14267 PNG/TGA files total.

Detected 0 correct mixed-alpha TGAs (will be skipped).

=== MISSING TEXTURE COUNTS BY STAGE (DESCENDING) ===
w01d	106	[Tanker | Deck D Crew Quarters]
a01d	88	[Alternate | Deck D Crew Quarters (Alternate)]
ta01d	88	
a22a	82	[Alternate | Warehouse (Snake Tales)]
ta22a	82	
sp03a	78	[VR: Variety | Level 3]
tsp03a	78	
a24b	77	[Alternate | Shell 1 Core - B1 (Snake Tales)]
a46a	75	[Alternate | GW - Rectum (Snake Tales)]
w22a	72	[Plant | Warehouse]
a24a	69	[Alternate | Shell 1 Core - 1F (Snake Tales)]
ta24a	69	
w24b	67	[Plant | Shell 1 Core - B1]
a17a	65	[Alternate | CD Connecting Bridge (Snake Tales)]
w46a	65	[Plant | GW - Rectum]
a20a	64	[Alternate | Parcel Room (Snake Tales)]
a24c	64	[Alternate | Shell 1 Core - Hostage Room (Snake Tales)]
a24f	64	
ta20a	64	
a31b	64	[Alternate | Shell 2 Filtration Chamber No.1 (Snake Tales)]
w31b	64	[Plant | Shell 2 Filtration Chamber No.1]
w21b	62	[Plant | EF Connecting Bridge 2]
a18a	61	[Alternate | Sediment Pool (Snake Tales)]
sp25a	61	[VR: First-Person | Level 5]
a15a	60	[Alternate | BC Connecting Bridge (Snake Tales)]
a21b	60	
a28a	60	[Alternate | Sewage Treatment (Snake Tales)]
a31a	60	[Alternate | Shell 2 Core (Snake Tales)]
ta31a	60	
a13a	59	[Alternate | AB Connecting Bridge (Snake Tales)]
a13b	59	[Alternate | AB Connecting Bridge (Sensor B) (Snake Tales)]
a12b	58	[Alternate | Strut A Pump Room (Snake Tales)]
a15b	58	[Alternate | BC Connecting Bridge (After Stillman) (Snake Tales)]
a16a	58	[Alternate | Dining Hall (Snake Tales)]
a25d	58	[Alternate | KL Connecting Bridge (Snake Tales)]
a43a	58	[Alternate | GW - Ascending Colon (Snake Tales)]
w24d	58	[Plant | Shell 1 Core - B2]
a45a	57	[Alternate | GW - Sigmoid Colon (Snake Tales)]
a03b	56	[Alternate | Deck 2 Starboard (Alternate)]
sp08a	56	[VR: Variety | Level 8]
sp24a	56	[VR: First-Person | Level 4]
vs10a	56	[VR: Sneaking | Level 10]
w21a	56	[Plant | EF Connecting Bridge]
w24c	56	[Plant | Shell 1 Core - Hostage Room]
a21a	55	[Alternate | EF Connecting Bridge (Snake Tales)]
sp07a	55	[VR: Variety | Level 7]
sp22a	55	[VR: First-Person | Level 2]
w01c	55	[Tanker | Deck C Crew Quarters]
w17a	55	[Plant | CD Connecting Bridge]
n_title	54	[Menu | Title Screen]
a12a	54	[Alternate | Strut A Roof (Snake Tales)]
a14b	54	
a22b	54	
ta12a	54	
twp03a	54	
wp01a	54	[VR: Weapons - SOCOM | Level 1]
wp02a	54	[VR: Weapons - SOCOM | Level 2]
wp03a	54	[VR: Weapons - SOCOM | Level 3]
w20a	54	[Plant | Parcel Room]
w23a	54	[Plant | FA Connecting Bridge]
a20c	53	[Alternate | Heliport (Bomb) (Snake Tales)]
tvs05a	53	
tvs06a	53	
vs05a	53	[VR: Sneaking | Level 5]
vs06a	53	[VR: Sneaking | Level 6]
wp04a	53	[VR: Weapons - SOCOM | Level 4]
wp52a	53	[VR: Weapons - Stinger | Level 2]
w24a	53	[Plant | Shell 1 Core - 1F]
w31a	53	[Plant | Shell 2 Core]
a01a	52	[Alternate | Deck A Crew Quarters (Alternate)]
a01f	52	[Alternate | Deck A Crew Lounge (Alternate)]
st01a	52	[VR: Streaking | Level 1]
st02a	52	[VR: Streaking | Level 2]
st03a	52	[VR: Streaking | Level 3]
st04a	52	[VR: Streaking | Level 4]
st05a	52	
ta01a	52	
ta01f	52	
tvs03a	52	
tvs08a	52	
vs01a	52	[VR: Sneaking | Level 1]
vs02a	52	[VR: Sneaking | Level 2]
vs03a	52	[VR: Sneaking | Level 3]
vs04a	52	[VR: Sneaking | Level 4]
vs07a	52	[VR: Sneaking | Level 7]
vs08a	52	[VR: Sneaking | Level 8]
vs09a	52	[VR: Sneaking | Level 9]
w23b	52	[Plant | FA Connecting Bridge (Post Shell 2)]
a41a	51	[Alternate | GW - Stomach (Snake Tales)]
a42a	51	[Alternate | GW - Jejunum (Snake Tales)]
ta42a	51	
wp25a	51	[VR: Weapons - C4/Claymore | Level 5]
wp73a	51	[VR: Weapons - No Weapon / HF.Blade | Level 3]
wp74a	51	[VR: Weapons - No Weapon / HF.Blade | Level 4]
w31d	51	[Plant | Shell 2 Core (With Emma)]
w18a	51	[Plant | Sediment Pool]
w13a	51	[Plant | AB Connecting Bridge]
w13b	51	[Plant | AB Connecting Bridge (Sensor B)]
w15a	51	[Plant | BC Connecting Bridge]
a14a	50	[Alternate | Transformer Room (Snake Tales)]
w25d	50	[Plant | KL Connecting Bridge]
w16b	50	[Plant | Dining Hall (Post Stillman)]
w28a	50	[Plant | Sewage Treatment]
a25a	49	[Alternate | Shell Connecting Bridge (Snake Tales)]
w15b	49	[Plant | BC Connecting Bridge (After Stillman)]
wp05a	48	[VR: Weapons - SOCOM | Level 5]
wp15a	48	[VR: Weapons - M4 | Level 5]
w00a	48	[Tanker | Deck A - Port]
w19a	48	[Plant | DE Connecting Bridge]
sp02a	47	[VR: Variety | Level 2]
wp31a	47	[VR: Weapons - Grenade | Level 1]
wp32a	47	[VR: Weapons - Grenade | Level 2]
wp41a	47	[VR: Weapons - PSG1 | Level 1]
wp42a	47	[VR: Weapons - PSG1 | Level 2]
wp53a	47	[VR: Weapons - Stinger | Level 3]
wp75a	47	[VR: Weapons - No Weapon / HF.Blade | Level 5]
w43a	47	[Plant | GW - Ascending Colon]
w16a	47	[Plant | Dining Hall]
sp01a	46	[VR: Variety | Level 1]
sp21a	46	[VR: First-Person | Level 1]
wp13a	46	[VR: Weapons - M4 | Level 3]
wp21a	46	[VR: Weapons - C4/Claymore | Level 1]
wp23a	46	[VR: Weapons - C4/Claymore | Level 3]
wp35a	46	[VR: Weapons - Grenade | Level 5]
wp54a	46	[VR: Weapons - Stinger | Level 4]
w45a	46	[Plant | GW - Sigmoid Colon]
w03b	46	[Tanker | Deck 2 Starboard]
w20c	46	[Plant | Heliport (Bomb)]
w12a	46	[Plant | Strut A Roof]
w12c	46	[Plant | Strut A Roof (Bomb)]
w03a	46	[Tanker | Deck 2 Port]
w14a	46	[Plant | Transformer Room]
twp34a	45	
twp43a	45	
wp11a	45	[VR: Weapons - M4 | Level 1]
wp12a	45	[VR: Weapons - M4 | Level 2]
wp14a	45	[VR: Weapons - M4 | Level 4]
wp22a	45	[VR: Weapons - C4/Claymore | Level 2]
wp24a	45	[VR: Weapons - C4/Claymore | Level 4]
wp33a	45	[VR: Weapons - Grenade | Level 3]
wp34a	45	[VR: Weapons - Grenade | Level 4]
wp43a	45	[VR: Weapons - PSG1 | Level 3]
wp44a	45	[VR: Weapons - PSG1 | Level 4]
wp45a	45	[VR: Weapons - PSG1 | Level 5]
wp51a	45	[VR: Weapons - Stinger | Level 1]
wp55a	45	[VR: Weapons - Stinger | Level 5]
wp61a	45	[VR: Weapons - Nikita | Level 1]
wp62a	45	[VR: Weapons - Nikita | Level 2]
wp63a	45	[VR: Weapons - Nikita | Level 3]
wp64a	45	[VR: Weapons - Nikita | Level 4]
wp65a	45	[VR: Weapons - Nikita | Level 5]
wp71a	45	[VR: Weapons - No Weapon / HF.Blade | Level 1]
wp72a	45	[VR: Weapons - No Weapon / HF.Blade | Level 2]
r_vr_t	44	
w44a	44	[Plant | GW - Ileum]
w20b	44	[Plant | Heliport]
w20d	44	[Plant | Heliport (Post Ninja)]
w12b	44	[Plant | Strut A Pump Room]
r_vr_p	43	
a24d	43	[Alternate | Shell 1 Core - B2 (Snake Tales)]
a24g	43	
w01f	43	[Tanker | Deck A Crew Lounge]
w00b	43	[Tanker | Deck A - Starboard (Olga)]
r_plt2	42	
a01e	41	[Alternate | Deck E Bridge (Alternate)]
a03a	41	[Alternate | Deck 2 Port (Alternate)]
ta01e	41	
w41a	41	[Plant | GW - Stomach]
d080p07	41	[Plant | Cutscene d080p07]
r_plt0	41	
r_plt3	41	
r_plt_s	41	
w42a	41	[Plant | GW - Jejunum]
r_vr_1	40	
r_vr_s	40	
r_vr_sp	40	
r_tnk_r	40	
w25b	40	[Plant | Shell Connecting Bridge (Destroyed)]
r_plt4	39	
r_plt5	39	
d014p01	39	[Plant | Stillman Cutscene]
w25a	39	[Plant | Shell Connecting Bridge]
sp06a	38	[VR: Variety | Level 6]
r_vr_b	37	
r_vr_r	37	
r_vr_rp	37	
a01c	37	[Alternate | Deck C Crew Quarters (Alternate)]
a61a	37	[Alternate | Federal Hall (Snake Tales)]
ta01c	37	
d01t	37	[Tanker | Navigational Deck (Russian Invasion)]
d04t	37	[Tanker | Identifying Choppers]
a20e	36	
d05t	36	[Tanker | Olga Cutscene]
r_plt1	35	
r_vr_x	34	
a00c	34	[Alternate | Navigational Deck (Unused Alt)]
a01b	33	[Alternate | Deck A Crew Quarters Starboard (Alternate)]
ta01b	33	
d010p01	33	[Plant | Meeting Vamp]
a23a	32	
w01e	31	[Tanker | Deck E Bridge]
d14t	31	[Tanker | Cutscene d14t]
a19a	30	[Alternate | DE Connecting Bridge (Snake Tales)]
a23b	30	[Alternate | FA Connecting Bridge (Snake Tales)]
w11c	30	[Plant | Strut A - Dock (Fortune)]
d005p03	29	[Plant | Strut A Roof Cutscene]
d001p01	29	[Plant | Plant Opening]
r_rai_b	29	
a02a	29	[Alternate | Engine Room (Alternate)]
a31c	29	[Alternate | Shell 2 Filtration Chamber No.2 (Snake Tales)]
a41b	29	
ta02a	29	
a00a	28	[Alternate | Deck A - Port (Alternate)]
a02b	28	
a13c	28	
ta00a	28	
a00b	27	[Alternate | Navigational Deck (Alternate)]
w61a	27	[Plant | Federal Hall]
a20b	26	[Alternate | Heliport (Snake Tales)]
w01a	26	[Tanker | Deck A Crew Quarters]
w02a	26	[Tanker | Engine Room]
d080p01	25	[Plant | Cutscene d080p01]
d080p08	25	[Plant | Cutscene d080p08]
w24e	25	
d012p01	25	[Plant | ADUD]
r_tnk0	24	
w01b	24	[Tanker | Deck A Crew Quarters Starboard]
w00c	24	[Tanker | Navigational Deck]
d13t	23	[Tanker | Cutscene d13t (NG+ Rewards)]
w32b	23	[Plant | Oil Fence (Vamp Fight)]
w51a	22	[Plant | Arsenal Gear]
w04b	22	[Tanker | Hold No.2]
d065p02	22	[Plant | Cutscene d065p02]
d036p03	22	[Plant | Hostage Cutscene]
d082p01	22	[Plant | Cutscene d082p01]
d063p01	22	[Plant | Cutscene d063p01]
d00t	21	[Tanker | George Washington Bridge]
d053p01	21	[Plant | Cutscene d053p01]
d021p01	21	[Plant | Fatman and Ninja]
d005p01	20	[Plant | Raiden On Elevator]
w32a	20	[Plant | Oil Fence]
mselect	19	[Menu | VR Missions Menu]
tales	19	[Menu | Snake Tales Menu]
d080p06	19	[Plant | Cutscene d080p06]
w31c	19	[Plant | Shell 2 Filtration Chamber No.2]
d10t	19	[Tanker | Cutscene d10t]
d11t	19	[Tanker | Cutscene d11t]
r_sna_b	18	
w31f	18	
d055p01	18	[Plant | Cutscene d055p01]
d070p09	18	[Plant | Cutscene d070p09]
w04a	18	[Tanker | Hold No.1]
d12t3	18	[Tanker | Cutscene d12t3]
w11b	17	[Plant | Strut A - Dock (Bomb Disposal)]
d078p01	17	[Plant | Cutscene d078p01]
d045p01	17	[Plant | Cutscene d045p01]
w04c	16	[Tanker | Hold No.3]
w11a	15	[Plant | Strut A - Dock]
d12t4	15	[Tanker | Cutscene d12t4]
d12t	14	[Tanker | Cutscene d12t]
d036p05	13	[Plant | Shell 1 Cutscene]
d070px9	13	[Plant | Cutscene d070px9]
w25c	12	[Plant | Strut L Perimeter]
d046p01	12	[Plant | Cutscene d046p01]
d070p01	12	[Plant | Cutscene d070p01]
node	10	
ending	10	[Plant | Results Screen]
sselect	9	
webdemo	7	[Plant | Web Demo]
f01e	5	
f01f	5	
museum	5	[Plant | Briefing]
d001p02	4	[Plant | Sea Dock Cutscene]
r_plt13	4	
r_plt9	4	
init	4	
photo	3	
r_plt7	3	
r_plt10	3	
r_plt12	3	
r_plt6	3	
f00a	2	
f01a	2	
f01b	2	
f01c	2	
f01d	2	
r_plt11	2	
r_plt8	2	
capture	1	

TOTAL UNIQUE MISSING: 844

=== MISSING TEXTURE COUNTS BY STAGE (ALPHABETICAL) ===
a00a	28	[Alternate | Deck A - Port (Alternate)]
a00b	27	[Alternate | Navigational Deck (Alternate)]
a00c	34	[Alternate | Navigational Deck (Unused Alt)]
a01a	52	[Alternate | Deck A Crew Quarters (Alternate)]
a01b	33	[Alternate | Deck A Crew Quarters Starboard (Alternate)]
a01c	37	[Alternate | Deck C Crew Quarters (Alternate)]
a01d	88	[Alternate | Deck D Crew Quarters (Alternate)]
a01e	41	[Alternate | Deck E Bridge (Alternate)]
a01f	52	[Alternate | Deck A Crew Lounge (Alternate)]
a02a	29	[Alternate | Engine Room (Alternate)]
a02b	28	
a03a	41	[Alternate | Deck 2 Port (Alternate)]
a03b	56	[Alternate | Deck 2 Starboard (Alternate)]
a12a	54	[Alternate | Strut A Roof (Snake Tales)]
a12b	58	[Alternate | Strut A Pump Room (Snake Tales)]
a13a	59	[Alternate | AB Connecting Bridge (Snake Tales)]
a13b	59	[Alternate | AB Connecting Bridge (Sensor B) (Snake Tales)]
a13c	28	
a14a	50	[Alternate | Transformer Room (Snake Tales)]
a14b	54	
a15a	60	[Alternate | BC Connecting Bridge (Snake Tales)]
a15b	58	[Alternate | BC Connecting Bridge (After Stillman) (Snake Tales)]
a16a	58	[Alternate | Dining Hall (Snake Tales)]
a17a	65	[Alternate | CD Connecting Bridge (Snake Tales)]
a18a	61	[Alternate | Sediment Pool (Snake Tales)]
a19a	30	[Alternate | DE Connecting Bridge (Snake Tales)]
a20a	64	[Alternate | Parcel Room (Snake Tales)]
a20b	26	[Alternate | Heliport (Snake Tales)]
a20c	53	[Alternate | Heliport (Bomb) (Snake Tales)]
a20e	36	
a21a	55	[Alternate | EF Connecting Bridge (Snake Tales)]
a21b	60	
a22a	82	[Alternate | Warehouse (Snake Tales)]
a22b	54	
a23a	32	
a23b	30	[Alternate | FA Connecting Bridge (Snake Tales)]
a24a	69	[Alternate | Shell 1 Core - 1F (Snake Tales)]
a24b	77	[Alternate | Shell 1 Core - B1 (Snake Tales)]
a24c	64	[Alternate | Shell 1 Core - Hostage Room (Snake Tales)]
a24d	43	[Alternate | Shell 1 Core - B2 (Snake Tales)]
a24f	64	
a24g	43	
a25a	49	[Alternate | Shell Connecting Bridge (Snake Tales)]
a25d	58	[Alternate | KL Connecting Bridge (Snake Tales)]
a28a	60	[Alternate | Sewage Treatment (Snake Tales)]
a31a	60	[Alternate | Shell 2 Core (Snake Tales)]
a31b	64	[Alternate | Shell 2 Filtration Chamber No.1 (Snake Tales)]
a31c	29	[Alternate | Shell 2 Filtration Chamber No.2 (Snake Tales)]
a41a	51	[Alternate | GW - Stomach (Snake Tales)]
a41b	29	
a42a	51	[Alternate | GW - Jejunum (Snake Tales)]
a43a	58	[Alternate | GW - Ascending Colon (Snake Tales)]
a45a	57	[Alternate | GW - Sigmoid Colon (Snake Tales)]
a46a	75	[Alternate | GW - Rectum (Snake Tales)]
a61a	37	[Alternate | Federal Hall (Snake Tales)]
capture	1	
d001p01	29	[Plant | Plant Opening]
d001p02	4	[Plant | Sea Dock Cutscene]
d005p01	20	[Plant | Raiden On Elevator]
d005p03	29	[Plant | Strut A Roof Cutscene]
d00t	21	[Tanker | George Washington Bridge]
d010p01	33	[Plant | Meeting Vamp]
d012p01	25	[Plant | ADUD]
d014p01	39	[Plant | Stillman Cutscene]
d01t	37	[Tanker | Navigational Deck (Russian Invasion)]
d021p01	21	[Plant | Fatman and Ninja]
d036p03	22	[Plant | Hostage Cutscene]
d036p05	13	[Plant | Shell 1 Cutscene]
d045p01	17	[Plant | Cutscene d045p01]
d046p01	12	[Plant | Cutscene d046p01]
d04t	37	[Tanker | Identifying Choppers]
d053p01	21	[Plant | Cutscene d053p01]
d055p01	18	[Plant | Cutscene d055p01]
d05t	36	[Tanker | Olga Cutscene]
d063p01	22	[Plant | Cutscene d063p01]
d065p02	22	[Plant | Cutscene d065p02]
d070p01	12	[Plant | Cutscene d070p01]
d070p09	18	[Plant | Cutscene d070p09]
d070px9	13	[Plant | Cutscene d070px9]
d078p01	17	[Plant | Cutscene d078p01]
d080p01	25	[Plant | Cutscene d080p01]
d080p06	19	[Plant | Cutscene d080p06]
d080p07	41	[Plant | Cutscene d080p07]
d080p08	25	[Plant | Cutscene d080p08]
d082p01	22	[Plant | Cutscene d082p01]
d10t	19	[Tanker | Cutscene d10t]
d11t	19	[Tanker | Cutscene d11t]
d12t	14	[Tanker | Cutscene d12t]
d12t3	18	[Tanker | Cutscene d12t3]
d12t4	15	[Tanker | Cutscene d12t4]
d13t	23	[Tanker | Cutscene d13t (NG+ Rewards)]
d14t	31	[Tanker | Cutscene d14t]
ending	10	[Plant | Results Screen]
f00a	2	
f01a	2	
f01b	2	
f01c	2	
f01d	2	
f01e	5	
f01f	5	
init	4	
mselect	19	[Menu | VR Missions Menu]
museum	5	[Plant | Briefing]
n_title	54	[Menu | Title Screen]
node	10	
photo	3	
r_plt0	41	
r_plt1	35	
r_plt10	3	
r_plt11	2	
r_plt12	3	
r_plt13	4	
r_plt2	42	
r_plt3	41	
r_plt4	39	
r_plt5	39	
r_plt6	3	
r_plt7	3	
r_plt8	2	
r_plt9	4	
r_plt_s	41	
r_rai_b	29	
r_sna_b	18	
r_tnk0	24	
r_tnk_r	40	
r_vr_1	40	
r_vr_b	37	
r_vr_p	43	
r_vr_r	37	
r_vr_rp	37	
r_vr_s	40	
r_vr_sp	40	
r_vr_t	44	
r_vr_x	34	
sp01a	46	[VR: Variety | Level 1]
sp02a	47	[VR: Variety | Level 2]
sp03a	78	[VR: Variety | Level 3]
sp06a	38	[VR: Variety | Level 6]
sp07a	55	[VR: Variety | Level 7]
sp08a	56	[VR: Variety | Level 8]
sp21a	46	[VR: First-Person | Level 1]
sp22a	55	[VR: First-Person | Level 2]
sp24a	56	[VR: First-Person | Level 4]
sp25a	61	[VR: First-Person | Level 5]
sselect	9	
st01a	52	[VR: Streaking | Level 1]
st02a	52	[VR: Streaking | Level 2]
st03a	52	[VR: Streaking | Level 3]
st04a	52	[VR: Streaking | Level 4]
st05a	52	
ta00a	28	
ta01a	52	
ta01b	33	
ta01c	37	
ta01d	88	
ta01e	41	
ta01f	52	
ta02a	29	
ta12a	54	
ta20a	64	
ta22a	82	
ta24a	69	
ta31a	60	
ta42a	51	
tales	19	[Menu | Snake Tales Menu]
tsp03a	78	
tvs03a	52	
tvs05a	53	
tvs06a	53	
tvs08a	52	
twp03a	54	
twp34a	45	
twp43a	45	
vs01a	52	[VR: Sneaking | Level 1]
vs02a	52	[VR: Sneaking | Level 2]
vs03a	52	[VR: Sneaking | Level 3]
vs04a	52	[VR: Sneaking | Level 4]
vs05a	53	[VR: Sneaking | Level 5]
vs06a	53	[VR: Sneaking | Level 6]
vs07a	52	[VR: Sneaking | Level 7]
vs08a	52	[VR: Sneaking | Level 8]
vs09a	52	[VR: Sneaking | Level 9]
vs10a	56	[VR: Sneaking | Level 10]
w00a	48	[Tanker | Deck A - Port]
w00b	43	[Tanker | Deck A - Starboard (Olga)]
w00c	24	[Tanker | Navigational Deck]
w01a	26	[Tanker | Deck A Crew Quarters]
w01b	24	[Tanker | Deck A Crew Quarters Starboard]
w01c	55	[Tanker | Deck C Crew Quarters]
w01d	106	[Tanker | Deck D Crew Quarters]
w01e	31	[Tanker | Deck E Bridge]
w01f	43	[Tanker | Deck A Crew Lounge]
w02a	26	[Tanker | Engine Room]
w03a	46	[Tanker | Deck 2 Port]
w03b	46	[Tanker | Deck 2 Starboard]
w04a	18	[Tanker | Hold No.1]
w04b	22	[Tanker | Hold No.2]
w04c	16	[Tanker | Hold No.3]
w11a	15	[Plant | Strut A - Dock]
w11b	17	[Plant | Strut A - Dock (Bomb Disposal)]
w11c	30	[Plant | Strut A - Dock (Fortune)]
w12a	46	[Plant | Strut A Roof]
w12b	44	[Plant | Strut A Pump Room]
w12c	46	[Plant | Strut A Roof (Bomb)]
w13a	51	[Plant | AB Connecting Bridge]
w13b	51	[Plant | AB Connecting Bridge (Sensor B)]
w14a	46	[Plant | Transformer Room]
w15a	51	[Plant | BC Connecting Bridge]
w15b	49	[Plant | BC Connecting Bridge (After Stillman)]
w16a	47	[Plant | Dining Hall]
w16b	50	[Plant | Dining Hall (Post Stillman)]
w17a	55	[Plant | CD Connecting Bridge]
w18a	51	[Plant | Sediment Pool]
w19a	48	[Plant | DE Connecting Bridge]
w20a	54	[Plant | Parcel Room]
w20b	44	[Plant | Heliport]
w20c	46	[Plant | Heliport (Bomb)]
w20d	44	[Plant | Heliport (Post Ninja)]
w21a	56	[Plant | EF Connecting Bridge]
w21b	62	[Plant | EF Connecting Bridge 2]
w22a	72	[Plant | Warehouse]
w23a	54	[Plant | FA Connecting Bridge]
w23b	52	[Plant | FA Connecting Bridge (Post Shell 2)]
w24a	53	[Plant | Shell 1 Core - 1F]
w24b	67	[Plant | Shell 1 Core - B1]
w24c	56	[Plant | Shell 1 Core - Hostage Room]
w24d	58	[Plant | Shell 1 Core - B2]
w24e	25	
w25a	39	[Plant | Shell Connecting Bridge]
w25b	40	[Plant | Shell Connecting Bridge (Destroyed)]
w25c	12	[Plant | Strut L Perimeter]
w25d	50	[Plant | KL Connecting Bridge]
w28a	50	[Plant | Sewage Treatment]
w31a	53	[Plant | Shell 2 Core]
w31b	64	[Plant | Shell 2 Filtration Chamber No.1]
w31c	19	[Plant | Shell 2 Filtration Chamber No.2]
w31d	51	[Plant | Shell 2 Core (With Emma)]
w31f	18	
w32a	20	[Plant | Oil Fence]
w32b	23	[Plant | Oil Fence (Vamp Fight)]
w41a	41	[Plant | GW - Stomach]
w42a	41	[Plant | GW - Jejunum]
w43a	47	[Plant | GW - Ascending Colon]
w44a	44	[Plant | GW - Ileum]
w45a	46	[Plant | GW - Sigmoid Colon]
w46a	65	[Plant | GW - Rectum]
w51a	22	[Plant | Arsenal Gear]
w61a	27	[Plant | Federal Hall]
webdemo	7	[Plant | Web Demo]
wp01a	54	[VR: Weapons - SOCOM | Level 1]
wp02a	54	[VR: Weapons - SOCOM | Level 2]
wp03a	54	[VR: Weapons - SOCOM | Level 3]
wp04a	53	[VR: Weapons - SOCOM | Level 4]
wp05a	48	[VR: Weapons - SOCOM | Level 5]
wp11a	45	[VR: Weapons - M4 | Level 1]
wp12a	45	[VR: Weapons - M4 | Level 2]
wp13a	46	[VR: Weapons - M4 | Level 3]
wp14a	45	[VR: Weapons - M4 | Level 4]
wp15a	48	[VR: Weapons - M4 | Level 5]
wp21a	46	[VR: Weapons - C4/Claymore | Level 1]
wp22a	45	[VR: Weapons - C4/Claymore | Level 2]
wp23a	46	[VR: Weapons - C4/Claymore | Level 3]
wp24a	45	[VR: Weapons - C4/Claymore | Level 4]
wp25a	51	[VR: Weapons - C4/Claymore | Level 5]
wp31a	47	[VR: Weapons - Grenade | Level 1]
wp32a	47	[VR: Weapons - Grenade | Level 2]
wp33a	45	[VR: Weapons - Grenade | Level 3]
wp34a	45	[VR: Weapons - Grenade | Level 4]
wp35a	46	[VR: Weapons - Grenade | Level 5]
wp41a	47	[VR: Weapons - PSG1 | Level 1]
wp42a	47	[VR: Weapons - PSG1 | Level 2]
wp43a	45	[VR: Weapons - PSG1 | Level 3]
wp44a	45	[VR: Weapons - PSG1 | Level 4]
wp45a	45	[VR: Weapons - PSG1 | Level 5]
wp51a	45	[VR: Weapons - Stinger | Level 1]
wp52a	53	[VR: Weapons - Stinger | Level 2]
wp53a	47	[VR: Weapons - Stinger | Level 3]
wp54a	46	[VR: Weapons - Stinger | Level 4]
wp55a	45	[VR: Weapons - Stinger | Level 5]
wp61a	45	[VR: Weapons - Nikita | Level 1]
wp62a	45	[VR: Weapons - Nikita | Level 2]
wp63a	45	[VR: Weapons - Nikita | Level 3]
wp64a	45	[VR: Weapons - Nikita | Level 4]
wp65a	45	[VR: Weapons - Nikita | Level 5]
wp71a	45	[VR: Weapons - No Weapon / HF.Blade | Level 1]
wp72a	45	[VR: Weapons - No Weapon / HF.Blade | Level 2]
wp73a	51	[VR: Weapons - No Weapon / HF.Blade | Level 3]
wp74a	51	[VR: Weapons - No Weapon / HF.Blade | Level 4]
wp75a	47	[VR: Weapons - No Weapon / HF.Blade | Level 5]
